*------------------------------------------------------------*
Usuario:                Jose Caloca
Fecha:                07 de marzo de 2021
Hora:                14H13
*------------------------------------------------------------*
* Salida de entrenamiento
*------------------------------------------------------------*
 
 
 
 
Resumen de variables
 
          Nivel de     Número de
 Rol       medida     ocurrencias
 
INPUT     BINARY           1
INPUT     INTERVAL         2
INPUT     NOMINAL          4
TARGET    BINARY           1


*------------------------------------------------------------*
* Salida de puntuación
*------------------------------------------------------------*


*------------------------------------------------------------*
* Salida del informe
*------------------------------------------------------------*
 
 
 
Resumen de imputación
Número de observaciones
 
 Nombre                                                                                  Número de
  de la        Imputar       Variable       Variable             Nivel de                 ausentes
variable        método       imputada       imputada     Rol      medida     Etiqueta    para TRAIN
 
 DEBTINC     DISTRIBUTION    IMP_DEBTINC        .       INPUT    INTERVAL                       615
 DELINQ      DISTRIBUTION    IMP_DELINQ         .       INPUT    NOMINAL                        292
 DEROG       DISTRIBUTION    IMP_DEROG          .       INPUT    NOMINAL                        352
 JOB         DISTRIBUTION    IMP_JOB            .       INPUT    NOMINAL                        141
 NINQ        DISTRIBUTION    IMP_NINQ           .       INPUT    NOMINAL                        259
 REASON      DISTRIBUTION    IMP_REASON         .       INPUT    BINARY                         131
 VALUE       DISTRIBUTION    IMP_VALUE          .       INPUT    INTERVAL                        54
 
 
 
 
Datos de entrenamiento de distribución de la variable
 
       Número de                  Porcentaje
        ausentes     Número de        de
Obs    para TRAIN    variables     variables
 
 1            615        1          14.2857
 2            352        1          14.2857
 3            292        1          14.2857
 4            259        1          14.2857
 5            141        1          14.2857
 6            131        1          14.2857
 7             54        1          14.2857
