MPRINT(EM_DIAGRAM):    data _null_;
MPRINT(EM_DIAGRAM):   call symput('NLDATE', strip(put(date(), NLDATE.)));
MPRINT(EM_DIAGRAM):   call symput('NLTIME', strip(put(datetime(), NLTIME.)));
MPRINT(EM_DIAGRAM):   run;
MPRINT(EM_DIAGRAM):   data _null_;
MPRINT(EM_DIAGRAM):   nldate= sasmsg("sashelp.dmine", "log_date_note", 'N', "07 de marzo de 2021" );
MPRINT(EM_DIAGRAM):   nltime= sasmsg("sashelp.dmine", "log_time_note", 'N', "14H13" );
MPRINT(EM_DIAGRAM):   put "*------------------------------------------------------------*";
MPRINT(EM_DIAGRAM):   put "* Log de entrenamiento";
MPRINT(EM_DIAGRAM):   put nldate;
MPRINT(EM_DIAGRAM):   put nltime;
MPRINT(EM_DIAGRAM):   put "*------------------------------------------------------------*";
MPRINT(EM_DIAGRAM):   run;
*------------------------------------------------------------*
* Log de entrenamiento
Fecha:                07 de marzo de 2021
Hora:                14H13
*------------------------------------------------------------*
MPRINT(EM_DIAGRAM):    filename O2QKFKNC "C:\Jose\DM_ang\Workspaces\EMWS1\Impt\EMTRAIN.out" encoding="UTF-8" NOBOM;
MPRINT(EM_DIAGRAM):   proc printto print=O2QKFKNC new;
MPRINT(EM_DIAGRAM):   run;
MPRINT(EM_DIAGRAM):    filename _LOG "C:\Jose\DM_ang\Workspaces\EMWS1\Impt\EMLOG.log" encoding="UTF-8" NOBOM;
MPRINT(EM_DIAGRAM):    data _null_;
MPRINT(EM_DIAGRAM):   call symput('NLDATE', strip(put(date(), NLDATE.)));
MPRINT(EM_DIAGRAM):   call symput('NLTIME', strip(put(datetime(), NLTIME.)));
MPRINT(EM_DIAGRAM):   run;
MPRINT(EM_DIAGRAM):   data _null_;
MPRINT(EM_DIAGRAM):   nldate= sasmsg("sashelp.dmine", "log_date_note", 'N', "07 de marzo de 2021" );
MPRINT(EM_DIAGRAM):   nltime= sasmsg("sashelp.dmine", "log_time_note", 'N', "14H13" );
MPRINT(EM_DIAGRAM):   file _LOG;
MPRINT(EM_DIAGRAM):   put "*------------------------------------------------------------*";
MPRINT(EM_DIAGRAM):   put "Usuario:                Jose Caloca";
MPRINT(EM_DIAGRAM):   put nldate;
MPRINT(EM_DIAGRAM):   put nltime;
MPRINT(EM_DIAGRAM):   put "Sitio:                70115216";
MPRINT(EM_DIAGRAM):   put "Plataforma:            X64_10PRO";
MPRINT(EM_DIAGRAM):   put "Versión de mantenimiento: 9.04.01M6P111518";
MPRINT(EM_DIAGRAM):   put "Versión de EM:          15.1";
MPRINT(EM_DIAGRAM):   put "* ";
MPRINT(EM_DIAGRAM):   run;
MPRINT(EM_DIAGRAM):    filename _LOGIN "C:\Jose\DM_ang\Workspaces\EMWS1\Impt\EMTRAIN.log" encoding="UTF-8" NOBOM;
MPRINT(EM_COPYFILE):   data _null_;
MPRINT(EM_COPYFILE):   length line $20000;
MPRINT(EM_COPYFILE):   file _LOG MOD lrecl=20000;
MPRINT(EM_COPYFILE):   fid=fopen("_LOGIN",'i',20000,'v');
MPRINT(EM_COPYFILE):   if fid > 0 then do;
MPRINT(EM_COPYFILE):   do while(^fread(fid));
MPRINT(EM_COPYFILE):   rlen = frlen(fid);
MPRINT(EM_COPYFILE):   rc= fget(fid,line,20000);
MPRINT(EM_COPYFILE):   start = length(line)-length(left(line))+1;
MPRINT(EM_COPYFILE):   line=strip(line);
MPRINT(EM_COPYFILE):   put @start line;
MPRINT(EM_COPYFILE):   end;
MPRINT(EM_COPYFILE):   if fid > 0 then rc=fclose(fid);
MPRINT(EM_COPYFILE):   end;
MPRINT(EM_COPYFILE):   run;
MPRINT(EM_DIAGRAM):  ;
MPRINT(EM_DIAGRAM):   filename _LOGIN;
MPRINT(EM_DIAGRAM):    data _null_;
MPRINT(EM_DIAGRAM):   file _LOG mod;
MPRINT(EM_DIAGRAM):   put _page_;
MPRINT(EM_DIAGRAM):   run;
MPRINT(EM_DIAGRAM):   filename _LOGIN "C:\Jose\DM_ang\Workspaces\EMWS1\Impt\EMSCORE.log" encoding="UTF-8" NOBOM;
MPRINT(EM_DIAGRAM):  ;
MPRINT(EM_DIAGRAM):   data _null_;
MPRINT(EM_DIAGRAM):   file _LOG mod;
MPRINT(EM_DIAGRAM):   put _page_;
MPRINT(EM_DIAGRAM):   run;
MPRINT(EM_DIAGRAM):    filename _LOGIN "C:\Jose\DM_ang\Workspaces\EMWS1\Impt\EMREPORT.log" encoding="UTF-8" NOBOM;
MPRINT(EM_DIAGRAM):  ;
MPRINT(EM_DIAGRAM):   filename _LOGIN;
MPRINT(EM_DIAGRAM):    filename _LOG;
MPRINT(EM_DIAGRAM):    filename _OUT "C:\Jose\DM_ang\Workspaces\EMWS1\Impt\EMOUTPUT.out" encoding="UTF-8" NOBOM;
MPRINT(EM_DIAGRAM):    data _null_;
MPRINT(EM_DIAGRAM):   call symput('NLDATE', strip(put(date(), NLDATE.)));
MPRINT(EM_DIAGRAM):   call symput('NLTIME', strip(put(datetime(), NLTIME.)));
MPRINT(EM_DIAGRAM):   run;
MPRINT(EM_DIAGRAM):   data _null_;
MPRINT(EM_DIAGRAM):   nldate= sasmsg("sashelp.dmine", "log_date_note", 'N', "07 de marzo de 2021" );
MPRINT(EM_DIAGRAM):   nltime= sasmsg("sashelp.dmine", "log_time_note", 'N', "14H13" );
MPRINT(EM_DIAGRAM):   file _OUT;
MPRINT(EM_DIAGRAM):   put "*------------------------------------------------------------*";
MPRINT(EM_DIAGRAM):   put "Usuario:                Jose Caloca";
MPRINT(EM_DIAGRAM):   put nldate;
MPRINT(EM_DIAGRAM):   put nltime;
MPRINT(EM_DIAGRAM):   put "*------------------------------------------------------------*";
MPRINT(EM_DIAGRAM):   put "* Salida de entrenamiento";
MPRINT(EM_DIAGRAM):   put "*------------------------------------------------------------*";
MPRINT(EM_DIAGRAM):   run;
MPRINT(EM_DIAGRAM):    filename _OUTIN "C:\Jose\DM_ang\Workspaces\EMWS1\Impt\EMTRAIN.out" encoding="UTF-8" NOBOM;
MPRINT(EM_DIAGRAM):   ;
MPRINT(EM_COPYFILE):   data _null_;
MPRINT(EM_COPYFILE):   length line $20000;
MPRINT(EM_COPYFILE):   file _OUT MOD lrecl=20000;
MPRINT(EM_COPYFILE):   fid=fopen("_OUTIN",'i',20000,'v');
MPRINT(EM_COPYFILE):   if fid > 0 then do;
MPRINT(EM_COPYFILE):   do while(^fread(fid));
MPRINT(EM_COPYFILE):   rlen = frlen(fid);
MPRINT(EM_COPYFILE):   rc= fget(fid,line,20000);
MPRINT(EM_COPYFILE):   start = length(line)-length(left(line))+1;
MPRINT(EM_COPYFILE):   line=strip(line);
MPRINT(EM_COPYFILE):   put @start line;
MPRINT(EM_COPYFILE):   end;
MPRINT(EM_COPYFILE):   if fid > 0 then rc=fclose(fid);
MPRINT(EM_COPYFILE):   end;
MPRINT(EM_COPYFILE):   run;
MPRINT(EM_DIAGRAM):  ;
MPRINT(EM_DIAGRAM):   filename _OUTIN;
MPRINT(EM_DIAGRAM):    data _null_;
MPRINT(EM_DIAGRAM):   file _OUT mod;
MPRINT(EM_DIAGRAM):   put _page_;
MPRINT(EM_DIAGRAM):   put // "*------------------------------------------------------------*";
MPRINT(EM_DIAGRAM):   put "* Salida de puntuación";
MPRINT(EM_DIAGRAM):   put "*------------------------------------------------------------*";
MPRINT(EM_DIAGRAM):   run;
MPRINT(EM_DIAGRAM):    filename _OUTIN "C:\Jose\DM_ang\Workspaces\EMWS1\Impt\EMSCORE.out" encoding="UTF-8" NOBOM;
MPRINT(EM_DIAGRAM):  ;
MPRINT(EM_DIAGRAM):   filename _OUTIN;
MPRINT(EM_DIAGRAM):    data _null_;
MPRINT(EM_DIAGRAM):   file _OUT mod;
MPRINT(EM_DIAGRAM):   put _page_;
MPRINT(EM_DIAGRAM):   put // "*------------------------------------------------------------*";
MPRINT(EM_DIAGRAM):   put "* Salida del informe";
MPRINT(EM_DIAGRAM):   put "*------------------------------------------------------------*";
MPRINT(EM_DIAGRAM):   run;
MPRINT(EM_DIAGRAM):    filename _OUTIN "C:\Jose\DM_ang\Workspaces\EMWS1\Impt\EMREPORT.out" encoding="UTF-8" NOBOM;
MPRINT(EM_DIAGRAM):  ;
MPRINT(EM_DIAGRAM):   filename _OUTIN;
MPRINT(EM_DIAGRAM):    filename _OUT;
MPRINT(EM_DIAGRAM):    filename _emtool_ 'C:\Jose\DM_ang\Workspaces\EMWS1\Impt\EMRUNSTATUS.xml' encoding="UTF-8" NOBOM;
MPRINT(EM_DIAGRAM):    filename _emtool_ 'C:\Jose\DM_ang\Workspaces\EMWS1\Impt\EMRUNSTATUS.xml' encoding="UTF-8" NOBOM;
24245      proc freq data=EMWS1.Impt_VariableSet noprint;
MPRINT(EM_DIAGRAM):    proc freq data=EMWS1.Impt_VariableSet noprint;
24246      table ROLE*LEVEL/out=WORK.ImptMETA;
MPRINT(EM_DIAGRAM):   table ROLE*LEVEL/out=WORK.ImptMETA;
24247      run;
MPRINT(EM_DIAGRAM):   run;

NOTE: There were 8 observations read from the data set EMWS1.IMPT_VARIABLESET.
NOTE: The data set WORK.IMPTMETA has 4 observations and 4 variables.
NOTE: PROCEDURE FREQ used (Total process time):
      real time           0.05 seconds
      cpu time            0.00 seconds
      

24248      proc print data=WORK.ImptMETA label noobs;
MPRINT(EM_DIAGRAM):   proc print data=WORK.ImptMETA label noobs;
24249      var ROLE LEVEL COUNT;
MPRINT(EM_DIAGRAM):   var ROLE LEVEL COUNT;
24250      label ROLE = "%sysfunc(sasmsg(sashelp.dmine, meta_role_vlabel, NOQUOTE))" LEVEL = "%sysfunc(sasmsg(sashelp.dmine, meta_level_vlabel, NOQUOTE))" COUNT = "%sysfunc(sasmsg(sashelp.dmine, rpt_count_vlabel, NOQUOTE))";
MPRINT(EM_DIAGRAM):   label ROLE = "Rol" LEVEL = "Nivel de medida" COUNT = "Número de ocurrencias";
24251      title9 ' ';
MPRINT(EM_DIAGRAM):   title9 ' ';
24252      title10 "%sysfunc(sasmsg(sashelp.dmine, rpt_varSummary_title  , NOQUOTE))";
MPRINT(EM_DIAGRAM):   title10 "Resumen de variables";
MPRINT(EM_DIAGRAM):   run;
24253      run;

NOTE: There were 4 observations read from the data set WORK.IMPTMETA.
NOTE: The PROCEDURE PRINT printed page 1.
NOTE: PROCEDURE PRINT used (Total process time):
      real time           0.00 seconds
      cpu time            0.00 seconds
      

24254      title10;
MPRINT(EM_DIAGRAM):   title10;
MPRINT(EM_DIAGRAM):    *------------------------------------------------------------*;
MPRINT(EM_DIAGRAM):   * Impt: preparando metadatos para el entrenamiento;
MPRINT(EM_DIAGRAM):   ;
MPRINT(EM_DIAGRAM):   *------------------------------------------------------------*;
MPRINT(EM_DIAGRAM):   data WORK.M0Y0L9DH;
MPRINT(EM_DIAGRAM):   set WORK.M0Y0L9DH;
MPRINT(EM_DIAGRAM):   where(use = 'Y' or (ROLE ne 'REJECTED' and USE = 'D'));
MPRINT(EM_DIAGRAM):   if (role = 'REJECTED') then role = 'INPUT';
MPRINT(EM_DIAGRAM):   if role = 'INPUT' and METHOD='DEFAULT' then do;
MPRINT(EM_DIAGRAM):   if level ne 'INTERVAL' then METHOD = "DISTRIBUTION";
MPRINT(EM_DIAGRAM):   else METHOD = "DISTRIBUTION";
MPRINT(EM_DIAGRAM):   end;
MPRINT(EM_DIAGRAM):   else if role = 'TARGET' and METHOD='DEFAULT' then do;
MPRINT(EM_DIAGRAM):   if level ne 'INTERVAL' then METHOD = "NONE";
MPRINT(EM_DIAGRAM):   else METHOD = "NONE";
MPRINT(EM_DIAGRAM):   end;
MPRINT(EM_DIAGRAM):   run;
24272      data WORK.Impt_TREEINPUTS;
MPRINT(EM_DIAGRAM):    data WORK.Impt_TREEINPUTS;
24273      set WORK.M2ENWF1D;
MPRINT(EM_DIAGRAM):   set WORK.M2ENWF1D;
24274      if ROLE ne 'FREQ' then do;
MPRINT(EM_DIAGRAM):   if ROLE ne 'FREQ' then do;
24275      if ((ROLE in('TARGET','REJECTED') and useTree='D') or useTree='N') then delete;
MPRINT(EM_DIAGRAM):   if ((ROLE in('TARGET','REJECTED') and useTree='D') or useTree='N') then delete;
24276      ROLE = 'INPUT';
MPRINT(EM_DIAGRAM):   ROLE = 'INPUT';
24277      end;
MPRINT(EM_DIAGRAM):   end;
24278      run;
MPRINT(EM_DIAGRAM):   run;

NOTE: There were 8 observations read from the data set WORK.M2ENWF1D.
NOTE: The data set WORK.IMPT_TREEINPUTS has 7 observations and 23 variables.
NOTE: DATA statement used (Total process time):
      real time           0.00 seconds
      cpu time            0.00 seconds
      

24279      data WORK.M2ENWF1D;
MPRINT(EM_DIAGRAM):   data WORK.M2ENWF1D;
24280      set WORK.M2ENWF1D;
MPRINT(EM_DIAGRAM):   set WORK.M2ENWF1D;
24281      if METHOD in("TREE", "TREESURR") then role = 'TARGET';
MPRINT(EM_DIAGRAM):   if METHOD in("TREE", "TREESURR") then role = 'TARGET';
24282      else if (role = 'REJECTED') then role = 'INPUT';
MPRINT(EM_DIAGRAM):   else if (role = 'REJECTED') then role = 'INPUT';
24283      run;
MPRINT(EM_DIAGRAM):   run;

NOTE: There were 8 observations read from the data set WORK.M2ENWF1D.
NOTE: The data set WORK.M2ENWF1D has 8 observations and 23 variables.
NOTE: DATA statement used (Total process time):
      real time           0.01 seconds
      cpu time            0.00 seconds
      

24284      *------------------------------------------------------------* ;
MPRINT(EM_DIAGRAM):    *------------------------------------------------------------* ;
24285      * Impt: DMDBClass Macro ;
MPRINT(EM_DIAGRAM):   * Impt: DMDBClass Macro ;
24286      *------------------------------------------------------------* ;
MPRINT(EM_DIAGRAM):   *------------------------------------------------------------* ;
24287      %macro DMDBClass;
24288          BAD(DESC) DELINQ(ASC) DEROG(ASC) JOB(ASC) NINQ(ASC) REASON(ASC)
24289      %mend DMDBClass;
24290      *------------------------------------------------------------* ;
MPRINT(EM_DIAGRAM):   *------------------------------------------------------------* ;
24291      * Impt: DMDBVar Macro ;
MPRINT(EM_DIAGRAM):   * Impt: DMDBVar Macro ;
24292      *------------------------------------------------------------* ;
MPRINT(EM_DIAGRAM):   *------------------------------------------------------------* ;
24293      %macro DMDBVar;
24294          DEBTINC VALUE
24295      %mend DMDBVar;
24296      *------------------------------------------------------------*;
MPRINT(EM_DIAGRAM):   *------------------------------------------------------------*;
24297      * Impt: Create DMDB;
MPRINT(EM_DIAGRAM):   * Impt: Create DMDB;
24298      *------------------------------------------------------------*;
MPRINT(EM_DIAGRAM):   *------------------------------------------------------------*;
24299      proc dmdb batch data=EMWS1.VarClus_TRAIN
24300      dmdbcat=WORK.Impt_DMDB
24301      classout=WORK.Impt_DMDBCLASSOUT
24302      varout=WORK.IMPUTE_2A95KTP_DMDBVAROUT
24303      maxlevel = 513
24304      ;
MPRINT(EM_DIAGRAM):   proc dmdb batch data=EMWS1.VarClus_TRAIN dmdbcat=WORK.Impt_DMDB classout=WORK.Impt_DMDBCLASSOUT varout=WORK.IMPUTE_2A95KTP_DMDBVAROUT maxlevel = 513 ;
MPRINT(EM_DIAGRAM):   class
24305      class %DMDBClass;
MPRINT(DMDBCLASS):   BAD(DESC) DELINQ(ASC) DEROG(ASC) JOB(ASC) NINQ(ASC) REASON(ASC)
MPRINT(EM_DIAGRAM):  ;
MPRINT(EM_DIAGRAM):   var
24306      var %DMDBVar;
MPRINT(DMDBVAR):   DEBTINC VALUE
MPRINT(EM_DIAGRAM):  ;
24307      target
24308      BAD
24309      ;
MPRINT(EM_DIAGRAM):   target BAD ;
24310      run;
MPRINT(EM_DIAGRAM):   run;

NOTE: Records processed = 2979   Memory used = 511K.
NOTE: There were 2979 observations read from the data set EMWS1.PART_TRAIN.
NOTE: Missing values were generated as a result of performing an operation on missing values.
      Each place is given by: (Number of times) at (Line):(Column).
      159 at 75516:41   615 at 75517:28   105 at 75518:14   252 at 75518:43   338 at 75519:14   54 at 75519:41    
NOTE: View EMWS1.VARCLUS_TRAIN.VIEW used (Total process time):
      real time           0.04 seconds
      cpu time            0.04 seconds
      
NOTE: There were 2979 observations read from the data set EMWS1.VARSEL_TRAIN.
NOTE: There were 2979 observations read from the data set EMWS1.VARCLUS_TRAIN.
NOTE: The data set WORK.IMPT_DMDBCLASSOUT has 55 observations and 9 variables.
NOTE: The data set WORK.IMPUTE_2A95KTP_DMDBVAROUT has 2 observations and 9 variables.
NOTE: PROCEDURE DMDB used (Total process time):
      real time           0.07 seconds
      cpu time            0.07 seconds
      

MPRINT(EM_DIAGRAM):   quit;
MPRINT(EM_DIAGRAM):   *--- end code ---*;
24311      quit;
24312      *--- end code ---*;

24313      proc sort data=WORK.Impt_DMDBCLASSOUT;
MPRINT(EM_DIAGRAM):    proc sort data=WORK.Impt_DMDBCLASSOUT;
24314      by NAME;
MPRINT(EM_DIAGRAM):   by NAME;
24315      run;
MPRINT(EM_DIAGRAM):   run;

NOTE: There were 55 observations read from the data set WORK.IMPT_DMDBCLASSOUT.
NOTE: The data set WORK.IMPT_DMDBCLASSOUT has 55 observations and 9 variables.
NOTE: PROCEDURE SORT used (Total process time):
      real time           0.00 seconds
      cpu time            0.01 seconds
      

24316      data WORK.Impt_DMDBCLASSOUT;
MPRINT(EM_DIAGRAM):   data WORK.Impt_DMDBCLASSOUT;
24317      retain missFlag;
MPRINT(EM_DIAGRAM):   retain missFlag;
24318      set WORK.Impt_DMDBCLASSOUT;
MPRINT(EM_DIAGRAM):   set WORK.Impt_DMDBCLASSOUT;
24319      by NAME;
MPRINT(EM_DIAGRAM):   by NAME;
24320      output;
MPRINT(EM_DIAGRAM):   output;
24321      if first.name then missflag = 0;
MPRINT(EM_DIAGRAM):   if first.name then missflag = 0;
24322      if (TYPE='C' and CRAW='') or (TYPE='N' and NRAW=.) then missflag = 1;
MPRINT(EM_DIAGRAM):   if (TYPE='C' and CRAW='') or (TYPE='N' and NRAW=.) then missflag = 1;
24323      if last.name and ^missFlag then do;
MPRINT(EM_DIAGRAM):   if last.name and ^missFlag then do;
24324      if type = 'C' then do;
MPRINT(EM_DIAGRAM):   if type = 'C' then do;
24325      LEVEL= '';
MPRINT(EM_DIAGRAM):   LEVEL= '';
24326      CRAW = '';
MPRINT(EM_DIAGRAM):   CRAW = '';
24327      NRAW = .;
MPRINT(EM_DIAGRAM):   NRAW = .;
24328      end;
MPRINT(EM_DIAGRAM):   end;
24329      else do;
MPRINT(EM_DIAGRAM):   else do;
24330      LEVEL='.';
MPRINT(EM_DIAGRAM):   LEVEL='.';
24331      CRAW = '.';
MPRINT(EM_DIAGRAM):   CRAW = '.';
24332      NRAW= .;
MPRINT(EM_DIAGRAM):   NRAW= .;
24333      end;
MPRINT(EM_DIAGRAM):   end;
24334      FREQUENCY = 0;
MPRINT(EM_DIAGRAM):   FREQUENCY = 0;
24335      FREQPERCENT = 0;
MPRINT(EM_DIAGRAM):   FREQPERCENT = 0;
24336      NMISSPERCENT = 0;
MPRINT(EM_DIAGRAM):   NMISSPERCENT = 0;
24337      output;
MPRINT(EM_DIAGRAM):   output;
24338      end;
MPRINT(EM_DIAGRAM):   end;
24339      run;
MPRINT(EM_DIAGRAM):   run;

NOTE: There were 55 observations read from the data set WORK.IMPT_DMDBCLASSOUT.
NOTE: The data set WORK.IMPT_DMDBCLASSOUT has 56 observations and 10 variables.
NOTE: DATA statement used (Total process time):
      real time           0.00 seconds
      cpu time            0.00 seconds
      

24340      data WORK.Impt_MISS(KEEP=NAME NMISS PERCENTMISS);
MPRINT(EM_DIAGRAM):    data WORK.Impt_MISS(KEEP=NAME NMISS PERCENTMISS);
24341      length NAME $32;
MPRINT(EM_DIAGRAM):   length NAME $32;
24342      set
24343      WORK.Impt_DMDBCLASSOUT(rename=(freqpercent=PERCENTMISS frequency=NMISS) where=((TYPE='C' and CRAW='') or (TYPE='N' and NRAW=.)))
24344      WORK.IMPUTE_2A95KTP_DMDBVAROUT
24345      ;
MPRINT(EM_DIAGRAM):   set WORK.Impt_DMDBCLASSOUT(rename=(freqpercent=PERCENTMISS frequency=NMISS) where=((TYPE='C' and CRAW='') or (TYPE='N' and NRAW=.))) WORK.IMPUTE_2A95KTP_DMDBVAROUT ;
24346      if (NMISS ne . and N ne .) then PERCENTMISS = (NMISS/(NMISS+N))*100;
MPRINT(EM_DIAGRAM):   if (NMISS ne . and N ne .) then PERCENTMISS = (NMISS/(NMISS+N))*100;
24347      run;
MPRINT(EM_DIAGRAM):   run;

NOTE: There were 6 observations read from the data set WORK.IMPT_DMDBCLASSOUT.
      WHERE ((TYPE='C') and (CRAW=' ')) or ((TYPE='N') and (NRAW=.));
NOTE: There were 2 observations read from the data set WORK.IMPUTE_2A95KTP_DMDBVAROUT.
NOTE: The data set WORK.IMPT_MISS has 8 observations and 3 variables.
NOTE: DATA statement used (Total process time):
      real time           0.00 seconds
      cpu time            0.00 seconds
      

24348      proc sort data=WORK.M0Y0L9DH NOTHREADS;
MPRINT(EM_DIAGRAM):   proc sort data=WORK.M0Y0L9DH NOTHREADS;
24349      by NAME;
MPRINT(EM_DIAGRAM):   by NAME;
24350      run;
MPRINT(EM_DIAGRAM):   run;

NOTE: There were 8 observations read from the data set WORK.M0Y0L9DH.
NOTE: The data set WORK.M0Y0L9DH has 8 observations and 23 variables.
NOTE: PROCEDURE SORT used (Total process time):
      real time           0.00 seconds
      cpu time            0.01 seconds
      

24351      proc sort data=WORK.Impt_MISS NOTHREADS;
MPRINT(EM_DIAGRAM):   proc sort data=WORK.Impt_MISS NOTHREADS;
24352      by NAME;
MPRINT(EM_DIAGRAM):   by NAME;
24353      run;
MPRINT(EM_DIAGRAM):   run;

NOTE: There were 8 observations read from the data set WORK.IMPT_MISS.
NOTE: The data set WORK.IMPT_MISS has 8 observations and 3 variables.
NOTE: PROCEDURE SORT used (Total process time):
      real time           0.00 seconds
      cpu time            0.00 seconds
      

24354      data WORK.M0Y0L9DH;
MPRINT(EM_DIAGRAM):   data WORK.M0Y0L9DH;
24355      merge WORK.M0Y0L9DH WORK.Impt_MISS(in=_b);
MPRINT(EM_DIAGRAM):   merge WORK.M0Y0L9DH WORK.Impt_MISS(in=_b);
24356      by NAME;
MPRINT(EM_DIAGRAM):   by NAME;
24357      if _b then output;
MPRINT(EM_DIAGRAM):   if _b then output;
24358      run;
MPRINT(EM_DIAGRAM):   run;

NOTE: There were 8 observations read from the data set WORK.M0Y0L9DH.
NOTE: There were 8 observations read from the data set WORK.IMPT_MISS.
NOTE: The data set WORK.M0Y0L9DH has 8 observations and 25 variables.
NOTE: DATA statement used (Total process time):
      real time           0.00 seconds
      cpu time            0.00 seconds
      

24359      data WORK.M0Y0L9DH;
MPRINT(EM_DIAGRAM):   data WORK.M0Y0L9DH;
24360      set WORK.M0Y0L9DH;
MPRINT(EM_DIAGRAM):   set WORK.M0Y0L9DH;
24361      if 0<PERCENTMISS<50 and method ne 'NONE' then IMPUTE = 1;
MPRINT(EM_DIAGRAM):   if 0<PERCENTMISS<50 and method ne 'NONE' then IMPUTE = 1;
24362      else IMPUTE = 0;
MPRINT(EM_DIAGRAM):   else IMPUTE = 0;
24363      run;
MPRINT(EM_DIAGRAM):   run;

NOTE: There were 8 observations read from the data set WORK.M0Y0L9DH.
NOTE: The data set WORK.M0Y0L9DH has 8 observations and 26 variables.
NOTE: DATA statement used (Total process time):
      real time           0.00 seconds
      cpu time            0.01 seconds
      

24364      proc dmdb data=WORK.M0Y0L9DH outtable=WORK.NEWNAMES nameserver;
MPRINT(EM_DIAGRAM):    proc dmdb data=WORK.M0Y0L9DH outtable=WORK.NEWNAMES nameserver;
24365      names NAME;
MPRINT(EM_DIAGRAM):   names NAME;
24366      prefix M_ IMP_;
MPRINT(EM_DIAGRAM):   prefix M_ IMP_;
24367      where IMPUTE=1;
MPRINT(EM_DIAGRAM):   where IMPUTE=1;
24368      run;
MPRINT(EM_DIAGRAM):   run;

NOTE: There were 7 observations read from the data set WORK.M0Y0L9DH.
      WHERE IMPUTE=1;
NOTE: The data set WORK.NEWNAMES has 7 observations and 3 variables.
NOTE: PROCEDURE DMDB used (Total process time):
      real time           0.00 seconds
      cpu time            0.00 seconds
      

24369      data WORK.M0Y0L9DH;
MPRINT(EM_DIAGRAM):   data WORK.M0Y0L9DH;
24370      merge WORK.M0Y0L9DH WORK.NEWNAMES;
MPRINT(EM_DIAGRAM):   merge WORK.M0Y0L9DH WORK.NEWNAMES;
24371      by NAME;
MPRINT(EM_DIAGRAM):   by NAME;
24372      run;
MPRINT(EM_DIAGRAM):   run;

NOTE: There were 8 observations read from the data set WORK.M0Y0L9DH.
NOTE: There were 7 observations read from the data set WORK.NEWNAMES.
NOTE: The data set WORK.M0Y0L9DH has 8 observations and 28 variables.
NOTE: DATA statement used (Total process time):
      real time           0.00 seconds
      cpu time            0.00 seconds
      

24373      proc dmdb data=WORK.M0Y0L9DH outtable=WORK.NEWNAMES nameserver;
MPRINT(EM_DIAGRAM):   proc dmdb data=WORK.M0Y0L9DH outtable=WORK.NEWNAMES nameserver;
24374      names NAME;
MPRINT(EM_DIAGRAM):   names NAME;
24375      prefix M_;
MPRINT(EM_DIAGRAM):   prefix M_;
24376      where IMPUTE=0;
MPRINT(EM_DIAGRAM):   where IMPUTE=0;
24377      run;
MPRINT(EM_DIAGRAM):   run;

NOTE: There were 1 observations read from the data set WORK.M0Y0L9DH.
      WHERE IMPUTE=0;
NOTE: The data set WORK.NEWNAMES has 1 observations and 2 variables.
NOTE: PROCEDURE DMDB used (Total process time):
      real time           0.01 seconds
      cpu time            0.01 seconds
      

24378      data WORK.M0Y0L9DH;
MPRINT(EM_DIAGRAM):   data WORK.M0Y0L9DH;
24379      merge WORK.M0Y0L9DH WORK.NEWNAMES;
MPRINT(EM_DIAGRAM):   merge WORK.M0Y0L9DH WORK.NEWNAMES;
24380      by NAME;
MPRINT(EM_DIAGRAM):   by NAME;
24381      run;
MPRINT(EM_DIAGRAM):   run;

NOTE: There were 8 observations read from the data set WORK.M0Y0L9DH.
NOTE: There were 1 observations read from the data set WORK.NEWNAMES.
NOTE: The data set WORK.M0Y0L9DH has 8 observations and 28 variables.
NOTE: DATA statement used (Total process time):
      real time           0.01 seconds
      cpu time            0.00 seconds
      

24382      data WORK.Impt;
MPRINT(EM_DIAGRAM):    data WORK.Impt;
24383      run;
MPRINT(EM_DIAGRAM):   run;

NOTE: The data set WORK.IMPT has 1 observations and 0 variables.
NOTE: DATA statement used (Total process time):
      real time           0.00 seconds
      cpu time            0.00 seconds
      

24384      *------------------------------------------------------------* ;
MPRINT(EM_DIAGRAM):    *------------------------------------------------------------* ;
24385      * Impt: IMPUTE INTERVAL Macro ;
MPRINT(EM_DIAGRAM):   * Impt: IMPUTE INTERVAL Macro ;
24386      *------------------------------------------------------------* ;
MPRINT(EM_DIAGRAM):   *------------------------------------------------------------* ;
24387      %macro IMPTINT;
24388          DEBTINC VALUE
24389      %mend IMPTINT;

24390      *------------------------------------------------------------* ;
MPRINT(EM_DIAGRAM):    *------------------------------------------------------------* ;
24391      * Impt: IMPUTE MEDIAN Macro ;
MPRINT(EM_DIAGRAM):   * Impt: IMPUTE MEDIAN Macro ;
24392      *------------------------------------------------------------* ;
MPRINT(EM_DIAGRAM):   *------------------------------------------------------------* ;
24393      %macro IMPTMEDIAN;
24394      
24395      %mend IMPTMEDIAN;

24396      data EM_STDIZE / view=EM_STDIZE;
MPRINT(EM_DIAGRAM):    data EM_STDIZE / view=EM_STDIZE;
24397      set
24397    ! EMWS1.VarClus_TRAIN(keep= %IMPTInt
MPRINT(EM_DIAGRAM):   set EMWS1.VarClus_TRAIN(keep
24398      );
MPRINT(EM_DIAGRAM):  = DEBTINC VALUE );
24399      run;
MPRINT(EM_DIAGRAM):   run;

NOTE: DATA STEP view saved on file WORK.EM_STDIZE.
NOTE: A stored DATA STEP view cannot run under a different operating system.
NOTE: View EMWS1.VARCLUS_TRAIN.VIEW used (Total process time):
      real time           0.04 seconds
      cpu time            0.03 seconds
      
NOTE: DATA statement used (Total process time):
      real time           0.05 seconds
      cpu time            0.03 seconds
      

24400      proc stdize data=EM_STDIZE
24401      pctlpts=(0 1 10 20 25 30 40 50 75 60 80 90 99 100) outstat=WORK._STDIZEDS out=_NULL_;
MPRINT(EM_DIAGRAM):   proc stdize data=EM_STDIZE pctlpts=(0 1 10 20 25 30 40 50 75 60 80 90 99 100) outstat=WORK._STDIZEDS out=_NULL_;
MPRINT(EM_DIAGRAM):   var
24402      var %IMPTInt;
MPRINT(IMPTINT):   DEBTINC VALUE
MPRINT(EM_DIAGRAM):  ;
24403      run;
MPRINT(EM_DIAGRAM):   run;

NOTE: There were 2979 observations read from the data set EMWS1.PART_TRAIN.
NOTE: Missing values were generated as a result of performing an operation on missing values.
      Each place is given by: (Number of times) at (Line):(Column).
      159 at 75516:41   615 at 75517:28   105 at 75518:14   252 at 75518:43   338 at 75519:14   54 at 75519:41    
NOTE: There were 2979 observations read from the data set EMWS1.VARSEL_TRAIN.
NOTE: View WORK.EM_STDIZE.VIEW used (Total process time):
      real time           0.10 seconds
      cpu time            0.11 seconds
      
NOTE: There were 2979 observations read from the data set EMWS1.VARCLUS_TRAIN.
NOTE: There were 2979 observations read from the data set WORK.EM_STDIZE.
NOTE: The data set WORK._STDIZEDS has 22 observations and 3 variables.
NOTE: PROCEDURE STDIZE used (Total process time):
      real time           0.11 seconds
      cpu time            0.11 seconds
      

24404      data WORK._STDIZEDS;
MPRINT(EM_DIAGRAM):    data WORK._STDIZEDS;
24405      set WORK._STDIZEDS;
MPRINT(EM_DIAGRAM):   set WORK._STDIZEDS;
24406      where _TYPE_ =: 'P';
MPRINT(EM_DIAGRAM):   where _TYPE_ =: 'P';
24407      run;
MPRINT(EM_DIAGRAM):   run;

NOTE: There were 14 observations read from the data set WORK._STDIZEDS.
      WHERE _TYPE_=:'P';
NOTE: The data set WORK._STDIZEDS has 14 observations and 3 variables.
NOTE: DATA statement used (Total process time):
      real time           0.00 seconds
      cpu time            0.00 seconds
      

NOTE: View EMWS1.VARCLUS_TRAIN.VIEW used (Total process time):
      real time           0.03 seconds
      cpu time            0.03 seconds
      
24408      data EMWS1.Impt_META;
MPRINT(EM_DIAGRAM):    data EMWS1.Impt_META;
24409      set WORK.M0Y0L9DH;
MPRINT(EM_DIAGRAM):   set WORK.M0Y0L9DH;
24410      VALUE = .;
MPRINT(EM_DIAGRAM):   VALUE = .;
24411      run;
MPRINT(EM_DIAGRAM):   run;

NOTE: There were 8 observations read from the data set WORK.M0Y0L9DH.
NOTE: The data set EMWS1.IMPT_META has 8 observations and 29 variables.
NOTE: DATA statement used (Total process time):
      real time           0.00 seconds
      cpu time            0.00 seconds
      

24412      proc print data=EMWS1.Impt_META(obs=500) label noobs;
MPRINT(EM_DIAGRAM):    proc print data=EMWS1.Impt_META(obs=500) label noobs;
24413      label NAME = "%sysfunc(sasmsg(sashelp.dmine, meta_name_vlabel,          NOQUOTE))" LABEL = "%sysfunc(sasmsg(sashelp.dmine, meta_label_vlabel,         NOQUOTE))" PERCENTMISS = "%sysfunc(sasmsg(sashelp.dmine, rpt_percentmissing_vlabel, NOQUOTE))";
MPRINT(EM_DIAGRAM):   label NAME = "Nombre de la variable" LABEL = "Etiqueta" PERCENTMISS = "Porcentaje de ausentes";
24414      var NAME LABEL PERCENTMISS;
MPRINT(EM_DIAGRAM):   var NAME LABEL PERCENTMISS;
24415      where IMP eq '' and PERCENTMISS>50;
MPRINT(EM_DIAGRAM):   where IMP eq '' and PERCENTMISS>50;
24416      title9 "%sysfunc(sasmsg(sashelp.dmine, rpt_rejectedsummary_title, NOQUOTE))";
MPRINT(EM_DIAGRAM):   title9 "Resumen de variables rechazadas";
24417      title10 "%sysfunc(sasmsg(sashelp.dmine, rpt_numberobs_title,         NOQUOTE))";
MPRINT(EM_DIAGRAM):   title10 "Número de observaciones";
MPRINT(EM_DIAGRAM):   run;
24418      run;

NOTE: No observations were selected from data set EMWS1.IMPT_META.
NOTE: There were 0 observations read from the data set EMWS1.IMPT_META.
      WHERE (IMP=' ') and (PERCENTMISS>50);
NOTE: PROCEDURE PRINT used (Total process time):
      real time           0.00 seconds
      cpu time            0.00 seconds
      

MPRINT(EM_DIAGRAM):    proc printto;
MPRINT(EM_DIAGRAM):   run;
