 
                                                                                                                                                                                                                                                                
 
 
Variable Summary

            Measurement    Frequency
Role           Level         Count

INPUT        ORDINAL           3    
REJECTED     BINARY            1    
REJECTED     INTERVAL          3    
REJECTED     NOMINAL           4    
TARGET       BINARY            1    
 
                                                                                                                                                                                                                                                                
 
 
Model Events

                                  Number
                   Measurement      of
Target    Event       Level       Levels      Order       Label

 BAD        1        BINARY          2      Descending         
 
                                                                                                                                                                                                                                                                
 
 
Decision Matrix

         Training
BAD    Proportions    1    0

 1       0.19950      0    5
 0       0.80050      1    0
 
                                                                                                                                                                                                                                                                
 
 
Predicted and decision variables

Type             Variable    Label

TARGET            BAD                          
PREDICTED         P_BAD1     Predicted: BAD=1  
RESIDUAL          R_BAD1     Residual: BAD=1   
PREDICTED         P_BAD0     Predicted: BAD=0  
RESIDUAL          R_BAD0     Residual: BAD=0   
FROM              F_BAD      From: BAD         
INTO              I_BAD      Into: BAD         
MODELDECISION     D_BAD      Decision: BAD     
EXPECTEDLOSS      EL_BAD     Expected Loss: BAD
COMPUTEDLOSS      CL_BAD     Computed Loss: BAD
BESTLOSS          BL_BAD     Best Loss: BAD    
 
                                                                                                                                                                                                                                                                
 
 

The DMREG Procedure

                Model Information

Training Data Set              WORK.EM_DMREG.VIEW
DMDB Catalog                   WORK.REG2_DMDB    
Target Variable                BAD               
Target Measurement Level       Ordinal           
Number of Target Categories    2                 
Error                          MBernoulli        
Link Function                  Logit             
Number of Model Parameters     9                 
Number of Observations         2979              


           Target Profile
 
 Ordered                      Total
   Value          BAD     Frequency

       1            1           594
       2            0          2385
 
                                                                                                                                                                                                                                                                
 
 

The DMREG Procedure

Newton-Raphson Ridge Optimization

Without Parameter Scaling

Parameter Estimates               9

                                             Optimization Start

Active Constraints                                  0  Objective Function                       1488.2000885
Max Abs Gradient Element                 245.71903323                                                       


                                                                                                        Ratio
                                                                                                      Between
                                                                                                       Actual
                                                                 Objective     Max Abs                    and
                     Function         Active        Objective     Function    Gradient              Predicted
Iter     Restarts       Calls    Constraints         Function       Change     Element     Ridge       Change

   1            0           2              0             1277        211.7     89.1503         0        0.797
   2            0           3              0             1261      15.8233      4.9841         0        0.949
   3            0           4              0             1261       0.1412      0.0397         0        1.006
   4            0           5              0             1261     0.000014    4.894E-6         0        1.000

                                            Optimization Results

Iterations                                          4  Function Calls                                      7
Hessian Calls                                       5  Active Constraints                                  0
Objective Function                       1260.5732591  Max Abs Gradient Element                 4.8938024E-6
Ridge                                               0  Actual Over Pred Change                  1.0000771824

Convergence criterion (GCONV=1E-6) satisfied.                                                     


     Likelihood Ratio Test for Global Null Hypothesis: BETA=0
 
     -2 Log Likelihood          Likelihood
  Intercept     Intercept &          Ratio
       Only      Covariates     Chi-Square       DF     Pr > ChiSq

   2976.400        2521.147       455.2537        8         <.0001


            Type 3 Analysis of Effects
 
                                Wald
Effect              DF    Chi-Square    Pr > ChiSq

GRP_IMP_DELINQ       2      210.6224        <.0001
GRP_IMP_DEROG        2       92.8499        <.0001
GRP_IMP_NINQ         4       70.1953        <.0001


                       Analysis of Maximum Likelihood Estimates
 
                                      Standard          Wald
Parameter           DF    Estimate       Error    Chi-Square    Pr > ChiSq    Exp(Est)

Intercept            1      0.1119      0.0973          1.32        0.2502       1.118
GRP_IMP_DELINQ 2     1     -0.9707      0.0740        172.15        <.0001       0.379
GRP_IMP_DELINQ 3     1     -0.0974      0.0997          0.96        0.3284       0.907
GRP_IMP_DEROG  2     1     -0.8662      0.0907         91.21        <.0001       0.421
GRP_IMP_DEROG  3     1      0.0617      0.1230          0.25        0.6158       1.064
GRP_IMP_NINQ   2     1     -0.4875      0.0849         32.96        <.0001       0.614
GRP_IMP_NINQ   3     1     -0.4047      0.1041         15.12        0.0001       0.667
GRP_IMP_NINQ   4     1      0.0844      0.1181          0.51        0.4747       1.088
GRP_IMP_NINQ   5     1     -0.0984      0.1532          0.41        0.5206       0.906


      Odds Ratio Estimates
                
                            Point
Effect                   Estimate

GRP_IMP_DELINQ 2 vs 4       0.130
GRP_IMP_DELINQ 3 vs 4       0.312
GRP_IMP_DEROG  2 vs 4       0.188
GRP_IMP_DEROG  3 vs 4       0.476
GRP_IMP_NINQ   2 vs 6       0.248
GRP_IMP_NINQ   3 vs 6       0.270
GRP_IMP_NINQ   4 vs 6       0.440
GRP_IMP_NINQ   5 vs 6       0.366
