MPRINT(EM_DIAGRAM):    data _null_;
MPRINT(EM_DIAGRAM):   call symput('NLDATE', strip(put(date(), NLDATE.)));
MPRINT(EM_DIAGRAM):   call symput('NLTIME', strip(put(datetime(), NLTIME.)));
MPRINT(EM_DIAGRAM):   run;
MPRINT(EM_DIAGRAM):   data _null_;
MPRINT(EM_DIAGRAM):   nldate= sasmsg("sashelp.dmine", "log_date_note", 'N', "16 March 2021" );
MPRINT(EM_DIAGRAM):   nltime= sasmsg("sashelp.dmine", "log_time_note", 'N', "00:06:09" );
MPRINT(EM_DIAGRAM):   put "*------------------------------------------------------------*";
MPRINT(EM_DIAGRAM):   put "* Training Log";
MPRINT(EM_DIAGRAM):   put nldate;
MPRINT(EM_DIAGRAM):   put nltime;
MPRINT(EM_DIAGRAM):   put "*------------------------------------------------------------*";
MPRINT(EM_DIAGRAM):   run;
*------------------------------------------------------------*
* Training Log
Date:                16 March 2021
Time:                00:06:09
*------------------------------------------------------------*
MPRINT(EM_DIAGRAM):    filename O2FGWMM8 "C:\Jose\DM_ang\Workspaces\EMWS4\Reg2\EMTRAIN.out" encoding="UTF-8" NOBOM;
MPRINT(EM_DIAGRAM):   proc printto print=O2FGWMM8 new;
MPRINT(EM_DIAGRAM):   run;
MPRINT(EM_DIAGRAM):    filename _LOG "C:\Jose\DM_ang\Workspaces\EMWS4\Reg2\EMLOG.log" encoding="UTF-8" NOBOM;
MPRINT(EM_DIAGRAM):    data _null_;
MPRINT(EM_DIAGRAM):   call symput('NLDATE', strip(put(date(), NLDATE.)));
MPRINT(EM_DIAGRAM):   call symput('NLTIME', strip(put(datetime(), NLTIME.)));
MPRINT(EM_DIAGRAM):   run;
MPRINT(EM_DIAGRAM):   data _null_;
MPRINT(EM_DIAGRAM):   nldate= sasmsg("sashelp.dmine", "log_date_note", 'N', "16 March 2021" );
MPRINT(EM_DIAGRAM):   nltime= sasmsg("sashelp.dmine", "log_time_note", 'N', "00:06:09" );
MPRINT(EM_DIAGRAM):   file _LOG;
MPRINT(EM_DIAGRAM):   put "*------------------------------------------------------------*";
MPRINT(EM_DIAGRAM):   put "User:                Jose Caloca";
MPRINT(EM_DIAGRAM):   put nldate;
MPRINT(EM_DIAGRAM):   put nltime;
MPRINT(EM_DIAGRAM):   put "Site:                70115216";
MPRINT(EM_DIAGRAM):   put "Platform:            X64_10PRO";
MPRINT(EM_DIAGRAM):   put "Maintenance Release: 9.04.01M6P111518";
MPRINT(EM_DIAGRAM):   put "EM Version:          15.1";
MPRINT(EM_DIAGRAM):   put "* ";
MPRINT(EM_DIAGRAM):   run;
MPRINT(EM_DIAGRAM):    filename _LOGIN "C:\Jose\DM_ang\Workspaces\EMWS4\Reg2\EMTRAIN.log" encoding="UTF-8" NOBOM;
MPRINT(EM_COPYFILE):   data _null_;
MPRINT(EM_COPYFILE):   length line $20000;
MPRINT(EM_COPYFILE):   file _LOG MOD lrecl=20000;
MPRINT(EM_COPYFILE):   fid=fopen("_LOGIN",'i',20000,'v');
MPRINT(EM_COPYFILE):   if fid > 0 then do;
MPRINT(EM_COPYFILE):   do while(^fread(fid));
MPRINT(EM_COPYFILE):   rlen = frlen(fid);
MPRINT(EM_COPYFILE):   rc= fget(fid,line,20000);
MPRINT(EM_COPYFILE):   start = length(line)-length(left(line))+1;
MPRINT(EM_COPYFILE):   line=strip(line);
MPRINT(EM_COPYFILE):   put @start line;
MPRINT(EM_COPYFILE):   end;
MPRINT(EM_COPYFILE):   if fid > 0 then rc=fclose(fid);
MPRINT(EM_COPYFILE):   end;
MPRINT(EM_COPYFILE):   run;
MPRINT(EM_DIAGRAM):  ;
MPRINT(EM_DIAGRAM):   filename _LOGIN;
MPRINT(EM_DIAGRAM):    data _null_;
MPRINT(EM_DIAGRAM):   file _LOG mod;
MPRINT(EM_DIAGRAM):   put _page_;
MPRINT(EM_DIAGRAM):   run;
MPRINT(EM_DIAGRAM):   filename _LOGIN "C:\Jose\DM_ang\Workspaces\EMWS4\Reg2\EMSCORE.log" encoding="UTF-8" NOBOM;
MPRINT(EM_DIAGRAM):  ;
MPRINT(EM_DIAGRAM):   data _null_;
MPRINT(EM_DIAGRAM):   file _LOG mod;
MPRINT(EM_DIAGRAM):   put _page_;
MPRINT(EM_DIAGRAM):   run;
MPRINT(EM_DIAGRAM):    filename _LOGIN "C:\Jose\DM_ang\Workspaces\EMWS4\Reg2\EMREPORT.log" encoding="UTF-8" NOBOM;
MPRINT(EM_DIAGRAM):  ;
MPRINT(EM_DIAGRAM):   filename _LOGIN;
MPRINT(EM_DIAGRAM):    filename _LOG;
MPRINT(EM_DIAGRAM):    filename _OUT "C:\Jose\DM_ang\Workspaces\EMWS4\Reg2\EMOUTPUT.out" encoding="UTF-8" NOBOM;
MPRINT(EM_DIAGRAM):    data _null_;
MPRINT(EM_DIAGRAM):   call symput('NLDATE', strip(put(date(), NLDATE.)));
MPRINT(EM_DIAGRAM):   call symput('NLTIME', strip(put(datetime(), NLTIME.)));
MPRINT(EM_DIAGRAM):   run;
MPRINT(EM_DIAGRAM):   data _null_;
MPRINT(EM_DIAGRAM):   nldate= sasmsg("sashelp.dmine", "log_date_note", 'N', "16 March 2021" );
MPRINT(EM_DIAGRAM):   nltime= sasmsg("sashelp.dmine", "log_time_note", 'N', "00:06:09" );
MPRINT(EM_DIAGRAM):   file _OUT;
MPRINT(EM_DIAGRAM):   put "*------------------------------------------------------------*";
MPRINT(EM_DIAGRAM):   put "User:                Jose Caloca";
MPRINT(EM_DIAGRAM):   put nldate;
MPRINT(EM_DIAGRAM):   put nltime;
MPRINT(EM_DIAGRAM):   put "*------------------------------------------------------------*";
MPRINT(EM_DIAGRAM):   put "* Training Output";
MPRINT(EM_DIAGRAM):   put "*------------------------------------------------------------*";
MPRINT(EM_DIAGRAM):   run;
MPRINT(EM_DIAGRAM):    filename _OUTIN "C:\Jose\DM_ang\Workspaces\EMWS4\Reg2\EMTRAIN.out" encoding="UTF-8" NOBOM;
MPRINT(EM_DIAGRAM):   ;
MPRINT(EM_COPYFILE):   data _null_;
MPRINT(EM_COPYFILE):   length line $20000;
MPRINT(EM_COPYFILE):   file _OUT MOD lrecl=20000;
MPRINT(EM_COPYFILE):   fid=fopen("_OUTIN",'i',20000,'v');
MPRINT(EM_COPYFILE):   if fid > 0 then do;
MPRINT(EM_COPYFILE):   do while(^fread(fid));
MPRINT(EM_COPYFILE):   rlen = frlen(fid);
MPRINT(EM_COPYFILE):   rc= fget(fid,line,20000);
MPRINT(EM_COPYFILE):   start = length(line)-length(left(line))+1;
MPRINT(EM_COPYFILE):   line=strip(line);
MPRINT(EM_COPYFILE):   put @start line;
MPRINT(EM_COPYFILE):   end;
MPRINT(EM_COPYFILE):   if fid > 0 then rc=fclose(fid);
MPRINT(EM_COPYFILE):   end;
MPRINT(EM_COPYFILE):   run;
MPRINT(EM_DIAGRAM):  ;
MPRINT(EM_DIAGRAM):   filename _OUTIN;
MPRINT(EM_DIAGRAM):    data _null_;
MPRINT(EM_DIAGRAM):   file _OUT mod;
MPRINT(EM_DIAGRAM):   put _page_;
MPRINT(EM_DIAGRAM):   put // "*------------------------------------------------------------*";
MPRINT(EM_DIAGRAM):   put "* Score Output";
MPRINT(EM_DIAGRAM):   put "*------------------------------------------------------------*";
MPRINT(EM_DIAGRAM):   run;
MPRINT(EM_DIAGRAM):    filename _OUTIN "C:\Jose\DM_ang\Workspaces\EMWS4\Reg2\EMSCORE.out" encoding="UTF-8" NOBOM;
MPRINT(EM_DIAGRAM):  ;
MPRINT(EM_DIAGRAM):   filename _OUTIN;
MPRINT(EM_DIAGRAM):    data _null_;
MPRINT(EM_DIAGRAM):   file _OUT mod;
MPRINT(EM_DIAGRAM):   put _page_;
MPRINT(EM_DIAGRAM):   put // "*------------------------------------------------------------*";
MPRINT(EM_DIAGRAM):   put "* Report Output";
MPRINT(EM_DIAGRAM):   put "*------------------------------------------------------------*";
MPRINT(EM_DIAGRAM):   run;
MPRINT(EM_DIAGRAM):    filename _OUTIN "C:\Jose\DM_ang\Workspaces\EMWS4\Reg2\EMREPORT.out" encoding="UTF-8" NOBOM;
MPRINT(EM_DIAGRAM):  ;
MPRINT(EM_DIAGRAM):   filename _OUTIN;
MPRINT(EM_DIAGRAM):    filename _OUT;
MPRINT(EM_DIAGRAM):    filename _emtool_ 'C:\Jose\DM_ang\Workspaces\EMWS4\Reg2\EMRUNSTATUS.xml' encoding="UTF-8" NOBOM;
39572      proc freq data=EMWS4.Reg2_VariableSet noprint;
MPRINT(EM_DIAGRAM):    proc freq data=EMWS4.Reg2_VariableSet noprint;
39573      table ROLE*LEVEL/out=WORK.Reg2META;
MPRINT(EM_DIAGRAM):   table ROLE*LEVEL/out=WORK.Reg2META;
39574      run;
MPRINT(EM_DIAGRAM):   run;

NOTE: There were 12 observations read from the data set EMWS4.REG2_VARIABLESET.
NOTE: The data set WORK.REG2META has 5 observations and 4 variables.
NOTE: PROCEDURE FREQ used (Total process time):
      real time           0.05 seconds
      cpu time            0.00 seconds
      

39575      proc print data=WORK.Reg2META label noobs;
MPRINT(EM_DIAGRAM):   proc print data=WORK.Reg2META label noobs;
39576      var ROLE LEVEL COUNT;
MPRINT(EM_DIAGRAM):   var ROLE LEVEL COUNT;
39577      label ROLE = "%sysfunc(sasmsg(sashelp.dmine, meta_role_vlabel, NOQUOTE))" LEVEL = "%sysfunc(sasmsg(sashelp.dmine, meta_level_vlabel, NOQUOTE))" COUNT = "%sysfunc(sasmsg(sashelp.dmine, rpt_count_vlabel, NOQUOTE))";
MPRINT(EM_DIAGRAM):   label ROLE = "Role" LEVEL = "Measurement Level" COUNT = "Frequency Count";
39578      title9 ' ';
MPRINT(EM_DIAGRAM):   title9 ' ';
39579      title10 "%sysfunc(sasmsg(sashelp.dmine, rpt_varSummary_title  , NOQUOTE))";
MPRINT(EM_DIAGRAM):   title10 "Variable Summary";
MPRINT(EM_DIAGRAM):   run;
39580      run;

NOTE: There were 5 observations read from the data set WORK.REG2META.
NOTE: The PROCEDURE PRINT printed page 4.
NOTE: PROCEDURE PRINT used (Total process time):
      real time           0.00 seconds
      cpu time            0.00 seconds
      

39581      title10;
MPRINT(EM_DIAGRAM):   title10;
39582      %let EMNORLEN = %DMNORLEN;
MPRINT(EM_DIAGRAM):   
EMWS4.BINNING_TRAIN EMWS4.BINNING_TRAIN 
EMWS4.BINNING_TRAIN EMWS4.BINNING_TRAIN EMWS4 BINNING_TRAIN 
EMWS4.BINNING_TRAIN EMWS4.BINNING_TRAIN 
EMWS4.BINNING_TRAIN EMWS4.BINNING_TRAIN EMWS4 BINNING_TRAIN 
MPRINT(EM_DIAGRAM):    proc dmdb data=EMWS4.BINNING_TRAIN classout=WORK._DMDBCLASSTARGET(keep=NAME NRAW CRAW LEVEL FREQUENCY NMISSPERCENT);
MPRINT(EM_DIAGRAM):   class BAD(DESC) ;
MPRINT(EM_DIAGRAM):   run;
Executing  SASHELP.EMCORE.EMINFOITERATOR.SCL _INIT >> 
Executing  SASHELP.EMCORE.EMINFOITERATOR.SCL setMetaData >> 
Executing  SASHELP.EMCORE.EMINFOITERATOR.SCL next >> 
Executing  SASHELP.EMCORE.EMINFOITERATOR.SCL next >> 
Executing  SASHELP.EMCORE.EMINFOITERATOR.SCL setMetaData >> 
Executing  SASHELP.EMCORE.EMINFOITERATOR.SCL next >> 
Executing  SASHELP.EMCORE.EMINFOITERATOR.SCL next >> 
Executing  SASHELP.EMCORE.EMINFOITERATOR.SCL _term >> 
MPRINT(EM_DIAGRAM):    data _null_;
MPRINT(EM_DIAGRAM):   set WORK._DMDBCLASSTARGET;
MPRINT(EM_DIAGRAM):   where ^(NRAW eq . and CRAW eq '') and NAME="BAD";
MPRINT(EM_DIAGRAM):   if _N_=1 then call symput('_newevent', strip(LEVEL));
MPRINT(EM_DIAGRAM):   run;
MPRINT(EM_DIAGRAM):   proc sort data=WORK._DMDBCLASSTARGET out=_TEMPCLASS(keep=LEVEL FREQUENCY NMISSPERCENT rename=(LEVEL=BAD));
MPRINT(EM_DIAGRAM):   by LEVEL;
MPRINT(EM_DIAGRAM):   where ^(NRAW eq . and CRAW eq '') and NAME="BAD";
MPRINT(EM_DIAGRAM):   run;
MPRINT(EM_DIAGRAM):   data _TEMPCLASS;
MPRINT(EM_DIAGRAM):   set _TEMPCLASS;
MPRINT(EM_DIAGRAM):   NMISSPERCENT= NMISSPERCENT/100;
MPRINT(EM_DIAGRAM):   run;
MPRINT(EM_DIAGRAM):    proc sort data=EMWS4.Ids_BAD_DD out=_sortedDecdata;
MPRINT(EM_DIAGRAM):   by BAD;
MPRINT(EM_DIAGRAM):   run;
MPRINT(EM_DIAGRAM):   data _null_;
MPRINT(EM_DIAGRAM):   merge _TEMPCLASS(in=_a) _sortedDecdata(in=_b);
MPRINT(EM_DIAGRAM):   by BAD;
MPRINT(EM_DIAGRAM):   if (_a and ^_b) or (^_a and _b) then call symput('_emresetDec', '1');
MPRINT(EM_DIAGRAM):   run;
39611      data WORK.Reg2_EVENT(KEEP=VARIABLE LABEL LEVEL EVENT NUMLEVELS ORDER);
MPRINT(EM_DIAGRAM):    data WORK.Reg2_EVENT(KEEP=VARIABLE LABEL LEVEL EVENT NUMLEVELS ORDER);
39612      length ORDER $20;
MPRINT(EM_DIAGRAM):   length ORDER $20;
39613      label VARIABLE = "%sysfunc(sasmsg(sashelp.dmine, rpt_target_vlabel,  NOQUOTE))" EVENT = "%sysfunc(sasmsg(sashelp.dmine, assmt_event_vlabel, NOQUOTE))" NUMLEVELS = "%sysfunc(sasmsg(sashelp.dmine, rpt_numcat_vlabel, NOQUOTE))" LEVEL =
39614         "%sysfunc(sasmsg(sashelp.dmine, meta_level_vlabel, NOQUOTE))" ORDER = "%sysfunc(sasmsg(sashelp.dmine, meta_order_vlabel, NOQUOTE))" LABEL = "%sysfunc(sasmsg(sashelp.dmine, meta_label_vlabel, NOQUOTE))";
MPRINT(EM_DIAGRAM):   label VARIABLE = "Target" EVENT = "Event" NUMLEVELS = "Number of Levels" LEVEL = "Measurement Level" ORDER = "Order" LABEL = "Label";
39615      set EMWS4.IDS_BAD_DM( where=(_TYPE_="TARGET"));
MPRINT(EM_DIAGRAM):   set EMWS4.IDS_BAD_DM( where=(_TYPE_="TARGET"));
39616      NumLevels=2;
MPRINT(EM_DIAGRAM):   NumLevels=2;
39617      select(upcase(ORDER));
MPRINT(EM_DIAGRAM):   select(upcase(ORDER));
39618      when('DESC') ORDER = 'Descending';
MPRINT(EM_DIAGRAM):   when('DESC') ORDER = 'Descending';
39619      when('ASC') ORDER = 'Ascending';
MPRINT(EM_DIAGRAM):   when('ASC') ORDER = 'Ascending';
39620      when('FMTDESC') ORDER = 'Formatted Descending';
MPRINT(EM_DIAGRAM):   when('FMTDESC') ORDER = 'Formatted Descending';
39621      when('FMTASC') ORDER = 'Formatted Ascending';
MPRINT(EM_DIAGRAM):   when('FMTASC') ORDER = 'Formatted Ascending';
39622      otherwise ORDER = 'Descending';
MPRINT(EM_DIAGRAM):   otherwise ORDER = 'Descending';
39623      end;
MPRINT(EM_DIAGRAM):   end;
39624      output;
MPRINT(EM_DIAGRAM):   output;
39625      run;
MPRINT(EM_DIAGRAM):   run;

NOTE: There were 1 observations read from the data set EMWS4.IDS_BAD_DM.
      WHERE _TYPE_='TARGET';
NOTE: The data set WORK.REG2_EVENT has 1 observations and 6 variables.
NOTE: DATA statement used (Total process time):
      real time           0.00 seconds
      cpu time            0.01 seconds
      

39626      title9 ' ';
MPRINT(EM_DIAGRAM):   title9 ' ';
39627      proc print data=WORK.Reg2_EVENT noobs label;
MPRINT(EM_DIAGRAM):   proc print data=WORK.Reg2_EVENT noobs label;
39628      var VARIABLE EVENT LEVEL NUMLEVELS ORDER LABEL;
MPRINT(EM_DIAGRAM):   var VARIABLE EVENT LEVEL NUMLEVELS ORDER LABEL;
39629      title9 ' ';
MPRINT(EM_DIAGRAM):   title9 ' ';
39630      title10 "%sysfunc(sasmsg(sashelp.dmine, rpt_modelEvent_title  , NOQUOTE))";
MPRINT(EM_DIAGRAM):   title10 "Model Events";
MPRINT(EM_DIAGRAM):   run;
39631      run;

NOTE: There were 1 observations read from the data set WORK.REG2_EVENT.
NOTE: The PROCEDURE PRINT printed page 5.
NOTE: PROCEDURE PRINT used (Total process time):
      real time           0.00 seconds
      cpu time            0.00 seconds
      

39632      title10;
MPRINT(EM_DIAGRAM):   title10;
39633      proc print data = EMWS4.Ids_BAD_DD noobs label;
MPRINT(EM_DIAGRAM):    proc print data = EMWS4.Ids_BAD_DD noobs label;
39634      var BAD
39635      TRAINPRIOR
39636      DECISION1
39637      DECISION2
39638      ;
MPRINT(EM_DIAGRAM):   var BAD TRAINPRIOR DECISION1 DECISION2 ;
39639      title9 ' ';
MPRINT(EM_DIAGRAM):   title9 ' ';
39640      title10 "Decision Matrix";
MPRINT(EM_DIAGRAM):   title10 "Decision Matrix";
MPRINT(EM_DIAGRAM):   run;
39641      run;

NOTE: There were 2 observations read from the data set EMWS4.IDS_BAD_DD.
NOTE: The PROCEDURE PRINT printed page 6.
NOTE: PROCEDURE PRINT used (Total process time):
      real time           0.00 seconds
      cpu time            0.00 seconds
      

39642      title10;
MPRINT(EM_DIAGRAM):   title10;
39643      proc print data = EMWS4.Ids_BAD_DM noobs label;
MPRINT(EM_DIAGRAM):   proc print data = EMWS4.Ids_BAD_DM noobs label;
39644      var _type_ variable label;
MPRINT(EM_DIAGRAM):   var _type_ variable label;
39645      where _type_ ^in('MATRIX', 'DECISION', 'TRAINPRIOR', 'DATAPRIOR', 'DECPRIOR');
MPRINT(EM_DIAGRAM):   where _type_ ^in('MATRIX', 'DECISION', 'TRAINPRIOR', 'DATAPRIOR', 'DECPRIOR');
39646      label _TYPE_ = "%sysfunc(sasmsg(sashelp.dmine, rpt_type_vlabel,     NOQUOTE))" VARIABLE = "%sysfunc(sasmsg(sashelp.dmine, rpt_variable_vlabel, NOQUOTE))" LABEL = "%sysfunc(sasmsg(sashelp.dmine, meta_label_vlabel, NOQUOTE))";
MPRINT(EM_DIAGRAM):   label _TYPE_ = "Type" VARIABLE = "Variable" LABEL = "Label";
39647      title9 ' ';
MPRINT(EM_DIAGRAM):   title9 ' ';
39648      title10 "%sysfunc(sasmsg(sashelp.dmine, rpt_predDecVars_title  , NOQUOTE))";
MPRINT(EM_DIAGRAM):   title10 "Predicted and decision variables";
MPRINT(EM_DIAGRAM):   run;
39649      run;

NOTE: There were 11 observations read from the data set EMWS4.IDS_BAD_DM.
      WHERE _type_ not in ('DATAPRIOR', 'DECISION', 'DECPRIOR', 'MATRIX', 'TRAINPRIOR');
NOTE: The PROCEDURE PRINT printed page 7.
NOTE: PROCEDURE PRINT used (Total process time):
      real time           0.00 seconds
      cpu time            0.00 seconds
      

39650      title10;
MPRINT(EM_DIAGRAM):   title10;
MPRINT(EM_DIAGRAM):    *------------------------------------------------------------*;
MPRINT(EM_DIAGRAM):   * Reg2: Preparing metadata for Training *------------------------------------------------------------*;
MPRINT(EM_DIAGRAM):   data WORK.M34MR8V_;
MPRINT(EM_DIAGRAM):   set WORK.M34MR8V_;
MPRINT(EM_DIAGRAM):   where use = 'Y' or (role = 'INPUT' and use = 'D') ;
MPRINT(EM_DIAGRAM):   if (role = 'REJECTED') then role = 'INPUT';
MPRINT(EM_DIAGRAM):   if use = 'D' then use = 'Y';
MPRINT(EM_DIAGRAM):   run;
39660      data WORK.M34MR8V_;
MPRINT(EM_DIAGRAM):    data WORK.M34MR8V_;
39661      set WORK.M34MR8V_ end=eof;
MPRINT(EM_DIAGRAM):   set WORK.M34MR8V_ end=eof;
39662      output;
MPRINT(EM_DIAGRAM):   output;
39663      if eof then do;
MPRINT(EM_DIAGRAM):   if eof then do;
39664      NAME="";
MPRINT(EM_DIAGRAM):   NAME="";
39665      ROLE="COST";
MPRINT(EM_DIAGRAM):   ROLE="COST";
39666      LEVEL="INTERVAL";
MPRINT(EM_DIAGRAM):   LEVEL="INTERVAL";
39667      TYPE="N";
MPRINT(EM_DIAGRAM):   TYPE="N";
39668      output;
MPRINT(EM_DIAGRAM):   output;
39669      end;
MPRINT(EM_DIAGRAM):   end;
39670      run;
MPRINT(EM_DIAGRAM):   run;

NOTE: There were 4 observations read from the data set WORK.M34MR8V_.
NOTE: The data set WORK.M34MR8V_ has 5 observations and 21 variables.
NOTE: DATA statement used (Total process time):
      real time           0.00 seconds
      cpu time            0.01 seconds
      

NOTE: There were 2 observations read from the data set EMWS4.IDS_BAD_DD.
NOTE: The data set WORK.BAD has 2 observations and 7 variables.
NOTE: There were 2 observations read from the data set EMWS4.IDS_BAD_DD.
NOTE: The data set WORK.BAD has 2 observations and 7 variables.
39671      *------------------------------------------------------------*;
MPRINT(EM_DIAGRAM):    *------------------------------------------------------------*;
39672      * Reg2: Create decision matrix;
MPRINT(EM_DIAGRAM):   * Reg2: Create decision matrix;
39673      *------------------------------------------------------------*;
MPRINT(EM_DIAGRAM):   *------------------------------------------------------------*;
39674      data WORK.BAD;
MPRINT(EM_DIAGRAM):   data WORK.BAD;
39675        length   BAD                              $  32
39676                 COUNT                                8
39677                 DATAPRIOR                            8
39678                 TRAINPRIOR                           8
39679                 DECPRIOR                             8
39680                 DECISION1                            8
39681                 DECISION2                            8
39682                 ;
MPRINT(EM_DIAGRAM):   length BAD $ 32 COUNT 8 DATAPRIOR 8 TRAINPRIOR 8 DECPRIOR 8 DECISION1 8 DECISION2 8 ;
39683      
39684        label    COUNT="Level Counts"
39685                 DATAPRIOR="Data Proportions"
39686                 TRAINPRIOR="Training Proportions"
39687                 DECPRIOR="Decision Priors"
39688                 DECISION1="1"
39689                 DECISION2="0"
39690                 ;
MPRINT(EM_DIAGRAM):   label COUNT= "Level Counts" DATAPRIOR= "Data Proportions" TRAINPRIOR= "Training Proportions" DECPRIOR= "Decision Priors" DECISION1= "1" DECISION2= "0" ;
39691        format   COUNT 10.
39692                 ;
MPRINT(EM_DIAGRAM):   format COUNT 10. ;
39693      BAD="1"; COUNT=1189; DATAPRIOR=0.1994966442953; TRAINPRIOR=0.1994966442953; DECPRIOR=0; DECISION1=0; DECISION2=5;
MPRINT(EM_DIAGRAM):   BAD="1";
MPRINT(EM_DIAGRAM):   COUNT=1189;
MPRINT(EM_DIAGRAM):   DATAPRIOR=0.1994966442953;
MPRINT(EM_DIAGRAM):   TRAINPRIOR=0.1994966442953;
MPRINT(EM_DIAGRAM):   DECPRIOR=0;
MPRINT(EM_DIAGRAM):   DECISION1=0;
MPRINT(EM_DIAGRAM):   DECISION2=5;
39694      output;
MPRINT(EM_DIAGRAM):   output;
39695      BAD="0"; COUNT=4771; DATAPRIOR=0.80050335570469; TRAINPRIOR=0.80050335570469; DECPRIOR=0; DECISION1=1; DECISION2=0;
MPRINT(EM_DIAGRAM):   BAD="0";
MPRINT(EM_DIAGRAM):   COUNT=4771;
MPRINT(EM_DIAGRAM):   DATAPRIOR=0.80050335570469;
MPRINT(EM_DIAGRAM):   TRAINPRIOR=0.80050335570469;
MPRINT(EM_DIAGRAM):   DECPRIOR=0;
MPRINT(EM_DIAGRAM):   DECISION1=1;
MPRINT(EM_DIAGRAM):   DECISION2=0;
39696      output;
MPRINT(EM_DIAGRAM):   output;
39697      ;
MPRINT(EM_DIAGRAM):   ;
39698      run;
MPRINT(EM_DIAGRAM):   run;

NOTE: The data set WORK.BAD has 2 observations and 7 variables.
NOTE: DATA statement used (Total process time):
      real time           0.00 seconds
      cpu time            0.00 seconds
      

39699      proc datasets lib=work nolist;
MPRINT(EM_DIAGRAM):   proc datasets lib=work nolist;
39700      modify BAD(type=LOSS label=BAD);
MPRINT(EM_DIAGRAM):   modify BAD(type=LOSS label= BAD);
MPRINT(EM_DIAGRAM):   label DECISION1= '1';
MPRINT(EM_DIAGRAM):   label DECISION2= '0';
MPRINT(EM_DIAGRAM):   run;
39701      label DECISION1= '1';
39702      label DECISION2= '0';
39703      run;

NOTE: MODIFY was successful for WORK.BAD.DATA.
39704      quit;
MPRINT(EM_DIAGRAM):   quit;

NOTE: PROCEDURE DATASETS used (Total process time):
      real time           0.01 seconds
      cpu time            0.00 seconds
      

39705      data EM_DMREG / view=EM_DMREG;
MPRINT(EM_DIAGRAM):   data EM_DMREG / view=EM_DMREG;
39706      set EMWS4.BINNING_TRAIN(keep=
39707      BAD GRP_IMP_DELINQ GRP_IMP_DEROG GRP_IMP_NINQ );
MPRINT(EM_DIAGRAM):   set EMWS4.BINNING_TRAIN(keep= BAD GRP_IMP_DELINQ GRP_IMP_DEROG GRP_IMP_NINQ );
39708      run;
MPRINT(EM_DIAGRAM):   run;

NOTE: DATA STEP view saved on file WORK.EM_DMREG.
NOTE: A stored DATA STEP view cannot run under a different operating system.
NOTE: View EMWS4.BINNING_TRAIN.VIEW used (Total process time):
      real time           0.05 seconds
      cpu time            0.04 seconds
      
NOTE: DATA statement used (Total process time):
      real time           0.05 seconds
      cpu time            0.04 seconds
      

MPRINT(EM_DIAGRAM):   *------------------------------------------------------------* ;
MPRINT(EM_DIAGRAM):   * Reg2: DMDBClass Macro ;
MPRINT(EM_DIAGRAM):   *------------------------------------------------------------* ;
39709      *------------------------------------------------------------* ;
39710      * Reg2: DMDBClass Macro ;
39711      *------------------------------------------------------------* ;
39712      %macro DMDBClass;
39713          BAD(DESC) GRP_IMP_DELINQ(ASC) GRP_IMP_DEROG(ASC) GRP_IMP_NINQ(ASC)
39714      %mend DMDBClass;
39715      *------------------------------------------------------------* ;
MPRINT(EM_DIAGRAM):   *------------------------------------------------------------* ;
39716      * Reg2: DMDBVar Macro ;
MPRINT(EM_DIAGRAM):   * Reg2: DMDBVar Macro ;
39717      *------------------------------------------------------------* ;
MPRINT(EM_DIAGRAM):   *------------------------------------------------------------* ;
39718      %macro DMDBVar;
39719      
39720      %mend DMDBVar;
39721      *------------------------------------------------------------*;
MPRINT(EM_DIAGRAM):   *------------------------------------------------------------*;
39722      * Reg2: Create DMDB;
MPRINT(EM_DIAGRAM):   * Reg2: Create DMDB;
39723      *------------------------------------------------------------*;
MPRINT(EM_DIAGRAM):   *------------------------------------------------------------*;
39724      proc dmdb batch data=WORK.EM_DMREG
39725      dmdbcat=WORK.Reg2_DMDB
39726      maxlevel = 513
39727      ;
MPRINT(EM_DIAGRAM):   proc dmdb batch data=WORK.EM_DMREG dmdbcat=WORK.Reg2_DMDB maxlevel = 513 ;
MPRINT(EM_DIAGRAM):   class
39728      class %DMDBClass;
MPRINT(DMDBCLASS):   BAD(DESC) GRP_IMP_DELINQ(ASC) GRP_IMP_DEROG(ASC) GRP_IMP_NINQ(ASC)
MPRINT(EM_DIAGRAM):  ;
39729      var %DMDBVar;
MPRINT(EM_DIAGRAM):   var
MPRINT(EM_DIAGRAM):  ;
39730      target
39731      BAD
39732      ;
MPRINT(EM_DIAGRAM):   target BAD ;
39733      run;
MPRINT(EM_DIAGRAM):   run;

NOTE: Records processed = 2979   Memory used = 511K.
NOTE: Missing values were generated as a result of performing an operation on missing values.
      Each place is given by: (Number of times) at (Line):(Column).
      159 at 107322:41   117 at 107323:39   615 at 107324:43   615 at 107325:14   77 at 107326:14    252 at 107326:43   310 at 107327:14   54 at 107327:40    93 at 107328:14    250 at 107328:39   
NOTE: There were 2979 observations read from the data set EMWS4.PART_TRAIN.
NOTE: There were 2979 observations read from the data set EMWS4.VARCLUS_TRAIN.
NOTE: There were 2979 observations read from the data set EMWS4.IMPT_TRAIN.
NOTE: View WORK.EM_DMREG.VIEW used (Total process time):
      real time           0.10 seconds
      cpu time            0.12 seconds
      
NOTE: There were 2979 observations read from the data set EMWS4.BINNING_TRAIN.
NOTE: There were 2979 observations read from the data set WORK.EM_DMREG.
NOTE: PROCEDURE DMDB used (Total process time):
      real time           0.11 seconds
      cpu time            0.14 seconds
      

MPRINT(EM_DIAGRAM):   quit;
MPRINT(EM_DIAGRAM):   *--- end code ---*;
39734      quit;
39735      *--- end code ---*;

39736      *------------------------------------------------------------*;
MPRINT(EM_DIAGRAM):    *------------------------------------------------------------*;
39737      * Reg2: Run DMREG procedure;
MPRINT(EM_DIAGRAM):   * Reg2: Run DMREG procedure;
39738      *------------------------------------------------------------*;
MPRINT(EM_DIAGRAM):   *------------------------------------------------------------*;
39739      proc dmreg data=EM_DMREG dmdbcat=WORK.Reg2_DMDB
39740      validata = EMWS4.BINNING_VALIDATE
39741      outest = EMWS4.Reg2_EMESTIMATE
39742      outterms = EMWS4.Reg2_OUTTERMS
39743      outmap= EMWS4.Reg2_MAPDS namelen=200
39744      ;
MPRINT(EM_DIAGRAM):   proc dmreg data=EM_DMREG dmdbcat=WORK.Reg2_DMDB validata = EMWS4.BINNING_VALIDATE outest = EMWS4.Reg2_EMESTIMATE outterms = EMWS4.Reg2_OUTTERMS outmap= EMWS4.Reg2_MAPDS namelen=200 ;
39745      class
39746      BAD
39747      GRP_IMP_DELINQ
39748      GRP_IMP_DEROG
39749      GRP_IMP_NINQ
39750      ;
MPRINT(EM_DIAGRAM):   class BAD GRP_IMP_DELINQ GRP_IMP_DEROG GRP_IMP_NINQ ;
39751      model BAD =
39752      GRP_IMP_DELINQ
39753      GRP_IMP_DEROG
39754      GRP_IMP_NINQ
39755      /error=binomial link=LOGIT
39756      coding=DEVIATION
39757      nodesignprint
39758      ;
MPRINT(EM_DIAGRAM):   model BAD = GRP_IMP_DELINQ GRP_IMP_DEROG GRP_IMP_NINQ /error=binomial link=LOGIT coding=DEVIATION nodesignprint ;
39759      ;
MPRINT(EM_DIAGRAM):   ;
39760      decision decdata=WORK.BAD
39761      decvars=
39762      DECISION1
39763      DECISION2
39764      ;
MPRINT(EM_DIAGRAM):   decision decdata=WORK.BAD decvars= DECISION1 DECISION2 ;
39765      score data=EMWS4.BINNING_TEST
39766      out=_null_
39767      outfit=EMWS4.Reg2_FITTEST
39768      role = TEST
39769      ;
MPRINT(EM_DIAGRAM):   score data=EMWS4.BINNING_TEST out=_null_ outfit=EMWS4.Reg2_FITTEST role = TEST ;
39770      code file="C:\Jose\DM_ang\Workspaces\EMWS4\Reg2\EMPUBLISHSCORE.sas"
39771      group=Reg2
39772      ;
MPRINT(EM_DIAGRAM):   code file="C:\Jose\DM_ang\Workspaces\EMWS4\Reg2\EMPUBLISHSCORE.sas" group=Reg2 ;
39773      code file="C:\Jose\DM_ang\Workspaces\EMWS4\Reg2\EMFLOWSCORE.sas"
39774      group=Reg2
39775      residual
39776      ;
MPRINT(EM_DIAGRAM):   code file="C:\Jose\DM_ang\Workspaces\EMWS4\Reg2\EMFLOWSCORE.sas" group=Reg2 residual ;
39777      run;
MPRINT(EM_DIAGRAM):   run;


NOTE: PROC DMREG is modeling the probability that BAD=1.
NOTE: Convergence criterion (GCONV=1E-6) satisfied.
NOTE: External file C:\Jose\DM_ang\Workspaces\EMWS4\Reg2\EMPUBLISHSCORE.sas opened.
NOTE: External file C:\Jose\DM_ang\Workspaces\EMWS4\Reg2\EMFLOWSCORE.sas opened.
NOTE: Missing values were generated as a result of performing an operation on missing values.
      Each place is given by: (Number of times) at (Line):(Column).
      58 at 107384:41    43 at 107385:39    251 at 107386:43   251 at 107387:14   25 at 107388:14    106 at 107388:43   121 at 107389:14   26 at 107389:40    33 at 107390:14    100 at 107390:39   
NOTE: There were 1193 observations read from the data set EMWS4.PART_TEST.
NOTE: There were 1193 observations read from the data set EMWS4.VARCLUS_TEST.
NOTE: View EMWS4.BINNING_TEST.VIEW used (Total process time):
      real time           0.14 seconds
      cpu time            0.15 seconds
      
NOTE: There were 1193 observations read from the data set EMWS4.IMPT_TEST.
NOTE: Missing values were generated as a result of performing an operation on missing values.
      Each place is given by: (Number of times) at (Line):(Column).
      91 at 107353:41    62 at 107354:39    401 at 107355:43   401 at 107356:14   39 at 107357:14    160 at 107357:43   195 at 107358:14   32 at 107358:40    48 at 107359:14    165 at 107359:39   
NOTE: There were 1788 observations read from the data set EMWS4.PART_VALIDATE.
NOTE: There were 1788 observations read from the data set EMWS4.VARCLUS_VALIDATE.
NOTE: View EMWS4.BINNING_VALIDATE.VIEW used (Total process time):
      real time           0.19 seconds
      cpu time            0.20 seconds
      
NOTE: There were 1788 observations read from the data set EMWS4.IMPT_VALIDATE.
NOTE: Missing values were generated as a result of performing an operation on missing values.
      Each place is given by: (Number of times) at (Line):(Column).
      159 at 107322:41   117 at 107323:39   615 at 107324:43   615 at 107325:14   77 at 107326:14    252 at 107326:43   310 at 107327:14   54 at 107327:40    93 at 107328:14    250 at 107328:39   
NOTE: There were 2979 observations read from the data set EMWS4.PART_TRAIN.
NOTE: There were 2979 observations read from the data set EMWS4.VARCLUS_TRAIN.
NOTE: There were 2979 observations read from the data set EMWS4.IMPT_TRAIN.
NOTE: View WORK.EM_DMREG.VIEW used (Total process time):
      real time           0.27 seconds
      cpu time            0.28 seconds
      
NOTE: There were 2979 observations read from the data set EMWS4.BINNING_TRAIN.
NOTE: There were 2979 observations read from the data set WORK.EM_DMREG.
NOTE: There were 1788 observations read from the data set EMWS4.BINNING_VALIDATE.
NOTE: There were 1193 observations read from the data set EMWS4.BINNING_TEST.
NOTE: The data set EMWS4.REG2_EMESTIMATE has 3 observations and 47 variables.
NOTE: The data set EMWS4.REG2_OUTTERMS has 9 observations and 6 variables.
NOTE: The data set EMWS4.REG2_MAPDS has 2 observations and 10 variables.
NOTE: The data set EMWS4.REG2_FITTEST has 1 observations and 16 variables.
NOTE: The PROCEDURE DMREG printed pages 8-9.
NOTE: PROCEDURE DMREG used (Total process time):
      real time           0.32 seconds
      cpu time            0.28 seconds
      

MPRINT(EM_DIAGRAM):   quit;
39778      quit;

39779      proc datasets lib=WORK nolist;
MPRINT(EM_DIAGRAM):    proc datasets lib=WORK nolist;
39780      delete Reg2_DMDB;
MPRINT(EM_DIAGRAM):   delete Reg2_DMDB;
39781      run;
MPRINT(EM_DIAGRAM):   run;

NOTE: The file WORK.REG2_DMDB (memtype=DATA) was not found, but appears on a DELETE statement.
39782      quit;
MPRINT(EM_DIAGRAM):   quit;

NOTE: PROCEDURE DATASETS used (Total process time):
      real time           0.00 seconds
      cpu time            0.00 seconds
      

39783      proc datasets lib=WORK nolist;
MPRINT(EM_DIAGRAM):    proc datasets lib=WORK nolist;
39784      delete Reg2_DMDB / memtype=catalog;
MPRINT(EM_DIAGRAM):   delete Reg2_DMDB / memtype=catalog;
39785      run;
MPRINT(EM_DIAGRAM):   run;

NOTE: Deleting WORK.REG2_DMDB (memtype=CATALOG).
39786      quit;
MPRINT(EM_DIAGRAM):   quit;

NOTE: PROCEDURE DATASETS used (Total process time):
      real time           0.00 seconds
      cpu time            0.01 seconds
      

39787      data WORK.ESTIMATE;
MPRINT(EM_DIAGRAM):    data WORK.ESTIMATE;
39788      length _NAME_ $32;
MPRINT(EM_DIAGRAM):   length _NAME_ $32;
39789      set EMWS4.Reg2_EMESTIMATE;
MPRINT(EM_DIAGRAM):   set EMWS4.Reg2_EMESTIMATE;
39790      drop _AIC_--_VALOSS_
39791      ;
MPRINT(EM_DIAGRAM):   drop _AIC_--_VALOSS_ ;
39792      where _TYPE_ in('PARMS', 'T', 'P');
MPRINT(EM_DIAGRAM):   where _TYPE_ in('PARMS', 'T', 'P');
39793      select(_TYPE_);
MPRINT(EM_DIAGRAM):   select(_TYPE_);
39794      when('PARMS') _NAME_='Coefficient';
MPRINT(EM_DIAGRAM):   when('PARMS') _NAME_='Coefficient';
39795      when('T') _NAME_='tValue';
MPRINT(EM_DIAGRAM):   when('T') _NAME_='tValue';
39796      when('P') _NAME_='PValue';
MPRINT(EM_DIAGRAM):   when('P') _NAME_='PValue';
39797      otherwise;
MPRINT(EM_DIAGRAM):   otherwise;
39798      end;
MPRINT(EM_DIAGRAM):   end;
39799      run;
MPRINT(EM_DIAGRAM):   run;

NOTE: There were 3 observations read from the data set EMWS4.REG2_EMESTIMATE.
      WHERE _TYPE_ in ('P', 'PARMS', 'T');
NOTE: The data set WORK.ESTIMATE has 3 observations and 11 variables.
NOTE: DATA statement used (Total process time):
      real time           0.00 seconds
      cpu time            0.00 seconds
      

39800      proc transpose data=WORK.ESTIMATE out=WORK.ESTIMATE(rename=(_NAME_=Effect));
MPRINT(EM_DIAGRAM):   proc transpose data=WORK.ESTIMATE out=WORK.ESTIMATE(rename=(_NAME_=Effect));
39801      run;
MPRINT(EM_DIAGRAM):   run;

NOTE: There were 3 observations read from the data set WORK.ESTIMATE.
NOTE: The data set WORK.ESTIMATE has 9 observations and 5 variables.
NOTE: PROCEDURE TRANSPOSE used (Total process time):
      real time           0.01 seconds
      cpu time            0.00 seconds
      

39802      proc transpose data=EMWS4.Reg2_MAPDS out=WORK.MAP(rename=(_NAME_=Effect INPUT=Variable
39803      ));
MPRINT(EM_DIAGRAM):   proc transpose data=EMWS4.Reg2_MAPDS out=WORK.MAP(rename=(_NAME_=Effect INPUT=Variable ));
39804      var 'GRP_IMP_DELINQ2'n--'GRP_IMP_NINQ5'n;
MPRINT(EM_DIAGRAM):   var 'GRP_IMP_DELINQ2'n--'GRP_IMP_NINQ5'n;
39805      run;
MPRINT(EM_DIAGRAM):   run;

NOTE: There were 2 observations read from the data set EMWS4.REG2_MAPDS.
NOTE: The data set WORK.MAP has 8 observations and 4 variables.
NOTE: PROCEDURE TRANSPOSE used (Total process time):
      real time           0.01 seconds
      cpu time            0.00 seconds
      

39806      proc sort data=WORK.MAP;
MPRINT(EM_DIAGRAM):   proc sort data=WORK.MAP;
39807      by Effect;
MPRINT(EM_DIAGRAM):   by Effect;
39808      run;
MPRINT(EM_DIAGRAM):   run;

NOTE: There were 8 observations read from the data set WORK.MAP.
NOTE: The data set WORK.MAP has 8 observations and 4 variables.
NOTE: PROCEDURE SORT used (Total process time):
      real time           0.01 seconds
      cpu time            0.00 seconds
      

39809      proc sort data=WORK.ESTIMATE;
MPRINT(EM_DIAGRAM):   proc sort data=WORK.ESTIMATE;
39810      by Effect;
MPRINT(EM_DIAGRAM):   by Effect;
39811      run;
MPRINT(EM_DIAGRAM):   run;

NOTE: There were 9 observations read from the data set WORK.ESTIMATE.
NOTE: The data set WORK.ESTIMATE has 9 observations and 5 variables.
NOTE: PROCEDURE SORT used (Total process time):
      real time           0.00 seconds
      cpu time            0.00 seconds
      

39812      data EMWS4.Reg2_EFFECTS(rename=(_LABEL_=EffectLabel));
MPRINT(EM_DIAGRAM):   data EMWS4.Reg2_EFFECTS(rename=(_LABEL_=EffectLabel));
39813      length Variable ClassLevel $32;
MPRINT(EM_DIAGRAM):   length Variable ClassLevel $32;
39814      merge WORK.ESTIMATE WORK.MAP;
MPRINT(EM_DIAGRAM):   merge WORK.ESTIMATE WORK.MAP;
39815      by Effect;
MPRINT(EM_DIAGRAM):   by Effect;
39816      label Effect = "%sysfunc(sasmsg(sashelp.dmine, rpt_effect_vlabel, NOQUOTE))" Variable = "%sysfunc(sasmsg(sashelp.dmine, rpt_variable_vlabel, NOQUOTE))" Sign = "%sysfunc(sasmsg(sashelp.dmine, rpt_sign_vlabel, NOQUOTE))" ClassLevel =
39817         "%sysfunc(sasmsg(sashelp.dmine, rpt_level_vlabel, NOQUOTE))" Abscoefficient = "%sysfunc(sasmsg(sashelp.dmine, rpt_abscoefficient_vlabel, NOQUOTE))" Coefficient = "%sysfunc(sasmsg(sashelp.dmine, rpt_coefficient_vlabel, NOQUOTE))" _LABEL_ =
39818         "%sysfunc(sasmsg(sashelp.dmine, rpt_effectLabel_vlabel, NOQUOTE))" CODE = "%sysfunc(sasmsg(sashelp.dmine, rpt_scorecodevar_vlabel, NOQUOTE))";
MPRINT(EM_DIAGRAM):   label Effect = "Effect" Variable = "Variable" Sign = "Sign" ClassLevel = "Level" Abscoefficient = "Absolute Coefficient" Coefficient = "Coefficient" _LABEL_ = "Effect Label" CODE = "Score Code Variable";
39819      label tvalue = "%sysfunc(sasmsg(sashelp.dmine, rpt_tvalue_vlabel,         NOQUOTE))" abstvalue = "%sysfunc(sasmsg(sashelp.dmine, rpt_absoluteTvalue_vlabel, NOQUOTE))" PValue = "%sysfunc(sasmsg(sashelp.dmine, rpt_pvalue_vlabel,         NOQUOTE))"
39819    ! ;
MPRINT(EM_DIAGRAM):   label tvalue = "T-value" abstvalue = "Absolute T-value" PValue = "P Value";
39820      abstvalue = abs(tValue);
MPRINT(EM_DIAGRAM):   abstvalue = abs(tValue);
39821      if index(Effect, 'Intercept') then do;
MPRINT(EM_DIAGRAM):   if index(Effect, 'Intercept') then do;
39822      variable = 'Intercept';
MPRINT(EM_DIAGRAM):   variable = 'Intercept';
39823      classLevel = scan(_LABEL_, 2, '=');
MPRINT(EM_DIAGRAM):   classLevel = scan(_LABEL_, 2, '=');
39824      end;
MPRINT(EM_DIAGRAM):   end;
39825      if ^indexc(variable, '*') then do;
MPRINT(EM_DIAGRAM):   if ^indexc(variable, '*') then do;
39826      if length(effect)>length(variable) then classlevel = substr(Effect, length(variable)+1);
MPRINT(EM_DIAGRAM):   if length(effect)>length(variable) then classlevel = substr(Effect, length(variable)+1);
39827      end;
MPRINT(EM_DIAGRAM):   end;
39828      if Effect eq '' then Effect = Variable;
MPRINT(EM_DIAGRAM):   if Effect eq '' then Effect = Variable;
39829      if coefficient < 0 then sign = '-';
MPRINT(EM_DIAGRAM):   if coefficient < 0 then sign = '-';
39830      else sign = '+';
MPRINT(EM_DIAGRAM):   else sign = '+';
39831      abscoefficient = abs(coefficient);
MPRINT(EM_DIAGRAM):   abscoefficient = abs(coefficient);
39832      if _LABEL_ = '' then _LABEL_ = Effect;
MPRINT(EM_DIAGRAM):   if _LABEL_ = '' then _LABEL_ = Effect;
39833      if coefficient ne . then output;
MPRINT(EM_DIAGRAM):   if coefficient ne . then output;
39834      run;
MPRINT(EM_DIAGRAM):   run;

NOTE: There were 9 observations read from the data set WORK.ESTIMATE.
NOTE: There were 8 observations read from the data set WORK.MAP.
NOTE: The data set EMWS4.REG2_EFFECTS has 9 observations and 11 variables.
NOTE: DATA statement used (Total process time):
      real time           0.02 seconds
      cpu time            0.01 seconds
      

39835      proc sort data =EMWS4.Reg2_EFFECTS;
MPRINT(EM_DIAGRAM):    proc sort data =EMWS4.Reg2_EFFECTS;
39836      by
39837      descending abstvalue;
MPRINT(EM_DIAGRAM):   by descending abstvalue;
39838      run;
MPRINT(EM_DIAGRAM):   run;

NOTE: There were 9 observations read from the data set EMWS4.REG2_EFFECTS.
NOTE: The data set EMWS4.REG2_EFFECTS has 9 observations and 11 variables.
The SAS System

NOTE: PROCEDURE SORT used (Total process time):
      real time           0.00 seconds
      cpu time            0.00 seconds
      

39839      data EMWS4.Reg2_EFFECTS;
MPRINT(EM_DIAGRAM):   data EMWS4.Reg2_EFFECTS;
39840      set EMWS4.Reg2_EFFECTS;
MPRINT(EM_DIAGRAM):   set EMWS4.Reg2_EFFECTS;
39841      format TEffectNum 3.;
MPRINT(EM_DIAGRAM):   format TEffectNum 3.;
39842      label TEffectNum = "%sysfunc(sasmsg(sashelp.dmine, rpt_teffectnum_vlabel, NOQUOTE))";
MPRINT(EM_DIAGRAM):   label TEffectNum = "TScore Number";
39843      retain TEffectNum;
MPRINT(EM_DIAGRAM):   retain TEffectNum;
39844      TEffectNum = _N_;
MPRINT(EM_DIAGRAM):   TEffectNum = _N_;
39845      run;
MPRINT(EM_DIAGRAM):   run;

NOTE: There were 9 observations read from the data set EMWS4.REG2_EFFECTS.
NOTE: The data set EMWS4.REG2_EFFECTS has 9 observations and 12 variables.
NOTE: DATA statement used (Total process time):
      real time           0.00 seconds
      cpu time            0.00 seconds
      

39846      proc sort data =EMWS4.Reg2_EFFECTS;
MPRINT(EM_DIAGRAM):    proc sort data =EMWS4.Reg2_EFFECTS;
39847      by
39848      descending absCoefficient;
MPRINT(EM_DIAGRAM):   by descending absCoefficient;
39849      run;
MPRINT(EM_DIAGRAM):   run;

NOTE: There were 9 observations read from the data set EMWS4.REG2_EFFECTS.
NOTE: The data set EMWS4.REG2_EFFECTS has 9 observations and 12 variables.
NOTE: PROCEDURE SORT used (Total process time):
      real time           0.00 seconds
      cpu time            0.01 seconds
      

39850      data EMWS4.Reg2_EFFECTS;
MPRINT(EM_DIAGRAM):   data EMWS4.Reg2_EFFECTS;
39851      set EMWS4.Reg2_EFFECTS;
MPRINT(EM_DIAGRAM):   set EMWS4.Reg2_EFFECTS;
39852      format EffectNum 3.;
MPRINT(EM_DIAGRAM):   format EffectNum 3.;
39853      label EffectNum = "%sysfunc(sasmsg(sashelp.dmine, rpt_effectnum_vlabel, NOQUOTE))";
MPRINT(EM_DIAGRAM):   label EffectNum = "Effect Number";
39854      retain EffectNum;
MPRINT(EM_DIAGRAM):   retain EffectNum;
39855      EffectNum = _N_;
MPRINT(EM_DIAGRAM):   EffectNum = _N_;
39856      run;
MPRINT(EM_DIAGRAM):   run;

NOTE: There were 9 observations read from the data set EMWS4.REG2_EFFECTS.
NOTE: The data set EMWS4.REG2_EFFECTS has 9 observations and 13 variables.
NOTE: DATA statement used (Total process time):
      real time           0.00 seconds
      cpu time            0.00 seconds
      

MPRINT(EM_DIAGRAM):    proc printto;
MPRINT(EM_DIAGRAM):   run;
