 
                                                                                                                                                                                                                                                                
 
 
Resumen de variables

          Nivel de     Número de
 Rol       medida     ocurrencias

TARGET     BINARY          1     
 
                                                                                                                                                                                                                                                                
 
 

                                                                                    BINNED_KS_
                                                           _KS_PROB_                   PROB_
Obs    TARGET    TARGETLABEL    _AUR_    _GINI_     KS       CUTOFF     _KS_BIN_      CUTOFF

 1      BAD                     0.873     0.747    0.67      0.167        0.664        0.218  
 
                                                                                                                                                                                                                                                                
 
 

                                                               _VKS_              _VBINNED_
                                                               PROB_     _VKS_     KS_PROB_
Obs    TARGET    TARGETLABEL    _VAUR_    _VGINI_     VKS     CUTOFF_     BIN_     CUTOFF_

 1      BAD                      0.87       0.74     0.677     0.167     0.673      0.295  
 
                                                                                                                                                                                                                                                                
 
 

                                                               _TKS_              _TBINNED_
                                                               PROB_     _TKS_     KS_PROB_
Obs    TARGET    TARGETLABEL    _TAUR_    _TGINI_     TKS     CUTOFF_     BIN_     CUTOFF_

 1      BAD                      0.844     0.689     0.644     0.167     0.637      0.218  
 
                                                                                                                                                                                                                                                                
 
 

                                                                                     BINNED_KS_
                                                            _KS_PROB_                   PROB_
Obs    TARGET    TARGETLABEL    _AUR_    _GINI_      KS       CUTOFF     _KS_BIN_      CUTOFF

 1      BAD                     0.745     0.491    0.511      0.086        0.509        0.086  
 
                                                                                                                                                                                                                                                                
 
 

                                                               _VKS_              _VBINNED_
                                                               PROB_     _VKS_     KS_PROB_
Obs    TARGET    TARGETLABEL    _VAUR_    _VGINI_     VKS     CUTOFF_     BIN_     CUTOFF_

 1      BAD                      0.699     0.397     0.452     0.085      0.43      0.087  
 
                                                                                                                                                                                                                                                                
 
 

                                                              _TKS_              _TBINNED_
                                                              PROB_     _TKS_     KS_PROB_
Obs    TARGET    TARGETLABEL    _TAUR_    _TGINI_     TKS    CUTOFF_     BIN_     CUTOFF_

 1      BAD                      0.735     0.471     0.49     0.084     0.472      0.084  
 
                                                                                                                                                                                                                                                                
 
 







Estadísticos de ajuste
Selección de modelo basada en Probar: Coeficiente de Gini (_TGINI_)

                                                                   Train:                          Valid:
                                                     Probar:      Average          Train:         Average          Valid:
   Modelo       Nodo del    Descripción            Coeficiente    Squared    Misclassification    Squared    Misclassification
seleccionado     modelo     del modelo               de Gini       Error            Rate           Error            Rate

     Y           Tree3      Decision tree total       0.689       0.08599         0.10608         0.09269         0.12081     
                 Reg        Regresión                 0.471       0.15697         0.18597         0.16361         0.19295     
 
                                                                                                                                                                                                                                                                
 
 







Tabla de estadísticos de ajuste
Target: BAD

Rol de los datos=Train

Estadísticos                                                                                              Tree3        Reg

Entrenar: Corte de probabilidad Kolmogorov-Smirnov de dos factores basado en variables categorizadas       0.22       0.09
Entrenar: Estadístico Kolmogorov-Smirnov                                                                   0.67       0.51
Train: Akaike's Information Criterion                                                                       .      3130.00
Train: Average Squared Error                                                                               0.09       0.16
Entrenar: Índice Roc                                                                                       0.87       0.75
Train: Average Error Function                                                                               .         0.51
Entrenar: Respuesta capturada de porcentaje acumulado                                                     39.11      17.51
Entrenar: Respuesta capturada del porcentaje                                                              18.62       4.04
Criterio de selección: Probar: Coeficiente de Gini                                                         0.69       0.47
Train: Degrees of Freedom for Error                                                                         .      2944.00
Train: Model Degrees of Freedom                                                                             .        35.00
Train: Total Degrees of Freedom                                                                         2979.00    2979.00
Train: Divisor for ASE                                                                                  5958.00    5958.00
Train: Error Function                                                                                       .      3060.00
Train: Final Prediction Error                                                                               .         0.16
Entrenar: Ganancia                                                                                       290.98      75.03
Entrenar: Coeficiente de Gini                                                                              0.75       0.49
Entrenar: Estadístico Kolmogorov-Smirnov de dos factores basado en variables categorizadas                 0.66       0.51
Entrenar: Corte de probabilidad Kolmogorov-Smirnov                                                         0.17       0.09
Entrenar: Mejora acumulada                                                                                 3.91       1.75
Entrenar: Mejora                                                                                           3.72       0.81
Train: Maximum Absolute Error                                                                              0.95       1.00
Train: Misclassification Rate                                                                              0.11       0.19
Train: Mean Square Error                                                                                    .         0.16
Train: Sum of Frequencies                                                                               2979.00    2979.00
Train: Number of Estimate Weights                                                                           .        35.00
Train: Root Average Squared Error                                                                          0.29       0.40
Entrenar: Respuesta de porcentaje acumulado                                                               77.96      34.90
Entrenar: Respuesta de porcentaje                                                                         74.24      16.11
Train: Root Final Prediction Error                                                                          .         0.40
Train: Root Mean Squared Error                                                                              .         0.40
Train: Schwarz's Bayesian Criterion                                                                         .      3339.98
Train: Sum of Squared Errors                                                                             512.33     935.22
Train: Sum of Case Weights Times Freq                                                                       .      5958.00


Rol de los datos=Valid

Estadísticos                                                                                             Tree3        Reg

Validar: Estadístico Kolmogorov-Smirnov                                                                   0.68       0.45
Valid: Average Squared Error                                                                              0.09       0.16
Validar: Índice Roc                                                                                       0.87       0.70
Valid: Average Error Function                                                                              .         0.53
Validar: corte de probabilidad Kolmogorov-Smirnov de dos factores basado en variables categorizadas       0.30       0.09
Validar: Respuesta capturada de porcentaje acumulado                                                     35.85      12.89
Validar: Respuesta capturada del porcentaje                                                              18.28       2.24
Valid: Divisor for VASE                                                                                3576.00    3576.00
Valid: Error Function                                                                                      .      1912.05
Validar: Ganancia                                                                                       258.06      28.71
Validar: Coeficiente de Gini                                                                              0.74       0.40
Validar: Estadístico Kolmogorov-Smirnov de dos factores basado en variables categorizadas                 0.67       0.43
Validar: Corte de probabilidad Kolmogorov-Smirnov                                                         0.17       0.09
Validar: Mejora acumulada                                                                                 3.58       1.29
Validar: Mejora                                                                                           3.67       0.45
Valid: Maximum Absolute Error                                                                             0.95       1.00
Valid: Misclassification Rate                                                                             0.12       0.19
Valid: Mean Square Error                                                                                   .         0.16
Valid: Sum of Frequencies                                                                              1788.00    1788.00
Valid: Root Average Squared Error                                                                         0.30       0.40
Validar: Respuesta de porcentaje acumulado                                                               71.49      25.70
Validar: Respuesta de porcentaje                                                                         73.31       8.99
Valid: Root Mean Square Error                                                                              .         0.40
Valid: Sum of Squared Errors                                                                            331.45     585.06
Valid: Sum of Case Weights Times Freq                                                                      .      3576.00


Rol de los datos=Test

Estadísticos                                                                                            Tree3        Reg

Probar: Estadístico Kolmogorov-Smirnov                                                                   0.64       0.49
Test: Average Squared Error                                                                              0.10       0.16
Probar: Índice Roc                                                                                       0.84       0.74
Test: Average Error Function                                                                              .         0.51
Probar: Corte de probabilidad Kolmogorov-Smirnov de dos factores basado en variables categorizadas       0.22       0.08
Probar: Respuesta capturada de porcentaje acumulado                                                     34.47      17.65
Probar: Respuesta capturada del porcentaje                                                              17.97       4.20
Test: Divisor for TASE                                                                                2386.00    2386.00
Test: Error Function                                                                                      .      1226.26
Probar: Ganancia                                                                                       242.66      75.44
Probar: Coeficiente de Gini                                                                              0.69       0.47
Probar: Estadístico Kolmogorov-Smirnov de dos factores basado en variables categorizadas                 0.64       0.47
Probar: Corte de probabilidad Kolmogorov-Smirnov                                                         0.17       0.08
Probar: Mejora acumulada                                                                                 3.43       1.75
Probar: Mejora                                                                                           3.57       0.84
Test: Maximum Absolute Error                                                                             0.95       1.00
Test: Misclassification Rate                                                                             0.13       0.18
Test: Lower 95% Conf. Limit for TMISC                                                                     .         0.16
Test: Upper 95% Conf. Limit for TMISC                                                                     .         0.21
Test: Mean Square Error                                                                                   .         0.16
Test: Sum of Frequencies                                                                              1193.00    1193.00
Test: Root Average Squared Error                                                                         0.32       0.40
Probar: Respuesta de porcentaje acumulado                                                               68.36      35.00
Probar: Respuesta de porcentaje                                                                         71.30      16.67
Test: Root Mean Square Error                                                                              .         0.40
Test: Sum of Squared Errors                                                                            238.86     375.16
Test: Sum of Weights Times Freqs                                                                      2386.00    2386.00
 
                                                                                                                                                                                                                                                                
 
 







Tabla de evento de clasificación
Selección de modelo basada en Probar: Coeficiente de Gini (_TGINI_)

                                   Rol de
Nodo del    Descripción            los                   Etiqueta      Falso     Verdadero      Falso     Verdadero
 modelo     del modelo             datos       Target     target     negativo     negativo    positivo     positivo

 Tree3      Decision tree total    TRAIN        BAD                     178         2247         138         416   
 Tree3      Decision tree total    VALIDATE     BAD                     109         1324         107         248   
 Reg        Regresión              TRAIN        BAD                     546         2377           8          48   
 Reg        Regresión              VALIDATE     BAD                     337         1423           8          20   
