*------------------------------------------------------------*
Usuario:                Jose Caloca
Fecha:                07 de marzo de 2021
Hora:                14H02
*------------------------------------------------------------*
* Salida de entrenamiento
*------------------------------------------------------------*
 
 
 
 
Resumen de variables
 
          Nivel de     Número de
Rol        medida     ocurrencias
 
ID        INTERVAL         1
INPUT     BINARY           1
INPUT     INTERVAL         4
INPUT     NOMINAL          4
TARGET    BINARY           1
 
 
 
 
 
Oblique Principal Component Cluster Analysis
 
Observations           2090    Proportion          0
Variables                 4    Maxeigen            1
 
 
Clustering algorithm converged.
 
 
                      Cluster Summary for 1 Cluster
 
                        Cluster    Variation    Proportion        Second
Cluster    Members    Variation    Explained     Explained    Eigenvalue
------------------------------------------------------------------------
      1          4            4     1.900025        0.4750        1.0147
 
Total variation explained = 1.900025 Proportion = 0.4750
 
Cluster 1 will be split because it has the largest second eigenvalue, 1.014702, which is greater than the MAXEIGEN=1 value.
 
 
Clustering algorithm converged.
 
 
                     Cluster Summary for 2 Clusters
 
                        Cluster    Variation    Proportion        Second
Cluster    Members    Variation    Explained     Explained    Eigenvalue
------------------------------------------------------------------------
      1          3            3     1.879935        0.6266        0.9638
      2          1            1            1        1.0000
 
Total variation explained = 2.879935 Proportion = 0.7200
 
 
                            R-squared with
2 Clusters                ------------------
                              Own       Next    1-R**2
Cluster       Variable    Cluster    Closest     Ratio
------------------------------------------------------
Cluster 1     CLAGE        0.0779     0.0001    0.9222
              MORTDUE      0.8926     0.0170    0.1092
              VALUE        0.9094     0.0045    0.0910
------------------------------------------------------
Cluster 2     DEBTINC      1.0000     0.0096    0.0000
 
No cluster meets the criterion for splitting.
 
 
                 Total     Proportion       Minimum       Maximum                  Maximum
             Variation             of    Proportion        Second      Minimum      1-R**2
  Number     Explained      Variation     Explained    Eigenvalue    R-squared       Ratio
      of            by      Explained          by a          in a        for a       for a
Clusters      Clusters    by Clusters       Cluster       Cluster     Variable    Variable
------------------------------------------------------------------------------------------
       1      1.900025         0.4750        0.4750      1.014702       0.0416
       2      2.879935         0.7200        0.6266      0.963831       0.0779      0.9222


*------------------------------------------------------------*
* Salida de puntuación
*------------------------------------------------------------*


*------------------------------------------------------------*
* Salida del informe
*------------------------------------------------------------*
