 
                                                                                                                                                                                                                                                                
 
 
Fit Statistics

Target=BAD Target Label=' '

   Fit
Statistics    Statistics Label                    Train    Validation       Test

 _AIC_        Akaike's Information Criterion    2597.62          .           .  
 _ASE_        Average Squared Error                0.13         0.14        0.13
 _AVERR_      Average Error Function               0.43         0.44        0.43
 _DFE_        Degrees of Freedom for Error      2974.00          .           .  
 _DFM_        Model Degrees of Freedom             5.00          .           .  
 _DFT_        Total Degrees of Freedom          2979.00          .           .  
 _DIV_        Divisor for ASE                   5958.00      3576.00     2386.00
 _ERR_        Error Function                    2587.62      1564.91     1022.19
 _FPE_        Final Prediction Error               0.13          .           .  
 _MAX_        Maximum Absolute Error               0.88         0.88        0.88
 _MSE_        Mean Square Error                    0.13         0.14        0.13
 _NOBS_       Sum of Frequencies                2979.00      1788.00     1193.00
 _NW_         Number of Estimate Weights           5.00          .           .  
 _RASE_       Root Average Sum of Squares          0.37         0.37        0.36
 _RFPE_       Root Final Prediction Error          0.37          .           .  
 _RMSE_       Root Mean Squared Error              0.37         0.37        0.36
 _SBC_        Schwarz's Bayesian Criterion      2627.62          .           .  
 _SSE_        Sum of Squared Errors              801.46       488.84      316.73
 _SUMW_       Sum of Case Weights Times Freq    5958.00      3576.00     2386.00
 _MISC_       Misclassification Rate               0.18         0.19        0.19
 _LOSS_       Total Loss for BAD                1800.00      1028.00      681.00
 _ALOSS_      Average Loss for BAD                 0.60         0.57        0.57
 
                                                                                                                                                                                                                                                                
 
 
Classification Table

Data Role=TRAIN Target Variable=BAD Target Label=' '

                       Target        Outcome     Frequency       Total
Target    Outcome    Percentage    Percentage      Count      Percentage

  0          0         84.5265       95.0524        2267        76.0994 
  1          0         15.4735       69.8653         415        13.9308 
  0          1         39.7306        4.9476         118         3.9611 
  1          1         60.2694       30.1347         179         6.0087 


Data Role=VALIDATE Target Variable=BAD Target Label=' '

                       Target        Outcome     Frequency       Total
Target    Outcome    Percentage    Percentage      Count      Percentage

  0          0         84.6397       93.5709        1339        74.8881 
  1          0         15.3603       68.0672         243        13.5906 
  0          1         44.6602        6.4291          92         5.1454 
  1          1         55.3398       31.9328         114         6.3758 
 
                                                                                                                                                                                                                                                                
 
 
Decision Table

Data Role=TRAIN Target Variable=BAD Target Label=' '

                       Target        Outcome     Frequency       Total
Target    Outcome    Percentage    Percentage      Count      Percentage

  0          0         87.8161       80.0839        1910        64.1155 
  1          0         12.1839       44.6128         265         8.8956 
  0          1         59.0796       19.9161         475        15.9449 
  1          1         40.9204       55.3872         329        11.0440 


Data Role=VALIDATE Target Variable=BAD Target Label=' '

                       Target        Outcome     Frequency       Total
Target    Outcome    Percentage    Percentage      Count      Percentage

  0          0         88.6096       78.8260        1128        63.0872 
  1          0         11.3904       40.6162         145         8.1096 
  0          1         58.8350       21.1740         303        16.9463 
  1          1         41.1650       59.3838         212        11.8568 
 
                                                                                                                                                                                                                                                                
 
 
Event Classification Table

Data Role=TRAIN Target=BAD Target Label=' '

  False       True        False       True
Negative    Negative    Positive    Positive

   415        2267         118         179  


Data Role=VALIDATE Target=BAD Target Label=' '

  False       True        False       True
Negative    Negative    Positive    Positive

   243        1339         92          114  
 
                                                                                                                                                                                                                                                                
 
 
Assessment Score Rankings

Data Role=TRAIN Target Variable=BAD Target Label=' '

                                                                                           Mean
                               Cumulative        %       Cumulative      Number of      Posterior
Depth       Gain      Lift        Lift       Response    % Response    Observations    Probability

   5     241.556    3.41556      3.41556      68.1048      68.1048          149          0.69382  
  10     202.346    2.63136      3.02346      52.4682      60.2865          149          0.50119  
  15     172.206    2.11926      2.72206      42.2572      54.2767          149          0.40357  
  20     137.065    1.31640      2.37065      26.2485      47.2697          149          0.27173  
  25     112.448    1.13981      2.12448      22.7273      42.3612          149          0.24886  
  30      90.713    0.82042      1.90713      16.3588      38.0275          149          0.17174  
  35      72.198    0.61104      1.72198      12.1839      34.3355          149          0.12118  
  40      58.311    0.61104      1.58311      12.1839      31.5666          149          0.12118  
  45      47.510    0.61104      1.47510      12.1839      29.4129          149          0.12118  
  50      38.870    0.61104      1.38870      12.1839      27.6900          149          0.12118  
  55      31.800    0.61104      1.31800      12.1839      26.2804          149          0.12118  
  60      25.909    0.61104      1.25909      12.1839      25.1057          149          0.12118  
  65      20.924    0.61104      1.20924      12.1839      24.1117          149          0.12118  
  70      16.651    0.61104      1.16651      12.1839      23.2597          149          0.12118  
  75      12.948    0.61104      1.12948      12.1839      22.5213          149          0.12118  
  80       9.708    0.61104      1.09708      12.1839      21.8752          149          0.12118  
  85       6.849    0.61104      1.06849      12.1839      21.3052          149          0.12118  
  90       4.307    0.61104      1.04307      12.1839      20.7984          149          0.12118  
  95       2.033    0.61104      1.02033      12.1839      20.3450          149          0.12118  
 100       0.000    0.61104      1.00000      12.1839      19.9396          148          0.12118  


Data Role=VALIDATE Target Variable=BAD Target Label=' '

                                                                                           Mean
                               Cumulative        %       Cumulative      Number of      Posterior
Depth       Gain      Lift        Lift       Response    % Response    Observations    Probability

   5     238.531    3.38531      3.38531      67.5926      67.5926          90           0.74321  
  10     184.346    2.29552      2.84346      45.8333      56.7737          89           0.50126  
  15     157.618    2.04459      2.57618      40.8232      51.4371          90           0.47590  
  20     123.505    1.20402      2.23505      24.0399      44.6261          89           0.28919  
  25     112.138    1.66414      2.12138      33.2269      42.3565          89           0.24927  
  30     100.062    1.40083      2.00062      27.9695      39.9452          90           0.21765  
  35      79.729    0.57048      1.79729      11.3904      35.8855          89           0.12118  
  40      64.308    0.57048      1.64308      11.3904      32.8065          90           0.12118  
  45      52.450    0.57048      1.52450      11.3904      30.4388          89           0.12118  
  50      42.952    0.57048      1.42952      11.3904      28.5425          89           0.12118  
  55      35.095    0.57048      1.35095      11.3904      26.9737          90           0.12118  
  60      28.621    0.57048      1.28621      11.3904      25.6811          89           0.12118  
  65      23.083    0.57048      1.23083      11.3904      24.5752          90           0.12118  
  70      18.388    0.57048      1.18388      11.3904      23.6380          89           0.12118  
  75      14.317    0.57048      1.14317      11.3904      22.8251          89           0.12118  
  80      10.716    0.57048      1.10716      11.3904      22.1060          90           0.12118  
  85       7.573    0.57048      1.07573      11.3904      21.4785          89           0.12118  
  90       4.749    0.57048      1.04749      11.3904      20.9146          90           0.12118  
  95       2.250    0.57048      1.02250      11.3904      20.4157          89           0.12118  
 100       0.000    0.57048      1.00000      11.3904      19.9664          89           0.12118  
 
                                                                                                                                                                                                                                                                
 
 
Assessment Score Distribution

Data Role=TRAIN Target Variable=BAD Target Label=' '

 Posterior     Number                     Mean
Probability      of      Number of     Posterior
   Range       Events    Nonevents    Probability    Percentage

 0.85-0.90        34           6        0.85629         1.3427 
 0.70-0.75        28          15        0.74441         1.4434 
 0.65-0.70        18           7        0.66263         0.8392 
 0.50-0.55        99          90        0.50126         6.3444 
 0.45-0.50        17           9        0.48982         0.8728 
 0.40-0.45        33          43        0.44977         2.5512 
 0.25-0.30        40         101        0.28550         4.7331 
 0.20-0.25        60         204        0.24886         8.8620 
 0.10-0.15       265        1910        0.12118        73.0111 


Data Role=VALIDATE Target Variable=BAD Target Label=' '

 Posterior     Number                     Mean
Probability      of      Number of     Posterior
   Range       Events    Nonevents    Probability    Percentage

 0.85-0.90        22           4        0.85629         1.4541 
 0.70-0.75        21          14        0.74441         1.9575 
 0.65-0.70        16           9        0.66263         1.3982 
 0.50-0.55        55          65        0.50126         6.7114 
 0.45-0.50        12          12        0.48982         1.3423 
 0.40-0.45        13          28        0.44977         2.2931 
 0.25-0.30        21          67        0.28550         4.9217 
 0.20-0.25        52         104        0.24886         8.7248 
 0.10-0.15       145        1128        0.12118        71.1969 
