MPRINT(EM_DIAGRAM):    data _null_;
MPRINT(EM_DIAGRAM):   call symput('NLDATE', strip(put(date(), NLDATE.)));
MPRINT(EM_DIAGRAM):   call symput('NLTIME', strip(put(datetime(), NLTIME.)));
MPRINT(EM_DIAGRAM):   run;
MPRINT(EM_DIAGRAM):   data _null_;
MPRINT(EM_DIAGRAM):   nldate= sasmsg("sashelp.dmine", "log_date_note", 'N', "07 de marzo de 2021" );
MPRINT(EM_DIAGRAM):   nltime= sasmsg("sashelp.dmine", "log_time_note", 'N', "13H58" );
MPRINT(EM_DIAGRAM):   put "*------------------------------------------------------------*";
MPRINT(EM_DIAGRAM):   put "* Log de entrenamiento";
MPRINT(EM_DIAGRAM):   put nldate;
MPRINT(EM_DIAGRAM):   put nltime;
MPRINT(EM_DIAGRAM):   put "*------------------------------------------------------------*";
MPRINT(EM_DIAGRAM):   run;
*------------------------------------------------------------*
* Log de entrenamiento
Fecha:                07 de marzo de 2021
Hora:                13H58
*------------------------------------------------------------*
MPRINT(EM_DIAGRAM):    filename O2V_70H1 "C:\Jose\DM_ang\Workspaces\EMWS1\Varsel\EMTRAIN.out" encoding="UTF-8" NOBOM;
MPRINT(EM_DIAGRAM):   proc printto print=O2V_70H1 new;
MPRINT(EM_DIAGRAM):   run;
MPRINT(EM_DIAGRAM):    filename _LOG "C:\Jose\DM_ang\Workspaces\EMWS1\Varsel\EMLOG.log" encoding="UTF-8" NOBOM;
MPRINT(EM_DIAGRAM):    data _null_;
MPRINT(EM_DIAGRAM):   call symput('NLDATE', strip(put(date(), NLDATE.)));
MPRINT(EM_DIAGRAM):   call symput('NLTIME', strip(put(datetime(), NLTIME.)));
MPRINT(EM_DIAGRAM):   run;
MPRINT(EM_DIAGRAM):   data _null_;
MPRINT(EM_DIAGRAM):   nldate= sasmsg("sashelp.dmine", "log_date_note", 'N', "07 de marzo de 2021" );
MPRINT(EM_DIAGRAM):   nltime= sasmsg("sashelp.dmine", "log_time_note", 'N', "13H58" );
MPRINT(EM_DIAGRAM):   file _LOG;
MPRINT(EM_DIAGRAM):   put "*------------------------------------------------------------*";
MPRINT(EM_DIAGRAM):   put "Usuario:                Jose Caloca";
MPRINT(EM_DIAGRAM):   put nldate;
MPRINT(EM_DIAGRAM):   put nltime;
MPRINT(EM_DIAGRAM):   put "Sitio:                70115216";
MPRINT(EM_DIAGRAM):   put "Plataforma:            X64_10PRO";
MPRINT(EM_DIAGRAM):   put "Versión de mantenimiento: 9.04.01M6P111518";
MPRINT(EM_DIAGRAM):   put "Versión de EM:          15.1";
MPRINT(EM_DIAGRAM):   put "* ";
MPRINT(EM_DIAGRAM):   run;
MPRINT(EM_DIAGRAM):    filename _LOGIN "C:\Jose\DM_ang\Workspaces\EMWS1\Varsel\EMTRAIN.log" encoding="UTF-8" NOBOM;
MPRINT(EM_COPYFILE):   data _null_;
MPRINT(EM_COPYFILE):   length line $20000;
MPRINT(EM_COPYFILE):   file _LOG MOD lrecl=20000;
MPRINT(EM_COPYFILE):   fid=fopen("_LOGIN",'i',20000,'v');
MPRINT(EM_COPYFILE):   if fid > 0 then do;
MPRINT(EM_COPYFILE):   do while(^fread(fid));
MPRINT(EM_COPYFILE):   rlen = frlen(fid);
MPRINT(EM_COPYFILE):   rc= fget(fid,line,20000);
MPRINT(EM_COPYFILE):   start = length(line)-length(left(line))+1;
MPRINT(EM_COPYFILE):   line=strip(line);
MPRINT(EM_COPYFILE):   put @start line;
MPRINT(EM_COPYFILE):   end;
MPRINT(EM_COPYFILE):   if fid > 0 then rc=fclose(fid);
MPRINT(EM_COPYFILE):   end;
MPRINT(EM_COPYFILE):   run;
MPRINT(EM_DIAGRAM):  ;
MPRINT(EM_DIAGRAM):   filename _LOGIN;
MPRINT(EM_DIAGRAM):    data _null_;
MPRINT(EM_DIAGRAM):   file _LOG mod;
MPRINT(EM_DIAGRAM):   put _page_;
MPRINT(EM_DIAGRAM):   run;
MPRINT(EM_DIAGRAM):   filename _LOGIN "C:\Jose\DM_ang\Workspaces\EMWS1\Varsel\EMSCORE.log" encoding="UTF-8" NOBOM;
MPRINT(EM_DIAGRAM):  ;
MPRINT(EM_DIAGRAM):   data _null_;
MPRINT(EM_DIAGRAM):   file _LOG mod;
MPRINT(EM_DIAGRAM):   put _page_;
MPRINT(EM_DIAGRAM):   run;
MPRINT(EM_DIAGRAM):    filename _LOGIN "C:\Jose\DM_ang\Workspaces\EMWS1\Varsel\EMREPORT.log" encoding="UTF-8" NOBOM;
MPRINT(EM_DIAGRAM):  ;
MPRINT(EM_DIAGRAM):   filename _LOGIN;
MPRINT(EM_DIAGRAM):    filename _LOG;
MPRINT(EM_DIAGRAM):    filename _OUT "C:\Jose\DM_ang\Workspaces\EMWS1\Varsel\EMOUTPUT.out" encoding="UTF-8" NOBOM;
MPRINT(EM_DIAGRAM):    data _null_;
MPRINT(EM_DIAGRAM):   call symput('NLDATE', strip(put(date(), NLDATE.)));
MPRINT(EM_DIAGRAM):   call symput('NLTIME', strip(put(datetime(), NLTIME.)));
MPRINT(EM_DIAGRAM):   run;
MPRINT(EM_DIAGRAM):   data _null_;
MPRINT(EM_DIAGRAM):   nldate= sasmsg("sashelp.dmine", "log_date_note", 'N', "07 de marzo de 2021" );
MPRINT(EM_DIAGRAM):   nltime= sasmsg("sashelp.dmine", "log_time_note", 'N', "13H58" );
MPRINT(EM_DIAGRAM):   file _OUT;
MPRINT(EM_DIAGRAM):   put "*------------------------------------------------------------*";
MPRINT(EM_DIAGRAM):   put "Usuario:                Jose Caloca";
MPRINT(EM_DIAGRAM):   put nldate;
MPRINT(EM_DIAGRAM):   put nltime;
MPRINT(EM_DIAGRAM):   put "*------------------------------------------------------------*";
MPRINT(EM_DIAGRAM):   put "* Salida de entrenamiento";
MPRINT(EM_DIAGRAM):   put "*------------------------------------------------------------*";
MPRINT(EM_DIAGRAM):   run;
MPRINT(EM_DIAGRAM):    filename _OUTIN "C:\Jose\DM_ang\Workspaces\EMWS1\Varsel\EMTRAIN.out" encoding="UTF-8" NOBOM;
MPRINT(EM_DIAGRAM):   ;
MPRINT(EM_COPYFILE):   data _null_;
MPRINT(EM_COPYFILE):   length line $20000;
MPRINT(EM_COPYFILE):   file _OUT MOD lrecl=20000;
MPRINT(EM_COPYFILE):   fid=fopen("_OUTIN",'i',20000,'v');
MPRINT(EM_COPYFILE):   if fid > 0 then do;
MPRINT(EM_COPYFILE):   do while(^fread(fid));
MPRINT(EM_COPYFILE):   rlen = frlen(fid);
MPRINT(EM_COPYFILE):   rc= fget(fid,line,20000);
MPRINT(EM_COPYFILE):   start = length(line)-length(left(line))+1;
MPRINT(EM_COPYFILE):   line=strip(line);
MPRINT(EM_COPYFILE):   put @start line;
MPRINT(EM_COPYFILE):   end;
MPRINT(EM_COPYFILE):   if fid > 0 then rc=fclose(fid);
MPRINT(EM_COPYFILE):   end;
MPRINT(EM_COPYFILE):   run;
MPRINT(EM_DIAGRAM):  ;
MPRINT(EM_DIAGRAM):   filename _OUTIN;
MPRINT(EM_DIAGRAM):    data _null_;
MPRINT(EM_DIAGRAM):   file _OUT mod;
MPRINT(EM_DIAGRAM):   put _page_;
MPRINT(EM_DIAGRAM):   put // "*------------------------------------------------------------*";
MPRINT(EM_DIAGRAM):   put "* Salida de puntuación";
MPRINT(EM_DIAGRAM):   put "*------------------------------------------------------------*";
MPRINT(EM_DIAGRAM):   run;
MPRINT(EM_DIAGRAM):    filename _OUTIN "C:\Jose\DM_ang\Workspaces\EMWS1\Varsel\EMSCORE.out" encoding="UTF-8" NOBOM;
MPRINT(EM_DIAGRAM):  ;
MPRINT(EM_DIAGRAM):   filename _OUTIN;
MPRINT(EM_DIAGRAM):    data _null_;
MPRINT(EM_DIAGRAM):   file _OUT mod;
MPRINT(EM_DIAGRAM):   put _page_;
MPRINT(EM_DIAGRAM):   put // "*------------------------------------------------------------*";
MPRINT(EM_DIAGRAM):   put "* Salida del informe";
MPRINT(EM_DIAGRAM):   put "*------------------------------------------------------------*";
MPRINT(EM_DIAGRAM):   run;
MPRINT(EM_DIAGRAM):    filename _OUTIN "C:\Jose\DM_ang\Workspaces\EMWS1\Varsel\EMREPORT.out" encoding="UTF-8" NOBOM;
MPRINT(EM_DIAGRAM):  ;
MPRINT(EM_DIAGRAM):   filename _OUTIN;
MPRINT(EM_DIAGRAM):    filename _OUT;
MPRINT(EM_DIAGRAM):    filename _emtool_ 'C:\Jose\DM_ang\Workspaces\EMWS1\Varsel\EMRUNSTATUS.xml' encoding="UTF-8" NOBOM;
22104      proc freq data=EMWS1.Varsel_VariableSet noprint;
MPRINT(EM_DIAGRAM):    proc freq data=EMWS1.Varsel_VariableSet noprint;
22105      table ROLE*LEVEL/out=WORK.VarselMETA;
MPRINT(EM_DIAGRAM):   table ROLE*LEVEL/out=WORK.VarselMETA;
22106      run;
MPRINT(EM_DIAGRAM):   run;

NOTE: There were 13 observations read from the data set EMWS1.VARSEL_VARIABLESET.
NOTE: The data set WORK.VARSELMETA has 4 observations and 4 variables.
NOTE: PROCEDURE FREQ used (Total process time):
      real time           0.05 seconds
      cpu time            0.03 seconds
      

22107      proc print data=WORK.VarselMETA label noobs;
MPRINT(EM_DIAGRAM):   proc print data=WORK.VarselMETA label noobs;
22108      var ROLE LEVEL COUNT;
MPRINT(EM_DIAGRAM):   var ROLE LEVEL COUNT;
22109      label ROLE = "%sysfunc(sasmsg(sashelp.dmine, meta_role_vlabel, NOQUOTE))" LEVEL = "%sysfunc(sasmsg(sashelp.dmine, meta_level_vlabel, NOQUOTE))" COUNT = "%sysfunc(sasmsg(sashelp.dmine, rpt_count_vlabel, NOQUOTE))";
MPRINT(EM_DIAGRAM):   label ROLE = "Rol" LEVEL = "Nivel de medida" COUNT = "Número de ocurrencias";
22110      title9 ' ';
MPRINT(EM_DIAGRAM):   title9 ' ';
22111      title10 "%sysfunc(sasmsg(sashelp.dmine, rpt_varSummary_title  , NOQUOTE))";
MPRINT(EM_DIAGRAM):   title10 "Resumen de variables";
MPRINT(EM_DIAGRAM):   run;
22112      run;

NOTE: There were 4 observations read from the data set WORK.VARSELMETA.
NOTE: The PROCEDURE PRINT printed page 1.
NOTE: PROCEDURE PRINT used (Total process time):
      real time           0.00 seconds
      cpu time            0.00 seconds
      

22113      title10;
MPRINT(EM_DIAGRAM):   title10;
22114      %let EMNORLEN = %DMNORLEN;
MPRINT(EM_DIAGRAM):   
EMWS1.Part_TRAIN EMWS1.Part_TRAIN 
EMWS1.Part_TRAIN EMWS1.Part_TRAIN EMWS1 Part_TRAIN 
EMWS1.Part_TRAIN EMWS1.Part_TRAIN 
EMWS1.Part_TRAIN EMWS1.Part_TRAIN EMWS1 Part_TRAIN 
MPRINT(EM_DIAGRAM):    proc dmdb data=EMWS1.Part_TRAIN classout=WORK._DMDBCLASSTARGET(keep=NAME NRAW CRAW LEVEL FREQUENCY NMISSPERCENT);
MPRINT(EM_DIAGRAM):   class BAD(DESC) ;
MPRINT(EM_DIAGRAM):   run;
Executing  SASHELP.EMCORE.EMINFOITERATOR.SCL _INIT >> 
Executing  SASHELP.EMCORE.EMINFOITERATOR.SCL setMetaData >> 
Executing  SASHELP.EMCORE.EMINFOITERATOR.SCL next >> 
Executing  SASHELP.EMCORE.EMINFOITERATOR.SCL next >> 
Executing  SASHELP.EMCORE.EMINFOITERATOR.SCL setMetaData >> 
Executing  SASHELP.EMCORE.EMINFOITERATOR.SCL next >> 
Executing  SASHELP.EMCORE.EMINFOITERATOR.SCL next >> 
Executing  SASHELP.EMCORE.EMINFOITERATOR.SCL _term >> 
MPRINT(EM_DIAGRAM):    data _null_;
MPRINT(EM_DIAGRAM):   set WORK._DMDBCLASSTARGET;
MPRINT(EM_DIAGRAM):   where ^(NRAW eq . and CRAW eq '') and NAME="BAD";
MPRINT(EM_DIAGRAM):   if _N_=1 then call symput('_newevent', strip(LEVEL));
MPRINT(EM_DIAGRAM):   run;
MPRINT(EM_DIAGRAM):   proc sort data=WORK._DMDBCLASSTARGET out=_TEMPCLASS(keep=LEVEL FREQUENCY NMISSPERCENT rename=(LEVEL=BAD));
MPRINT(EM_DIAGRAM):   by LEVEL;
MPRINT(EM_DIAGRAM):   where ^(NRAW eq . and CRAW eq '') and NAME="BAD";
MPRINT(EM_DIAGRAM):   run;
MPRINT(EM_DIAGRAM):   data _TEMPCLASS;
MPRINT(EM_DIAGRAM):   set _TEMPCLASS;
MPRINT(EM_DIAGRAM):   NMISSPERCENT= NMISSPERCENT/100;
MPRINT(EM_DIAGRAM):   run;
MPRINT(EM_DIAGRAM):    proc sort data=EMWS1.Ids_BAD_DD out=_sortedDecdata;
MPRINT(EM_DIAGRAM):   by BAD;
MPRINT(EM_DIAGRAM):   run;
MPRINT(EM_DIAGRAM):   data _null_;
MPRINT(EM_DIAGRAM):   merge _TEMPCLASS(in=_a) _sortedDecdata(in=_b);
MPRINT(EM_DIAGRAM):   by BAD;
MPRINT(EM_DIAGRAM):   if (_a and ^_b) or (^_a and _b) then call symput('_emresetDec', '1');
MPRINT(EM_DIAGRAM):   run;
22143      data WORK.Varsel_EVENT(KEEP=VARIABLE LABEL LEVEL EVENT NUMLEVELS ORDER);
MPRINT(EM_DIAGRAM):    data WORK.Varsel_EVENT(KEEP=VARIABLE LABEL LEVEL EVENT NUMLEVELS ORDER);
22144      length ORDER $20;
MPRINT(EM_DIAGRAM):   length ORDER $20;
22145      label VARIABLE = "%sysfunc(sasmsg(sashelp.dmine, rpt_target_vlabel,  NOQUOTE))" EVENT = "%sysfunc(sasmsg(sashelp.dmine, assmt_event_vlabel, NOQUOTE))" NUMLEVELS = "%sysfunc(sasmsg(sashelp.dmine, rpt_numcat_vlabel, NOQUOTE))" LEVEL =
22146         "%sysfunc(sasmsg(sashelp.dmine, meta_level_vlabel, NOQUOTE))" ORDER = "%sysfunc(sasmsg(sashelp.dmine, meta_order_vlabel, NOQUOTE))" LABEL = "%sysfunc(sasmsg(sashelp.dmine, meta_label_vlabel, NOQUOTE))";
MPRINT(EM_DIAGRAM):   label VARIABLE = "Target" EVENT = "Evento" NUMLEVELS = "Número de niveles" LEVEL = "Nivel de medida" ORDER = "Orden" LABEL = "Etiqueta";
22147      set EMWS1.IDS_BAD_DM( where=(_TYPE_="TARGET"));
MPRINT(EM_DIAGRAM):   set EMWS1.IDS_BAD_DM( where=(_TYPE_="TARGET"));
22148      NumLevels=2;
MPRINT(EM_DIAGRAM):   NumLevels=2;
22149      select(upcase(ORDER));
MPRINT(EM_DIAGRAM):   select(upcase(ORDER));
22150      when('DESC') ORDER = 'Descending';
MPRINT(EM_DIAGRAM):   when('DESC') ORDER = 'Descending';
22151      when('ASC') ORDER = 'Ascending';
MPRINT(EM_DIAGRAM):   when('ASC') ORDER = 'Ascending';
22152      when('FMTDESC') ORDER = 'Formatted Descending';
MPRINT(EM_DIAGRAM):   when('FMTDESC') ORDER = 'Formatted Descending';
22153      when('FMTASC') ORDER = 'Formatted Ascending';
MPRINT(EM_DIAGRAM):   when('FMTASC') ORDER = 'Formatted Ascending';
22154      otherwise ORDER = 'Descending';
MPRINT(EM_DIAGRAM):   otherwise ORDER = 'Descending';
22155      end;
MPRINT(EM_DIAGRAM):   end;
22156      output;
MPRINT(EM_DIAGRAM):   output;
22157      run;
MPRINT(EM_DIAGRAM):   run;

NOTE: There were 1 observations read from the data set EMWS1.IDS_BAD_DM.
      WHERE _TYPE_='TARGET';
NOTE: The data set WORK.VARSEL_EVENT has 1 observations and 6 variables.
NOTE: DATA statement used (Total process time):
      real time           0.00 seconds
      cpu time            0.00 seconds
      

22158      title9 ' ';
MPRINT(EM_DIAGRAM):   title9 ' ';
22159      proc print data=WORK.Varsel_EVENT noobs label;
MPRINT(EM_DIAGRAM):   proc print data=WORK.Varsel_EVENT noobs label;
22160      var VARIABLE EVENT LEVEL NUMLEVELS ORDER LABEL;
MPRINT(EM_DIAGRAM):   var VARIABLE EVENT LEVEL NUMLEVELS ORDER LABEL;
22161      title9 ' ';
MPRINT(EM_DIAGRAM):   title9 ' ';
22162      title10 "%sysfunc(sasmsg(sashelp.dmine, rpt_modelEvent_title  , NOQUOTE))";
MPRINT(EM_DIAGRAM):   title10 "Eventos del modelo";
MPRINT(EM_DIAGRAM):   run;
22163      run;

NOTE: There were 1 observations read from the data set WORK.VARSEL_EVENT.
NOTE: The PROCEDURE PRINT printed page 2.
NOTE: PROCEDURE PRINT used (Total process time):
      real time           0.00 seconds
      cpu time            0.00 seconds
      

22164      title10;
MPRINT(EM_DIAGRAM):   title10;
"No se han definido decisiones para el target "BAD"." 
22165      proc print data = EMWS1.Ids_BAD_DM noobs label;
MPRINT(EM_DIAGRAM):    proc print data = EMWS1.Ids_BAD_DM noobs label;
22166      var _type_ variable label;
MPRINT(EM_DIAGRAM):   var _type_ variable label;
22167      where _type_ ^in('MATRIX', 'DECISION', 'TRAINPRIOR', 'DATAPRIOR', 'DECPRIOR');
MPRINT(EM_DIAGRAM):   where _type_ ^in('MATRIX', 'DECISION', 'TRAINPRIOR', 'DATAPRIOR', 'DECPRIOR');
22168      label _TYPE_ = "%sysfunc(sasmsg(sashelp.dmine, rpt_type_vlabel,     NOQUOTE))" VARIABLE = "%sysfunc(sasmsg(sashelp.dmine, rpt_variable_vlabel, NOQUOTE))" LABEL = "%sysfunc(sasmsg(sashelp.dmine, meta_label_vlabel, NOQUOTE))";
MPRINT(EM_DIAGRAM):   label _TYPE_ = "Tipo" VARIABLE = "Variable" LABEL = "Etiqueta";
22169      title9 ' ';
MPRINT(EM_DIAGRAM):   title9 ' ';
22170      title10 "%sysfunc(sasmsg(sashelp.dmine, rpt_predDecVars_title  , NOQUOTE))";
MPRINT(EM_DIAGRAM):   title10 "Variables predichas y de decisión";
MPRINT(EM_DIAGRAM):   run;
22171      run;

NOTE: There were 7 observations read from the data set EMWS1.IDS_BAD_DM.
      WHERE _type_ not in ('DATAPRIOR', 'DECISION', 'DECPRIOR', 'MATRIX', 'TRAINPRIOR');
NOTE: The PROCEDURE PRINT printed page 3.
NOTE: PROCEDURE PRINT used (Total process time):
      real time           0.00 seconds
      cpu time            0.00 seconds
      

22172      title10;
MPRINT(EM_DIAGRAM):   title10;
22173      data WORK.M1NYOJHJ;
MPRINT(EM_DIAGRAM):    data WORK.M1NYOJHJ;
22174      set WORK.M1NYOJHJ;
MPRINT(EM_DIAGRAM):   set WORK.M1NYOJHJ;
22175      if role = 'TARGET' and use = 'Y' then do;
MPRINT(EM_DIAGRAM):   if role = 'TARGET' and use = 'Y' then do;
22176      role = 'TARGET';
MPRINT(EM_DIAGRAM):   role = 'TARGET';
22177      output;
MPRINT(EM_DIAGRAM):   output;
22178      end;
MPRINT(EM_DIAGRAM):   end;
22179      if role = 'INPUT' and use in ('Y','D','N') then do;
MPRINT(EM_DIAGRAM):   if role = 'INPUT' and use in ('Y','D','N') then do;
22180      role = 'INPUT';
MPRINT(EM_DIAGRAM):   role = 'INPUT';
22181      output;
MPRINT(EM_DIAGRAM):   output;
22182      end;
MPRINT(EM_DIAGRAM):   end;
22183      if role = 'REJECTED' and use = 'Y' then do;
MPRINT(EM_DIAGRAM):   if role = 'REJECTED' and use = 'Y' then do;
22184      role = 'INPUT';
MPRINT(EM_DIAGRAM):   role = 'INPUT';
22185      output;
MPRINT(EM_DIAGRAM):   output;
22186      end;
MPRINT(EM_DIAGRAM):   end;
22187      if role = 'FREQ' and use in ('Y', 'D') then do;
MPRINT(EM_DIAGRAM):   if role = 'FREQ' and use in ('Y', 'D') then do;
22188      role = 'FREQ';
MPRINT(EM_DIAGRAM):   role = 'FREQ';
22189      output;
MPRINT(EM_DIAGRAM):   output;
22190      end;
MPRINT(EM_DIAGRAM):   end;
22191      if role = 'REJECTED' and use in ('N', 'D') then do;
MPRINT(EM_DIAGRAM):   if role = 'REJECTED' and use in ('N', 'D') then do;
22192      role = 'REJECTED';
MPRINT(EM_DIAGRAM):   role = 'REJECTED';
22193      output;
MPRINT(EM_DIAGRAM):   output;
22194      end;
MPRINT(EM_DIAGRAM):   end;
22195      run;
MPRINT(EM_DIAGRAM):   run;

NOTE: There were 13 observations read from the data set WORK.M1NYOJHJ.
NOTE: The data set WORK.M1NYOJHJ has 13 observations and 21 variables.
NOTE: DATA statement used (Total process time):
      real time           0.00 seconds
      cpu time            0.00 seconds
      

22196      /*by pass cmeta */
22197      data WORK.M1NYOJHJ;
MPRINT(EM_DIAGRAM):    data WORK.M1NYOJHJ;
22198      set WORK.M1NYOJHJ;
MPRINT(EM_DIAGRAM):   set WORK.M1NYOJHJ;
22199      run;
MPRINT(EM_DIAGRAM):   run;

NOTE: There were 13 observations read from the data set WORK.M1NYOJHJ.
NOTE: The data set WORK.M1NYOJHJ has 13 observations and 21 variables.
NOTE: DATA statement used (Total process time):
      real time           0.00 seconds
      cpu time            0.00 seconds
      

22200      data WORK.M2KU5CN5;
MPRINT(EM_DIAGRAM):    data WORK.M2KU5CN5;
22201      set WORK.M2KU5CN5;
MPRINT(EM_DIAGRAM):   set WORK.M2KU5CN5;
22202      if role = 'INPUT' and use in ('N') then delete;
MPRINT(EM_DIAGRAM):   if role = 'INPUT' and use in ('N') then delete;
22203      if role = 'REJECTED' and use in ('N', 'D') then delete;
MPRINT(EM_DIAGRAM):   if role = 'REJECTED' and use in ('N', 'D') then delete;
22204      run;
MPRINT(EM_DIAGRAM):   run;

NOTE: There were 13 observations read from the data set WORK.M2KU5CN5.
NOTE: The data set WORK.M2KU5CN5 has 13 observations and 21 variables.
NOTE: DATA statement used (Total process time):
      real time           0.00 seconds
      cpu time            0.00 seconds
      

NOTE: Run proc dmdb with the specified maxlevel criterion. 
22205      *------------------------------------------------------------* ;
MPRINT(EM_DIAGRAM):    *------------------------------------------------------------* ;
22206      * EM: DMDBClass Macro ;
MPRINT(EM_DIAGRAM):   * EM: DMDBClass Macro ;
22207      *------------------------------------------------------------* ;
MPRINT(EM_DIAGRAM):   *------------------------------------------------------------* ;
22208      %macro DMDBClass;
22209          BAD(DESC) DELINQ(ASC) DEROG(ASC) JOB(ASC) NINQ(ASC) REASON(ASC)
22210      %mend DMDBClass;
22211      *------------------------------------------------------------* ;
MPRINT(EM_DIAGRAM):   *------------------------------------------------------------* ;
22212      * EM: DMDBVar Macro ;
MPRINT(EM_DIAGRAM):   * EM: DMDBVar Macro ;
22213      *------------------------------------------------------------* ;
MPRINT(EM_DIAGRAM):   *------------------------------------------------------------* ;
22214      %macro DMDBVar;
22215          CLAGE CLNO DEBTINC LOAN MORTDUE VALUE YOJ
22216      %mend DMDBVar;
22217      *------------------------------------------------------------*;
MPRINT(EM_DIAGRAM):   *------------------------------------------------------------*;
22218      * EM: Create DMDB;
MPRINT(EM_DIAGRAM):   * EM: Create DMDB;
22219      *------------------------------------------------------------*;
MPRINT(EM_DIAGRAM):   *------------------------------------------------------------*;
22220      libname _spdslib SPDE "C:\Users\JOSECA~1\AppData\Local\Temp\SAS Temporary Files\_TD11816_DESKTOP-97HB97B_\Prc2";
MPRINT(EM_DIAGRAM):   libname _spdslib SPDE "C:\Users\JOSECA~1\AppData\Local\Temp\SAS Temporary Files\_TD11816_DESKTOP-97HB97B_\Prc2";
NOTE: Libref _SPDSLIB was successfully assigned as follows: 
      Engine:        SPDE 
      Physical Name: C:\Users\JOSECA~1\AppData\Local\Temp\SAS Temporary Files\_TD11816_DESKTOP-97HB97B_\Prc2\
22221      proc dmdb batch data=EMWS1.Part_TRAIN
22222      dmdbcat=WORK.EM_DMDB
22223      maxlevel = 101
22224      out=_spdslib.EM_DMDB
22225      ;
MPRINT(EM_DIAGRAM):   proc dmdb batch data=EMWS1.Part_TRAIN dmdbcat=WORK.EM_DMDB maxlevel = 101 out=_spdslib.EM_DMDB ;
MPRINT(EM_DIAGRAM):   class
22226      class %DMDBClass;
MPRINT(DMDBCLASS):   BAD(DESC) DELINQ(ASC) DEROG(ASC) JOB(ASC) NINQ(ASC) REASON(ASC)
MPRINT(EM_DIAGRAM):  ;
MPRINT(EM_DIAGRAM):   var
22227      var %DMDBVar;
MPRINT(DMDBVAR):   CLAGE CLNO DEBTINC LOAN MORTDUE VALUE YOJ
MPRINT(EM_DIAGRAM):  ;
22228      target
22229      BAD
22230      ;
MPRINT(EM_DIAGRAM):   target BAD ;
22231      run;
MPRINT(EM_DIAGRAM):   run;

NOTE: Records processed = 2979   Memory used = 511K.
NOTE: There were 2979 observations read from the data set EMWS1.PART_TRAIN.
NOTE: The data set _SPDSLIB.EM_DMDB has 2979 observations and 13 variables.
NOTE: PROCEDURE DMDB used (Total process time):
      real time           0.02 seconds
      cpu time            0.00 seconds
      

MPRINT(EM_DIAGRAM):   quit;
22232      quit;

22233      *------------------------------------------------------------* ;
MPRINT(EM_DIAGRAM):    *------------------------------------------------------------* ;
22234      * Varsel: Input Variables Macro ;
MPRINT(EM_DIAGRAM):   * Varsel: Input Variables Macro ;
22235      *------------------------------------------------------------* ;
MPRINT(EM_DIAGRAM):   *------------------------------------------------------------* ;
22236      %macro INPUTS;
22237          CLAGE CLNO DEBTINC DELINQ DEROG JOB LOAN MORTDUE NINQ REASON VALUE YOJ
22238      %mend INPUTS;
22239      proc dmsplit data=_spdslib.EM_DMDB dmdbcat=WORK.EM_DMDB
22240      bins=50 chisq=3.84 passes=6 outvars=WORK._Varsel_OUTESTDMSPLIT
22241      PSHORT
22242      ;
MPRINT(EM_DIAGRAM):   proc dmsplit data=_spdslib.EM_DMDB dmdbcat=WORK.EM_DMDB bins=50 chisq=3.84 passes=6 outvars=WORK._Varsel_OUTESTDMSPLIT PSHORT ;
22243      ;
MPRINT(EM_DIAGRAM):   ;
MPRINT(EM_DIAGRAM):   var
22244      var %INPUTS;
MPRINT(INPUTS):   CLAGE CLNO DEBTINC DELINQ DEROG JOB LOAN MORTDUE NINQ REASON VALUE YOJ
MPRINT(EM_DIAGRAM):  ;
22245      target BAD;
MPRINT(EM_DIAGRAM):   target BAD;
22246      run;
MPRINT(EM_DIAGRAM):   run;


---------Beginning pass 1, Memory used=   0.51 Megs.----------

Nodes allocated=1, Stat areas=1, Free stat areas=0
2979 records read

---------Beginning pass 2, Memory used=   0.51 Megs.----------

Nodes allocated=3, Stat areas=2, Free stat areas=0
2979 records read

---------Beginning pass 3, Memory used=   0.51 Megs.----------

Nodes allocated=7, Stat areas=4, Free stat areas=0
2979 records read

---------Beginning pass 4, Memory used=   0.51 Megs.----------

Nodes allocated=15, Stat areas=8, Free stat areas=0
2979 records read

---------Beginning pass 5, Memory used=   0.51 Megs.----------

Nodes allocated=27, Stat areas=12, Free stat areas=0
2979 records read

---------Beginning pass 6, Memory used=   0.51 Megs.----------

Nodes allocated=43, Stat areas=17, Free stat areas=1
2979 records read
NOTE: The data set WORK._VARSEL_OUTESTDMSPLIT has 62 observations and 12 variables.
NOTE: The PROCEDURE DMSPLIT printed page 4.
NOTE: PROCEDURE DMSPLIT used (Total process time):
      real time           0.01 seconds
      cpu time            0.00 seconds
      

22247      proc split dmdbcat=WORK.EM_DMDB indmsplit subtree=largest outtree=EMWS1.Varsel_TREE
22248      outnodes =EMWS1.Varsel_OUTNODES outleaf = EMWS1.Varsel_OUTLEAF outimportance = EMWS1.Varsel_OUTIMPORTNC
22249      ;
MPRINT(EM_DIAGRAM):   proc split dmdbcat=WORK.EM_DMDB indmsplit subtree=largest outtree=EMWS1.Varsel_TREE outnodes =EMWS1.Varsel_OUTNODES outleaf = EMWS1.Varsel_OUTLEAF outimportance = EMWS1.Varsel_OUTIMPORTNC ;
22250      run;
MPRINT(EM_DIAGRAM):   run;

NOTE: 1643784 kilobytes of physical memory.
NOTE: The subtree sequence contains 22 subtrees. The largest has 43 nodes and 22 leaves.
NOTE: The data set EMWS1.VARSEL_OUTNODES has 43 observations and 20 variables.
NOTE: The data set EMWS1.VARSEL_OUTLEAF has 22 observations and 8 variables.
NOTE: The data set EMWS1.VARSEL_OUTIMPORTNC has 12 observations and 4 variables.
NOTE: The data set EMWS1.VARSEL_TREE has 919 observations and 4 variables.
NOTE: PROCEDURE SPLIT used (Total process time):
      real time           0.04 seconds
      cpu time            0.01 seconds
      

22251      data EMWS1.Varsel_OUTIMPORTNC;
MPRINT(EM_DIAGRAM):    data EMWS1.Varsel_OUTIMPORTNC;
22252      set EMWS1.Varsel_OUTIMPORTNC;
MPRINT(EM_DIAGRAM):   set EMWS1.Varsel_OUTIMPORTNC;
22253      if IMPORTNC = 0 then delete;
MPRINT(EM_DIAGRAM):   if IMPORTNC = 0 then delete;
22254      label NAME = "Variable";
MPRINT(EM_DIAGRAM):   label NAME = "Variable";
22255      label IMPORTNC = "Importancia relativa";
MPRINT(EM_DIAGRAM):   label IMPORTNC = "Importancia relativa";
22256      label LABEL = "Etiqueta";
MPRINT(EM_DIAGRAM):   label LABEL = "Etiqueta";
22257      label NRULES = "Número de reglas en el árbol";
MPRINT(EM_DIAGRAM):   label NRULES = "Número de reglas en el árbol";
22258      run;
MPRINT(EM_DIAGRAM):   run;

NOTE: There were 12 observations read from the data set EMWS1.VARSEL_OUTIMPORTNC.
NOTE: The data set EMWS1.VARSEL_OUTIMPORTNC has 9 observations and 4 variables.
NOTE: DATA statement used (Total process time):
      real time           0.01 seconds
      cpu time            0.00 seconds
      

22259      data EMWS1.Varsel_OUTAOV16;
MPRINT(EM_DIAGRAM):    data EMWS1.Varsel_OUTAOV16;
22260      set EMWS1.Varsel_OUTGROUP;
MPRINT(EM_DIAGRAM):   set EMWS1.Varsel_OUTGROUP;
22261      if STRIP(VARTYPE) eq 'AOV16' then output;
MPRINT(EM_DIAGRAM):   if STRIP(VARTYPE) eq 'AOV16' then output;
22262      DROP VARTYPE LEVEL LEVEL2 VARIABLE2;
MPRINT(EM_DIAGRAM):   DROP VARTYPE LEVEL LEVEL2 VARIABLE2;
22263      label NAME= "Nombre";
MPRINT(EM_DIAGRAM):   label NAME= "Nombre";
22264      label GROUP = "Grupo";
MPRINT(EM_DIAGRAM):   label GROUP = "Grupo";
22265      label VARIABLE = "Variable";
MPRINT(EM_DIAGRAM):   label VARIABLE = "Variable";
22266      label BIN = "Corte de clase";
MPRINT(EM_DIAGRAM):   label BIN = "Corte de clase";
22267      run;
MPRINT(EM_DIAGRAM):   run;

NOTE: There were 50 observations read from the data set EMWS1.VARSEL_OUTGROUP.
NOTE: The data set EMWS1.VARSEL_OUTAOV16 has 0 observations and 4 variables.
NOTE: DATA statement used (Total process time):
      real time           0.00 seconds
      cpu time            0.00 seconds
      

22268      data EMWS1.Varsel_OUTGINT;
MPRINT(EM_DIAGRAM):   data EMWS1.Varsel_OUTGINT;
22269      set EMWS1.Varsel_OUTGROUP;
MPRINT(EM_DIAGRAM):   set EMWS1.Varsel_OUTGROUP;
22270      if STRIP(VARTYPE) eq 'GINTER' then output;
MPRINT(EM_DIAGRAM):   if STRIP(VARTYPE) eq 'GINTER' then output;
22271      DROP VARTYPE BIN;
MPRINT(EM_DIAGRAM):   DROP VARTYPE BIN;
22272      label NAME= "Nombre";
MPRINT(EM_DIAGRAM):   label NAME= "Nombre";
22273      label GROUP = "Grupo";
MPRINT(EM_DIAGRAM):   label GROUP = "Grupo";
22274      label VARIABLE = "Variable 1";
MPRINT(EM_DIAGRAM):   label VARIABLE = "Variable 1";
22275      label VARIABLE2 = "Variable 2";
MPRINT(EM_DIAGRAM):   label VARIABLE2 = "Variable 2";
22276      label LEVEL = "Nivel 1";
MPRINT(EM_DIAGRAM):   label LEVEL = "Nivel 1";
22277      label LEVEL2 = "Nivel 2";
MPRINT(EM_DIAGRAM):   label LEVEL2 = "Nivel 2";
22278      run;
MPRINT(EM_DIAGRAM):   run;

NOTE: There were 50 observations read from the data set EMWS1.VARSEL_OUTGROUP.
NOTE: The data set EMWS1.VARSEL_OUTGINT has 0 observations and 6 variables.
NOTE: DATA statement used (Total process time):
      real time           0.00 seconds
      cpu time            0.00 seconds
      

22279      data EMWS1.Varsel_OUTGVAR;
MPRINT(EM_DIAGRAM):   data EMWS1.Varsel_OUTGVAR;
22280      set EMWS1.Varsel_OUTGROUP;
MPRINT(EM_DIAGRAM):   set EMWS1.Varsel_OUTGROUP;
22281      if STRIP(VARTYPE) eq 'GROUP' then output;
MPRINT(EM_DIAGRAM):   if STRIP(VARTYPE) eq 'GROUP' then output;
22282      DROP VARTYPE BIN VARIABLE2 LEVEL2;
MPRINT(EM_DIAGRAM):   DROP VARTYPE BIN VARIABLE2 LEVEL2;
22283      label NAME= "Nombre";
MPRINT(EM_DIAGRAM):   label NAME= "Nombre";
22284      label GROUP = "Grupo";
MPRINT(EM_DIAGRAM):   label GROUP = "Grupo";
22285      label VARIABLE = "Variable";
MPRINT(EM_DIAGRAM):   label VARIABLE = "Variable";
22286      label LEVEL = "Nivel";
MPRINT(EM_DIAGRAM):   label LEVEL = "Nivel";
22287      run;
MPRINT(EM_DIAGRAM):   run;

NOTE: There were 50 observations read from the data set EMWS1.VARSEL_OUTGROUP.
NOTE: The data set EMWS1.VARSEL_OUTGVAR has 50 observations and 4 variables.
NOTE: DATA statement used (Total process time):
      real time           0.00 seconds
      cpu time            0.00 seconds
      

MPRINT(EM_DIAGRAM):   quit;
22288      quit;

22289      options nonotes nosource;
MPRINT(EM_DIAGRAM):    options nonotes nosource;
MPRINT(EM_DIAGRAM):   data _null_;
MPRINT(EM_DIAGRAM):   file print;
MPRINT(EM_DIAGRAM):   put ' ';
MPRINT(EM_DIAGRAM):   put '-------------------------------------------------------------------';
MPRINT(EM_DIAGRAM):   put "Resumen de Selección de variable para el entrenamiento";
MPRINT(EM_DIAGRAM):   put '-------------------------------------------------------------------';
MPRINT(EM_DIAGRAM):   put ' ';
MPRINT(EM_DIAGRAM):   put ' ';
MPRINT(EM_DIAGRAM):   put "Nombre del target: BAD";
MPRINT(EM_DIAGRAM):   put "Nivel del target: BINARY";
MPRINT(EM_DIAGRAM):   put "Modelo de selección de la variable: Chi-cuadrado";
MPRINT(EM_DIAGRAM):   put '  ';
MPRINT(EM_DIAGRAM):   put "Número total de inputs: 12";
MPRINT(EM_DIAGRAM):   put "Número total de inputs utilizados: 12";
MPRINT(EM_DIAGRAM):   put "Número total de inputs no utilizados: 0";
MPRINT(EM_DIAGRAM):   put "Número total de inputs rechazados: 3";
MPRINT(EM_DIAGRAM):   put ' ';
MPRINT(EM_DIAGRAM):   put "Porcentaje máximo ausente: 50";
MPRINT(EM_DIAGRAM):   put "NOTE: el porcentaje ausente máximo no ha rechazado ninguna variable";
MPRINT(EM_DIAGRAM):   put ' ';
MPRINT(EM_DIAGRAM):   put "Nivel de clase máximo: 100";
MPRINT(EM_DIAGRAM):   put "NOTE: el nivel de clase máximo no ha rechazado ninguna variable";
MPRINT(EM_DIAGRAM):   put ' ';
MPRINT(EM_DIAGRAM):   options notes source;
MPRINT(EM_DIAGRAM):   run;
22314      run;

NOTE: 14 lines were written to file PRINT.
NOTE: The DATA step printed page 5.
NOTE: DATA statement used (Total process time):
      real time           0.00 seconds
      cpu time            0.00 seconds
      

22315      data EMWS1.Varsel_RESULTEDVARS;
MPRINT(EM_DIAGRAM):    data EMWS1.Varsel_RESULTEDVARS;
22316      run;
MPRINT(EM_DIAGRAM):   run;

NOTE: The data set EMWS1.VARSEL_RESULTEDVARS has 1 observations and 0 variables.
NOTE: DATA statement used (Total process time):
      real time           0.00 seconds
      cpu time            0.00 seconds
      

22317      libname _spdslib;
MPRINT(EM_DIAGRAM):    libname _spdslib;
NOTE: Libref _SPDSLIB has been deassigned.
MPRINT(EM_DIAGRAM):    proc printto;
MPRINT(EM_DIAGRAM):   run;
