NOTE: PROCEDURE PRINTTO used (Total process time):
      real time           0.00 seconds
      cpu time            0.00 seconds
      

Traverser: Traverser invoked.  MPCONNECT command is !sascmdv -nosyntaxcheck -noasynchio -noobjectserver. 
Traverser: Beginning flow traversal 
17155      data _null_;
MPRINT(EM_DIAGRAM):    data _null_;
17156      file emwipmsg;
MPRINT(EM_DIAGRAM):   file emwipmsg;
17157      put '<Node Id="Ids" Event="Run" Pid="13652" Gridid=""/>';
MPRINT(EM_DIAGRAM):   put '<Node Id="Ids" Event="Run" Pid="13652" Gridid=""/>';
17158      run;
MPRINT(EM_DIAGRAM):   run;

NOTE: The file EMWIPMSG is:
      Local Host Name=DESKTOP-97HB97B,
      Local Host IP addr=fe80::385d:cb23:9c91:f1ed%10,
      Peer Hostname Name=DESKTOP-97HB97B,
      Peer IP addr=127.0.0.1,Peer Name=N/A,
      Peer Portno=49412,Lrecl=32767,Recfm=Variable

NOTE: 1 record was written to the file EMWIPMSG.
      The minimum record length was 50.
      The maximum record length was 50.
NOTE: DATA statement used (Total process time):
      real time           0.00 seconds
      cpu time            0.00 seconds
      

17159      %let emloopmode =;
*------------------------------------------------------------* 
* 
* Ids : Beginning update before running 
* datetime : 28MAR2021:20:57:46 
* 
*------------------------------------------------------------* 
NOTE: Data file JOSE.GERMAN.DATA is in a format that is native to another host, or the file encoding does not match the session encoding. Cross Environment Data Access will be used, which might require additional CPU resources and might reduce 
      performance.
MPRINT(EM_DIAGRAM):     filename _emtool_ 'C:\Jose\DM_ang\Workspaces\EMWS5\Ids\PROPERTIES.xml' encoding="UTF-8" NOBOM;
17161      %let _HPDMGRIDHOST=;
17162      %let _HPDMGRIDINSTALLLOC=;
17163      %let _HPDMGRIDDATASERVER=;
17164      %hpdm_gridSetOPtions;
MPRINT(EM_DIAGRAM):   
MPRINT(HPDM_GRIDSETOPTIONS):   data _null_;
MPRINT(HPDM_GRIDSETOPTIONS):   length optionString string $2000;
MPRINT(HPDM_GRIDSETOPTIONS):   optionString = reverse(getoption('SET'));
MPRINT(HPDM_GRIDSETOPTIONS):   index = index(optionString, reverse('GRIDHOST'));
MPRINT(HPDM_GRIDSETOPTIONS):   if index then do;
MPRINT(HPDM_GRIDSETOPTIONS):   string = reverse(substr(optionString, 1, index-4));
MPRINT(HPDM_GRIDSETOPTIONS):   host = '"'!!strip(tranwrd(scan(string, 1, ']'), '"', ''))!!'"';
MPRINT(HPDM_GRIDSETOPTIONS):   call symput('_HPDMGRIDHOST', strip(host));
MPRINT(HPDM_GRIDSETOPTIONS):   end;
MPRINT(HPDM_GRIDSETOPTIONS):   index = index(optionString, reverse('GRIDINSTALLLOC'));
MPRINT(HPDM_GRIDSETOPTIONS):   if index then do;
MPRINT(HPDM_GRIDSETOPTIONS):   string = reverse(substr(optionString, 1, index-4));
MPRINT(HPDM_GRIDSETOPTIONS):   install = '"'!!strip(tranwrd(scan(string, 1, ']'), '"', ''))!!'"';
MPRINT(HPDM_GRIDSETOPTIONS):   call symput('_HPDMGRIDINSTALLLOC', strip(install));
MPRINT(HPDM_GRIDSETOPTIONS):   end;
MPRINT(HPDM_GRIDSETOPTIONS):   index = index(optionString, reverse('GRIDDATASERVER'));
MPRINT(HPDM_GRIDSETOPTIONS):   if index then do;
MPRINT(HPDM_GRIDSETOPTIONS):   string = reverse(substr(optionString, 1, index-4));
MPRINT(HPDM_GRIDSETOPTIONS):   server = '"'!!strip(tranwrd(scan(string, 1, ']'), '"', ''))!!'"';
MPRINT(HPDM_GRIDSETOPTIONS):   call symput('_HPDMGRIDDATASERVER', strip(server));
MPRINT(HPDM_GRIDSETOPTIONS):   end;
MPRINT(HPDM_GRIDSETOPTIONS):   run;

NOTE: DATA statement used (Total process time):
      real time           0.00 seconds
      cpu time            0.00 seconds
      

MPRINT(EM_DIAGRAM):  ;

*------------------------------------------------------------* 
* 
* Ids : End update 
* datetime : 28MAR2021:20:57:46 
* 
*------------------------------------------------------------* 
17165      %em_getactionstatus(emlib =EMWS5, nodeid=Ids);
MPRINT(EM_DIAGRAM):   
MPRINT(EM_GETACTIONSTATUS):   proc display c=sashelp.emutil.getactionstatus.scl;
MPRINT(EM_GETACTIONSTATUS):   run;

17166      %let em_Train = N;
17167      %let em_Score = N;
17168      %let em_Report = N;
17169      %let em_Run = N;
NOTE: PROCEDURE DISPLAY used (Total process time):
      real time           0.00 seconds
      cpu time            0.00 seconds
      

MPRINT(EM_GETACTIONSTATUS):   
MPRINT(EM_DIAGRAM):  ;

Node "Ids" has already run. 
Node "Ids" succeeded. 
17170      data _null_;
MPRINT(EM_DIAGRAM):    data _null_;
17171      file emwipmsg;
MPRINT(EM_DIAGRAM):   file emwipmsg;
17172      put '<Node Id="Ids" Event="Complete" Pid="13652" Gridid=""/>';
MPRINT(EM_DIAGRAM):   put '<Node Id="Ids" Event="Complete" Pid="13652" Gridid=""/>';
17173      run;
MPRINT(EM_DIAGRAM):   run;

NOTE: The file EMWIPMSG is:
      Local Host Name=DESKTOP-97HB97B,
      Local Host IP addr=fe80::385d:cb23:9c91:f1ed%10,
      Peer Hostname Name=DESKTOP-97HB97B,
      Peer IP addr=127.0.0.1,Peer Name=N/A,
      Peer Portno=49412,Lrecl=32767,Recfm=Variable

NOTE: 1 record was written to the file EMWIPMSG.
      The minimum record length was 55.
      The maximum record length was 55.
NOTE: DATA statement used (Total process time):
      real time           0.00 seconds
      cpu time            0.00 seconds
      

traverser_readyNode_note 
17174      data _null_;
MPRINT(EM_DIAGRAM):    data _null_;
17175      file emwipmsg;
MPRINT(EM_DIAGRAM):   file emwipmsg;
17176      put '<Node Id="Plot" Event="Run" Pid="13652" Gridid=""/>';
MPRINT(EM_DIAGRAM):   put '<Node Id="Plot" Event="Run" Pid="13652" Gridid=""/>';
17177      run;
MPRINT(EM_DIAGRAM):   run;

NOTE: The file EMWIPMSG is:
      Local Host Name=DESKTOP-97HB97B,
      Local Host IP addr=fe80::385d:cb23:9c91:f1ed%10,
      Peer Hostname Name=DESKTOP-97HB97B,
      Peer IP addr=127.0.0.1,Peer Name=N/A,
      Peer Portno=49412,Lrecl=32767,Recfm=Variable

NOTE: 1 record was written to the file EMWIPMSG.
      The minimum record length was 51.
      The maximum record length was 51.
NOTE: DATA statement used (Total process time):
      real time           0.00 seconds
      cpu time            0.01 seconds
      

17178      %let emloopmode =;
*------------------------------------------------------------* 
* 
* Plot : Beginning update before running 
* datetime : 28MAR2021:20:57:46 
* 
*------------------------------------------------------------* 
MPRINT(EM_DIAGRAM):     data WORK.Plot_FILTERSET;
MPRINT(EM_DIAGRAM):   length PORT $32 USE $1;
MPRINT(EM_DIAGRAM):   DROP DELTACODE APPLYDELTA APPLYSCORE IMPORTPORT;
MPRINT(EM_DIAGRAM):   set EMWS5.Ids_exportSet ;
MPRINT(EM_DIAGRAM):   PORT = '';
MPRINT(EM_DIAGRAM):   USE = '';
MPRINT(EM_DIAGRAM):   where role in( "RAW" "TRAIN" "VALIDATE" "TEST" ) and EXPORT = 'Y' ;
MPRINT(EM_DIAGRAM):   run;
NOTE: This SAS session is using a registry in WORK.  All changes will be lost at the end of this session.
17197      data _null_;
MPRINT(EM_DIAGRAM):    data _null_;
17198      set EMWS5.Ids_CMeta_DATA (obs=1);
MPRINT(EM_DIAGRAM):   set EMWS5.Ids_CMeta_DATA (obs=1);
17199      run;
MPRINT(EM_DIAGRAM):   run;

NOTE: There were 1 observations read from the data set EMWS5.IDS_CMETA_DATA.
NOTE: DATA statement used (Total process time):
      real time           0.00 seconds
      cpu time            0.00 seconds
      

17200      *------------------------------------------------------------*;
MPRINT(EM_DIAGRAM):    *------------------------------------------------------------*;
17201      * Plot: Update Variables Set;
MPRINT(EM_DIAGRAM):   * Plot: Update Variables Set;
17202      *------------------------------------------------------------*;
MPRINT(EM_DIAGRAM):   *------------------------------------------------------------*;

17203      data EMWS5.Plot_VariableSet;
MPRINT(EM_DIAGRAM):    data EMWS5.Plot_VariableSet;
17204      length USE $1;
MPRINT(EM_DIAGRAM):   length USE $1;
17205      label USE = "Use";
MPRINT(EM_DIAGRAM):   label USE = "Use";
17206      set EMWS5.Ids_CMeta_DATA;
MPRINT(EM_DIAGRAM):   set EMWS5.Ids_CMeta_DATA;
17207      where(ROLE in("TARGET" "INPUT" "REJECTED" "FREQ" "PREDICT" "RESIDUAL" "ASSESS" "GROUP"));
MPRINT(EM_DIAGRAM):   where(ROLE in("TARGET" "INPUT" "REJECTED" "FREQ" "PREDICT" "RESIDUAL" "ASSESS" "GROUP"));
17208      run;
MPRINT(EM_DIAGRAM):   run;

NOTE: Variable USE is uninitialized.
NOTE: There were 21 observations read from the data set EMWS5.IDS_CMETA_DATA.
      WHERE ROLE in ('ASSESS', 'FREQ', 'GROUP', 'INPUT', 'PREDICT', 'REJECTED', 'RESIDUAL', 'TARGET');
NOTE: The data set EMWS5.PLOT_VARIABLESET has 21 observations and 21 variables.
NOTE: DATA statement used (Total process time):
      real time           0.00 seconds
      cpu time            0.00 seconds
      

17209      * Plot: End of Update Variables Set;
MPRINT(EM_DIAGRAM):    * Plot: End of Update Variables Set;
17210      *------------------------------------------------------------*;
MPRINT(EM_DIAGRAM):   *------------------------------------------------------------*;

MPRINT(EM_DIAGRAM):    filename _emtool_ 'C:\Jose\DM_ang\Workspaces\EMWS5\Plot\PROPERTIES.xml' encoding="UTF-8" NOBOM;
17212      %let _HPDMGRIDHOST=;
17213      %let _HPDMGRIDINSTALLLOC=;
17214      %let _HPDMGRIDDATASERVER=;
17215      %hpdm_gridSetOPtions;
MPRINT(EM_DIAGRAM):   
MPRINT(HPDM_GRIDSETOPTIONS):   data _null_;
MPRINT(HPDM_GRIDSETOPTIONS):   length optionString string $2000;
MPRINT(HPDM_GRIDSETOPTIONS):   optionString = reverse(getoption('SET'));
MPRINT(HPDM_GRIDSETOPTIONS):   index = index(optionString, reverse('GRIDHOST'));
MPRINT(HPDM_GRIDSETOPTIONS):   if index then do;
MPRINT(HPDM_GRIDSETOPTIONS):   string = reverse(substr(optionString, 1, index-4));
MPRINT(HPDM_GRIDSETOPTIONS):   host = '"'!!strip(tranwrd(scan(string, 1, ']'), '"', ''))!!'"';
MPRINT(HPDM_GRIDSETOPTIONS):   call symput('_HPDMGRIDHOST', strip(host));
MPRINT(HPDM_GRIDSETOPTIONS):   end;
MPRINT(HPDM_GRIDSETOPTIONS):   index = index(optionString, reverse('GRIDINSTALLLOC'));
MPRINT(HPDM_GRIDSETOPTIONS):   if index then do;
MPRINT(HPDM_GRIDSETOPTIONS):   string = reverse(substr(optionString, 1, index-4));
MPRINT(HPDM_GRIDSETOPTIONS):   install = '"'!!strip(tranwrd(scan(string, 1, ']'), '"', ''))!!'"';
MPRINT(HPDM_GRIDSETOPTIONS):   call symput('_HPDMGRIDINSTALLLOC', strip(install));
MPRINT(HPDM_GRIDSETOPTIONS):   end;
MPRINT(HPDM_GRIDSETOPTIONS):   index = index(optionString, reverse('GRIDDATASERVER'));
MPRINT(HPDM_GRIDSETOPTIONS):   if index then do;
MPRINT(HPDM_GRIDSETOPTIONS):   string = reverse(substr(optionString, 1, index-4));
MPRINT(HPDM_GRIDSETOPTIONS):   server = '"'!!strip(tranwrd(scan(string, 1, ']'), '"', ''))!!'"';
MPRINT(HPDM_GRIDSETOPTIONS):   call symput('_HPDMGRIDDATASERVER', strip(server));
MPRINT(HPDM_GRIDSETOPTIONS):   end;
MPRINT(HPDM_GRIDSETOPTIONS):   run;

NOTE: DATA statement used (Total process time):
      real time           0.00 seconds
      cpu time            0.00 seconds
      

MPRINT(EM_DIAGRAM):  ;

*------------------------------------------------------------* 
* 
* Plot : End update 
* datetime : 28MAR2021:20:57:47 
* 
*------------------------------------------------------------* 
17216      %em_getactionstatus(emlib =EMWS5, nodeid=Plot);
MPRINT(EM_DIAGRAM):   
MPRINT(EM_GETACTIONSTATUS):   proc display c=sashelp.emutil.getactionstatus.scl;
MPRINT(EM_GETACTIONSTATUS):   run;

17217      %let em_Train = Y;
17218      %let em_Report = Y;
17219      %let em_Score = Y;
17220      %let em_Run = Y;
NOTE: PROCEDURE DISPLAY used (Total process time):
      real time           0.00 seconds
      cpu time            0.00 seconds
      

MPRINT(EM_GETACTIONSTATUS):   
MPRINT(EM_DIAGRAM):  ;

17221      %let emloopmode =;
17222      %let emloopnumber =0;
17223      %let emloopId =Plot;
*------------------------------------------------------------* 
* 
* Plot : Running 
* datetime : 28MAR2021:20:57:47 
* 
*------------------------------------------------------------* 
17224      %let SYSCC =0;
17225      %let EMGROUPMODE =;
17226      %let EMGROUPID =;
MPRINT(EM_DIAGRAM):      filename temp catalog 'sashelp.emutil.em_vardist.source';
MPRINT(EM_DIAGRAM):   filename temp;
MPRINT(EM_DIAGRAM):   filename temp catalog 'sashelp.emutil.em_classdist.source';
MPRINT(EM_DIAGRAM):   filename temp;
MPRINT(EM_DIAGRAM):   filename temp catalog 'sashelp.emutil.em_checksetinit.source';
MPRINT(EM_DIAGRAM):   filename temp;
MPRINT(EM_DIAGRAM):   filename temp catalog 'sashelp.emutil.em_checkerror.source';
MPRINT(EM_DIAGRAM):   filename temp;
MPRINT(EM_DIAGRAM):   filename temp catalog 'sashelp.emutil.em_odsliston.source';
MPRINT(EM_DIAGRAM):   filename temp;
MPRINT(EM_DIAGRAM):   filename temp catalog 'sashelp.emutil.em_odslistoff.source';
MPRINT(EM_DIAGRAM):   filename temp;
MPRINT(EM_DIAGRAM):   filename temp catalog 'sashelp.emutil.em_getvarname.source';
MPRINT(EM_DIAGRAM):   filename temp;
MPRINT(EM_DIAGRAM):   filename temp catalog 'sashelp.emassmt.em_assess.source';
MPRINT(EM_DIAGRAM):   filename temp;
MPRINT(EM_DIAGRAM):    filename L1YWLOLK "C:\Jose\DM_ang\Workspaces\EMWS5\Plot\EMTRAIN.log" encoding="UTF-8" NOBOM;
MPRINT(EM_DIAGRAM):   proc printto log=L1YWLOLK new;
MPRINT(EM_DIAGRAM):   run;
