 
                                                                                                                                                                                                                                                                
 
 
Variable Summary

          Measurement    Frequency
 Role        Level         Count

INPUT      INTERVAL           2   
INPUT      NOMINAL           10   
TARGET     BINARY             1   
 
                                                                                                                                                                                                                                                                
 
 
Model Events

                                   Number
                    Measurement      of
Target     Event       Level       Levels      Order        Label

default      1        BINARY          2      Descending    default
 
                                                                                                                                                                                                                                                                
 
 
Decision Matrix

             Training
default    Proportions    1    0

   1           0.3        0    5
   0           0.7        1    0
 
                                                                                                                                                                                                                                                                
 
 
Predicted and decision variables

Type              Variable     Label

TARGET           default       default               
PREDICTED        P_default1    Predicted: default=1  
RESIDUAL         R_default1    Residual: default=1   
PREDICTED        P_default0    Predicted: default=0  
RESIDUAL         R_default0    Residual: default=0   
FROM             F_default     From: default         
INTO             I_default     Into: default         
MODELDECISION    D_default     Decision: default     
EXPECTEDLOSS     EL_DEFAULT    Expected Loss: default
COMPUTEDLOSS     CL_DEFAULT    Computed Loss: default
BESTLOSS         BL_DEFAULT    Best Loss: default    
 
                                                                                                                                                                                                                                                                
 
 

The NEURAL Procedure

Preliminary       Starting         Objective         Number
 Training          Random           Function           of        Terminating
    Run             Seed             Value         Iterations     Criteria

        1               12345    0.427487205251           10                
        2          2070565722    0.431765075165           10                
        3           544161648    0.417836695628           10                
        4           293349623    0.429081759509           10                
        5           833458745    0.428233758985           10                
 
                                                                                                                                                                                                                                                                
 
 

The NEURAL Procedure

                      Optimization Start
                     Parameter Estimates
                                                     Gradient
                                                    Objective
  N Parameter                        Estimate        Function

  1 age_H11                         -0.047020       -0.001368
  2 duration_H11                    -0.214112        0.001782
  3 age_H12                          0.138647       -0.000202
  4 duration_H12                     0.062294       -0.000148
  5 age_H13                         -0.124395       -0.003017
  6 duration_H13                    -0.570145       -0.000879
  7 age_H14                          0.086794        0.001164
  8 duration_H14                    -0.577587        0.017674
  9 age_H15                          0.229834       -0.004718
 10 duration_H15                     0.365851        0.019219
 11 age_H16                          0.038698       -0.000917
 12 duration_H16                    -0.190212       -0.001128
 13 acc_statusA11_H11                0.383702       -0.002581
 14 acc_statusA12_H11                0.173352       -0.000314
 15 acc_statusA13_H11                0.062480       -0.002230
 16 credit_historyA30_H11           -0.202719        0.003189
 17 credit_historyA31_H11           -0.130609        0.003871
 18 credit_historyA32_H11            0.096676        0.005162
 19 credit_historyA33_H11           -0.068517        0.003720
 20 employmentA71_H11                0.419734        0.001297
 21 employmentA72_H11                0.020238       -0.000900
 22 employmentA73_H11                0.006608       -0.000552
 23 employmentA74_H11                0.109213       -0.001671
 24 instalment1_H11                 -0.011100        0.002122
 25 instalment2_H11                 -0.031772        0.002843
 26 instalment3_H11                  0.309766        0.000550
 27 jobA171_H11                     -0.024926       -0.000359
 28 jobA172_H11                      0.260402        0.001114
 29 jobA173_H11                     -0.116435       -0.000546
 30 other_instalmentsA141_H11        0.157810       -0.001513
 31 other_instalmentsA142_H11        0.093702       -0.001090
 32 personal_statusA91_H11          -0.171658        0.002137
 33 personal_statusA92_H11           0.147355        0.000223
 34 personal_statusA93_H11           0.111881        0.003697
 35 pourposeA40_H11                 -0.039379        0.000669
 36 pourposeA41_H11                 -0.233166       -0.000269
 37 pourposeA410_H11                -0.369627       -0.000354
 38 pourposeA42_H11                  0.101361       -0.001082
 39 pourposeA43_H11                 -0.270063       -0.000113
 40 pourposeA44_H11                 -0.047251       -0.000185
 41 pourposeA45_H11                 -0.060442        0.000281
 42 pourposeA46_H11                  0.138682        0.000151
 43 pourposeA48_H11                 -0.208834       -0.000548
 44 residence1_H11                   0.366824       -0.001827
 45 residence2_H11                  -0.086478       -0.000377
 46 residence3_H11                   0.022850       -0.002696
 47 savingsA61_H11                  -0.189087        0.004546
 48 savingsA62_H11                  -0.152695        0.003196
 49 savingsA63_H11                  -0.068551        0.002023
 50 savingsA64_H11                  -0.036222        0.001810
 51 acc_statusA11_H12               -0.253045     0.000045387
 52 acc_statusA12_H12               -0.025315    -0.000060826
 53 acc_statusA13_H12                0.099289        0.000123
 54 credit_historyA30_H12           -0.132053    -0.000052105
 55 credit_historyA31_H12           -0.028360    -0.000022301
 56 credit_historyA32_H12           -0.072897    -0.000056521
 57 credit_historyA33_H12            0.185719    -0.000095802
 58 employmentA71_H12               -0.217357        0.000150
 59 employmentA72_H12                0.068543        0.000154
 60 employmentA73_H12               -0.107154        0.000154
 61 employmentA74_H12                0.200904        0.000271
 62 instalment1_H12                  0.181915    -0.000097078
 63 instalment2_H12                 -0.013048       -0.000170
 64 instalment3_H12                  0.028266    -0.000075774
 65 jobA171_H12                      0.159199        0.000194
 66 jobA172_H12                     -0.131539     0.000036757
 67 jobA173_H12                     -0.232300        0.000229
 68 other_instalmentsA141_H12        0.181068        0.000125
 69 other_instalmentsA142_H12        0.206695        0.000145
 70 personal_statusA91_H12          -0.045571    -0.000060051
 71 personal_statusA92_H12           0.218886     0.000006368
 72 personal_statusA93_H12           0.196294       -0.000226
 73 pourposeA40_H12                 -0.015156    -0.000085359
 74 pourposeA41_H12                 -0.002122     0.000092086
 75 pourposeA410_H12                 0.023318     0.000043264
 76 pourposeA42_H12                 -0.096007     0.000053098
 77 pourposeA43_H12                  0.017849     0.000095264
 78 pourposeA44_H12                 -0.005002     0.000092010
 79 pourposeA45_H12                  0.053066     0.000058205
 80 pourposeA46_H12                 -0.095081     0.000074809
 81 pourposeA48_H12                 -0.117325     0.000082850
 82 residence1_H12                   0.083749        0.000303
 83 residence2_H12                  -0.167998        0.000145
 84 residence3_H12                   0.053954        0.000315
 85 savingsA61_H12                  -0.130245       -0.000252
 86 savingsA62_H12                   0.131574       -0.000178
 87 savingsA63_H12                   0.157137    -0.000090191
 88 savingsA64_H12                  -0.303677       -0.000109
 89 acc_statusA11_H13               -0.251613        0.002928
 90 acc_statusA12_H13               -0.132315        0.005990
 91 acc_statusA13_H13                0.058624       -0.002928
 92 credit_historyA30_H13           -0.369785        0.003061
 93 credit_historyA31_H13           -0.277814        0.004885
 94 credit_historyA32_H13            0.095277        0.010099
 95 credit_historyA33_H13           -0.014271        0.003282
 96 employmentA71_H13               -0.292609       -0.001203
 97 employmentA72_H13               -0.561145       -0.000528
 98 employmentA73_H13               -0.183056        0.002209
 99 employmentA74_H13                0.487720       -0.003149
100 instalment1_H13                  0.011410       -0.000846
101 instalment2_H13                 -0.086269        0.001016
102 instalment3_H13                 -0.262592       -0.003756
103 jobA171_H13                      0.324617       -0.002522
104 jobA172_H13                      0.189099        0.002432
105 jobA173_H13                      0.252616        0.003406
106 other_instalmentsA141_H13       -0.251714       -0.012407
107 other_instalmentsA142_H13        0.036873       -0.014966
108 personal_statusA91_H13          -0.403321        0.003058
109 personal_statusA92_H13          -0.441035        0.005426
110 personal_statusA93_H13          -0.028016        0.010457
111 pourposeA40_H13                  0.202152        0.006385
112 pourposeA41_H13                  0.299936       -0.000595
113 pourposeA410_H13                -0.090296       -0.001256
114 pourposeA42_H13                  0.126595        0.002942
115 pourposeA43_H13                  0.446677       -0.002158
116 pourposeA44_H13                 -0.097075       -0.000776
117 pourposeA45_H13                 -0.257312        0.000170
118 pourposeA46_H13                 -0.314296        0.001106
119 pourposeA48_H13                 -0.195019       -0.002201
120 residence1_H13                   0.208450       -0.010982
121 residence2_H13                  -0.058722       -0.007032
122 residence3_H13                  -0.136218       -0.010218
123 savingsA61_H13                   0.259768        0.011303
124 savingsA62_H13                   0.437535        0.003143
125 savingsA63_H13                   0.462245        0.001436
126 savingsA64_H13                   0.525367       -0.001219
127 acc_statusA11_H14               -0.514134        0.014951
128 acc_statusA12_H14                0.109255        0.014036
129 acc_statusA13_H14               -0.018942        0.001992
130 credit_historyA30_H14           -0.128246        0.009770
131 credit_historyA31_H14            0.197364        0.020314
132 credit_historyA32_H14            0.161905        0.021414
133 credit_historyA33_H14            0.205938        0.018733
134 employmentA71_H14                0.218992       -0.003620
135 employmentA72_H14               -0.230845       -0.008550
136 employmentA73_H14                0.065537       -0.009843
137 employmentA74_H14               -0.307693       -0.005918
138 instalment1_H14                  0.392967        0.006528
139 instalment2_H14                  0.420155        0.012053
140 instalment3_H14                 -0.380274        0.013989
141 jobA171_H14                     -0.450158       -0.001812
142 jobA172_H14                      0.030555     0.000037459
143 jobA173_H14                     -0.386471       -0.000957
144 other_instalmentsA141_H14       -0.271080        0.008969
145 other_instalmentsA142_H14        0.363073        0.002096
146 personal_statusA91_H14          -0.106512        0.008849
147 personal_statusA92_H14           0.171045        0.012109
148 personal_statusA93_H14           0.368149        0.026346
149 pourposeA40_H14                 -0.313570        0.005824
150 pourposeA41_H14                  0.287702        0.003315
151 pourposeA410_H14                 0.039818        0.003575
152 pourposeA42_H14                  0.525463        0.005818
153 pourposeA43_H14                 -0.018394       -0.006946
154 pourposeA44_H14                 -0.085762        0.001675
155 pourposeA45_H14                 -0.305674        0.005843
156 pourposeA46_H14                 -0.146106        0.003789
157 pourposeA48_H14                 -0.233179        0.000404
158 residence1_H14                   0.435926       -0.020982
159 residence2_H14                  -0.454709       -0.015922
160 residence3_H14                   0.170494       -0.024261
161 savingsA61_H14                  -0.423067        0.003404
162 savingsA62_H14                  -0.114063        0.003021
163 savingsA63_H14                  -0.246557        0.000787
164 savingsA64_H14                   0.248493       -0.002392
165 acc_statusA11_H15               -0.558451        0.007210
166 acc_statusA12_H15               -0.261793        0.005640
167 acc_statusA13_H15                0.139261        0.001908
168 credit_historyA30_H15           -0.587512        0.007379
169 credit_historyA31_H15            0.194125        0.006949
170 credit_historyA32_H15           -0.364444        0.013486
171 credit_historyA33_H15            0.216033        0.011646
172 employmentA71_H15               -0.085234        0.001907
173 employmentA72_H15               -0.198497        0.001881
174 employmentA73_H15               -0.152703       -0.006135
175 employmentA74_H15                0.623310       -0.001317
176 instalment1_H15                 -0.050192        0.008400
177 instalment2_H15                 -0.100411        0.009636
178 instalment3_H15                  0.372131        0.009921
179 jobA171_H15                      0.285528       -0.006450
180 jobA172_H15                     -0.069034       -0.005468
181 jobA173_H15                      0.117209       -0.007684
182 other_instalmentsA141_H15       -0.500193        0.002431
183 other_instalmentsA142_H15       -0.289246       -0.002248
184 personal_statusA91_H15          -0.005614        0.001046
185 personal_statusA92_H15          -0.051046        0.009858
186 personal_statusA93_H15           0.103112        0.005516
187 pourposeA40_H15                 -0.393532        0.004261
188 pourposeA41_H15                  0.550970        0.006003
189 pourposeA410_H15                 0.181423        0.004195
190 pourposeA42_H15                 -0.210296        0.006495
191 pourposeA43_H15                  0.134129       -0.001521
192 pourposeA44_H15                  0.340137        0.001166
193 pourposeA45_H15                  0.005507        0.002979
194 pourposeA46_H15                  0.304879        0.000408
195 pourposeA48_H15                  0.025530        0.001017
196 residence1_H15                  -0.136327       -0.007036
197 residence2_H15                   0.250658       -0.020987
198 residence3_H15                  -0.388950       -0.016934
199 savingsA61_H15                  -0.163306        0.005298
200 savingsA62_H15                  -0.050802        0.007270
201 savingsA63_H15                  -0.305336        0.005343
202 savingsA64_H15                  -0.041816        0.004130
203 acc_statusA11_H16               -0.019413       -0.000558
204 acc_statusA12_H16               -0.100528       -0.001365
205 acc_statusA13_H16                0.156159    -0.000061144
206 credit_historyA30_H16            0.246652       -0.001022
207 credit_historyA31_H16           -0.290591       -0.001336
208 credit_historyA32_H16            0.003620       -0.002048
209 credit_historyA33_H16            0.125765       -0.001272
210 employmentA71_H16               -0.074357    -0.000029713
211 employmentA72_H16                0.001455        0.000156
212 employmentA73_H16               -0.197723        0.000626
213 employmentA74_H16               -0.241843        0.000810
214 instalment1_H16                 -0.220234       -0.001159
215 instalment2_H16                 -0.014095       -0.001183
216 instalment3_H16                  0.004619       -0.000878
217 jobA171_H16                     -0.094110        0.001273
218 jobA172_H16                      0.070713        0.001112
219 jobA173_H16                     -0.123669        0.001268
220 other_instalmentsA141_H16       -0.150917        0.000756
221 other_instalmentsA142_H16       -0.031730        0.000641
222 personal_statusA91_H16           0.046839       -0.000749
223 personal_statusA92_H16           0.196049       -0.001148
224 personal_statusA93_H16          -0.059426       -0.001254
225 pourposeA40_H16                  0.007920       -0.000985
226 pourposeA41_H16                  0.139741     0.000037190
227 pourposeA410_H16                -0.250132       -0.000508
228 pourposeA42_H16                  0.234317       -0.000570
229 pourposeA43_H16                 -0.100648       -0.000277
230 pourposeA44_H16                 -0.116438       -0.000414
231 pourposeA45_H16                  0.082415       -0.000367
232 pourposeA46_H16                  0.136105       -0.000152
233 pourposeA48_H16                  0.005038    -0.000096535
234 residence1_H16                   0.142860        0.000420
235 residence2_H16                  -0.110480        0.001261
236 residence3_H16                  -0.146124        0.001358
237 savingsA61_H16                   0.334334       -0.001420
238 savingsA62_H16                  -0.001435       -0.001460
239 savingsA63_H16                   0.115451       -0.000760
240 savingsA64_H16                  -0.088208       -0.000662
241 BIAS_H11                        -0.888231        0.002377
242 BIAS_H12                        -0.627745       -0.000243
243 BIAS_H13                        -0.524131        0.015838
244 BIAS_H14                         1.752530        0.004985
245 BIAS_H15                        -1.243050        0.004867
246 BIAS_H16                         0.607222       -0.000956
247 H11_default1                    -0.594572        0.017645
248 H12_default1                     0.032964        0.006634
249 H13_default1                    -0.905080        0.014511
250 H14_default1                    -2.656534       -0.014183
251 H15_default1                    -2.054915        0.014526
252 H16_default1                     0.242640       -0.013206
253 BIAS_default1                   -0.786368       -0.012825

Value of Objective Function = 0.4178366956

 
                                                                                                                                                                                                                                                                
 
 

The NEURAL Procedure

Dual Quasi-Newton Optimization


Minimum Iterations                                0
Maximum Iterations                              200
Maximum Function Calls                   2147483647
Maximum CPU Time                              14400
ABSGCONV Gradient Criterion                 0.00001
GCONV Gradient Criterion                       1E-8
ABSFCONV Function Criterion                       0
FCONV Function Criterion                     0.0001
FCONV2 Function Criterion                         0
FSIZE Parameter                                   0
ABSXCONV Parameter Change Criterion               0
XCONV Parameter Change Criterion                  0
XSIZE Parameter                                   0
ABSCONV Function Criterion             0.0015606477
Line Search Method                                2
Starting Alpha for Line Search                    1
Line Search Precision LSPRECISION               0.4
DAMPSTEP Parameter for Line Search                .
Singularity Tolerance (SINGULAR)               1E-8

Dual Quasi-Newton Optimization

Dual Broyden - Fletcher - Goldfarb - Shanno Update (DBFGS)

Parameter Estimates             253

                                             Optimization Start

Active Constraints                                  0  Objective Function                       0.4178366956
Max Abs Gradient Element                 0.0263461453                                                       


                                                                 Objective     Max Abs                Slope of
                     Function         Active        Objective     Function    Gradient       Step       Search
Iter     Restarts       Calls    Constraints         Function       Change     Element       Size    Direction

   1            0           5              0          0.40872      0.00911      0.0251     0.0189       -1.078
   2            0           8              0          0.40566      0.00306      0.0132      0.542      -0.0117
   3            0          12              0          0.39889      0.00677      0.0167      2.982      -0.0046
   4            0          16              0          0.39249      0.00640      0.0193      2.942      -0.0044
   5            0          20              0          0.38515      0.00734      0.0169      3.824      -0.0040
   6            0          22              0          0.37698      0.00817      0.0210      4.461      -0.0041
   7            0          24              0          0.36818      0.00880      0.0138      2.314      -0.0088
   8            0          26              0          0.36247      0.00571      0.0176      3.534      -0.0062
   9            0          28              0          0.35380      0.00867     0.00944      1.350      -0.0106
  10            0          30              0          0.34399      0.00982      0.0205      3.152      -0.0069
  11            0          32              0          0.33107       0.0129      0.0187      2.667      -0.0092
  12            0          34              0          0.32172      0.00934      0.0287      3.503      -0.0092
  13            0          36              0          0.30921       0.0125      0.0105      1.459      -0.0160
  14            0          39              0          0.30156      0.00765      0.0134      1.817      -0.0081
  15            0          41              0          0.29474      0.00682      0.0142      2.061      -0.0093
  16            0          43              0          0.28495      0.00980     0.00988      1.924      -0.0089
  17            0          45              0          0.27798      0.00697      0.0178      3.058      -0.0080
  18            0          47              0          0.27226      0.00572     0.00880      2.189      -0.0080
  19            0          49              0          0.26524      0.00701      0.0112      2.669      -0.0054
  20            0          51              0          0.25699      0.00825      0.0123      3.332      -0.0053
  21            0          53              0          0.24855      0.00844      0.0204      3.706      -0.0056
  22            0          55              0          0.23791       0.0106      0.0120      2.487      -0.0085
  23            0          58              0          0.23108      0.00683      0.0129      2.870      -0.0047
  24            0          60              0          0.22470      0.00638      0.0106      3.167      -0.0054
  25            0          62              0          0.22245      0.00225     0.00936      2.884      -0.0055
  26            0          66              0          0.21579      0.00666     0.00642      1.716      -0.0079
  27            0          68              0          0.20857      0.00722     0.00805      4.526      -0.0037
  28            0          71              0          0.20482      0.00375     0.00709      2.024      -0.0041
  29            0          73              0          0.19871      0.00611     0.00738      2.625      -0.0036
  30            0          75              0          0.19534      0.00337      0.0197      2.587      -0.0059
  31            0          77              0          0.19065      0.00469      0.0101      1.081      -0.0078
  32            0          80              0          0.18757      0.00308     0.00611      1.742      -0.0035
  33            0          82              0          0.18421      0.00336     0.00800      2.009      -0.0038
  34            0          84              0          0.18095      0.00326     0.00949      2.753      -0.0030
  35            0          86              0          0.17801      0.00293      0.0116      2.830      -0.0029
  36            0          88              0          0.17551      0.00250      0.0123      2.474      -0.0030
  37            0          90              0          0.17274      0.00278      0.0127      2.549      -0.0025
  38            0          92              0          0.16968      0.00305     0.00933      3.194      -0.0022
  39            0          95              0          0.16778      0.00190     0.00524      2.114      -0.0019
  40            0          97              0          0.16549      0.00229     0.00623      3.669      -0.0013
  41            0          99              0          0.16303      0.00245     0.00610      3.007      -0.0019
  42            0         101              0          0.16217     0.000862      0.0118      3.594      -0.0017
  43            0         105              0          0.16011      0.00206     0.00462      1.322      -0.0033
  44            0         107              0          0.15885      0.00125     0.00920      5.567      -0.0009
  45            0         109              0          0.15701      0.00184     0.00560      0.825      -0.0038
  46            0         111              0          0.15512      0.00189      0.0109      3.101      -0.0015
  47            0         115              0          0.15136      0.00376      0.0121      4.459      -0.0021
  48            0         117              0          0.14757      0.00378     0.00792      1.524      -0.0062
  49            0         120              0          0.14544      0.00213     0.00714      0.543      -0.0059
  50            0         122              0          0.14252      0.00292      0.0103      1.299      -0.0041
  51            0         124              0          0.13940      0.00312     0.00958      2.149      -0.0034
  52            0         126              0          0.13724      0.00216      0.0111      3.004      -0.0026
  53            0         128              0          0.13427      0.00297     0.00767      1.588      -0.0034
  54            0         130              0          0.13169      0.00258     0.00928      2.645      -0.0028
  55            0         132              0          0.12932      0.00237     0.00543      1.461      -0.0044
  56            0         134              0          0.12766      0.00166     0.00562      2.956      -0.0020
  57            0         136              0          0.12598      0.00168     0.00787      2.696      -0.0015
  58            0         138              0          0.12450      0.00148     0.00741      2.859      -0.0015
  59            0         142              0          0.12091      0.00359      0.0111      5.051      -0.0017
  60            0         144              0          0.11615      0.00476     0.00801      2.016      -0.0044
  61            1         149              0          0.11427      0.00189     0.00537     0.0442      -0.0798
  62            1         151              0          0.11294      0.00133     0.00583      1.000      -0.0022
  63            1         153              0          0.11200     0.000941     0.00641      1.557      -0.0021
  64            1         155              0          0.11105     0.000952     0.00394      1.409      -0.0017
  65            1         158              0          0.11052     0.000523     0.00525      1.077      -0.0010
  66            1         160              0          0.10986     0.000662     0.00335      1.002      -0.0013
  67            1         162              0          0.10967     0.000190     0.00973      2.124      -0.0008
  68            1         166              0          0.10856      0.00111     0.00263      1.175      -0.0018
  69            1         168              0          0.10827     0.000291      0.0110      3.965      -0.0007
  70            1         172              0          0.10676      0.00152     0.00291      0.950      -0.0029
  71            1         175              0          0.10577     0.000988     0.00341      1.669      -0.0010
  72            1         177              0          0.10507     0.000703     0.00537      2.364      -0.0010
  73            1         179              0          0.10413     0.000935     0.00270      1.273      -0.0014
  74            1         181              0          0.10373     0.000398     0.00651      3.566      -0.0007
  75            1         185              0          0.10289     0.000841     0.00189      1.290      -0.0015
  76            1         188              0          0.10248     0.000413     0.00338      1.609      -0.0005
  77            1         190              0          0.10183     0.000651     0.00145      1.301      -0.0008
  78            1         193              0          0.10137     0.000462     0.00168      1.853      -0.0005
  79            1         196              0          0.10105     0.000312     0.00182      2.581      -0.0002
  80            1         198              0          0.10080     0.000252     0.00183      3.345      -0.0002
  81            1         200              0          0.10048     0.000325     0.00146      1.979      -0.0003
  82            1         202              0          0.10022     0.000251     0.00159      4.285      -0.0002
  83            1         204              0          0.10007     0.000156     0.00133      2.920      -0.0002
  84            1         206              0          0.09984     0.000225    0.000810      1.512      -0.0003
  85            1         208              0          0.09952     0.000321    0.000984      3.252      -0.0002
  86            1         210              0          0.09923     0.000292     0.00177      3.536      -0.0002
  87            1         212              0          0.09891     0.000319     0.00105      2.396      -0.0003
  88            1         214              0          0.09846     0.000453     0.00150      2.811      -0.0003
  89            1         217              0          0.09805     0.000404     0.00229      1.572      -0.0004
  90            1         222              0          0.09775     0.000306     0.00273      0.600      -0.0008
  91            1         224              0          0.09726     0.000492     0.00216      0.980      -0.0008
  92            1         226              0          0.09679     0.000463     0.00142      1.937      -0.0006
  93            1         229              0          0.09655     0.000247     0.00154      1.825      -0.0003
  94            1         232              0          0.09644     0.000109     0.00120      1.195      -0.0002
  95            1         234              0          0.09625     0.000185    0.000996      0.993      -0.0003
  96            1         236              0          0.09602     0.000234     0.00155      2.059      -0.0002
  97            1         238              0          0.09572     0.000294     0.00120      3.161      -0.0002
  98            1         240              0          0.09551     0.000216     0.00145      4.473      -0.0002
  99            1         242              0          0.09528     0.000226    0.000814      1.846      -0.0003
 100            1         244              0          0.09507     0.000215     0.00131      4.308      -0.0001
 101            1         246              0          0.09485     0.000220    0.000916      2.607      -0.0002
 102            1         248              0          0.09459     0.000259     0.00137      3.400      -0.0002
 103            1         250              0          0.09425     0.000334     0.00133      3.555      -0.0002
 104            1         253              0          0.09401     0.000240     0.00172      1.182      -0.0003
 105            1         255              0          0.09380     0.000216     0.00188      1.637      -0.0004
 106            1         257              0          0.09357     0.000226     0.00146      1.282      -0.0004
 107            1         259              0          0.09347     0.000100     0.00284      2.842      -0.0002
 108            1         263              0          0.09324     0.000233     0.00102      1.504      -0.0003
 109            1         265              0          0.09299     0.000249     0.00182      4.385      -0.0001
 110            1         267              0          0.09278     0.000215     0.00157      2.455      -0.0003
 111            1         269              0          0.09255     0.000222     0.00136      2.935      -0.0002
 112            1         271              0          0.09231     0.000241     0.00138      3.148      -0.0002
 113            1         273              0          0.09201     0.000305     0.00150      3.871      -0.0002
 114            1         275              0          0.09180     0.000204     0.00158      4.037      -0.0002
 115            1         277              0          0.09170     0.000107    0.000921      2.357      -0.0002
 116            1         279              0          0.09154     0.000161    0.000670      1.460      -0.0002
 117            1         281              0          0.09136     0.000179     0.00125      3.472      -0.0001
 118            1         283              0          0.09116     0.000197     0.00102      2.140      -0.0002
 119            1         285              0          0.09090     0.000264    0.000862      3.200      -0.0002
 120            1         287              0          0.09070     0.000200     0.00122      2.626      -0.0003
 121            2         291              0          0.09064     0.000052     0.00492      0.172      -0.0029
 122            2         295              0          0.09038     0.000262     0.00140      0.703      -0.0007
 123            2         298              0          0.09023     0.000153    0.000996      1.043      -0.0003
 124            2         300              0          0.09010     0.000132     0.00152      2.629      -0.0001
 125            2         302              0          0.08997     0.000123    0.000947      1.178      -0.0003
 126            2         304              0          0.08992     0.000057     0.00150      2.567      -0.0001
 127            2         308              0          0.08978     0.000133    0.000610      1.744      -0.0002
 128            2         310              0          0.08962     0.000158     0.00104      3.779      -0.0001
 129            2         312              0          0.08948     0.000150     0.00139      1.856      -0.0002
 130            2         314              0          0.08931     0.000167    0.000804      2.295      -0.0002
 131            2         316              0          0.08917     0.000141    0.000976      3.946      -0.0001
 132            2         318              0          0.08905     0.000113     0.00107      2.505      -0.0001
 133            2         320              0          0.08891     0.000144    0.000599      2.315      -0.0001
 134            2         322              0          0.08879     0.000124    0.000915      4.222      -0.0001
 135            2         324              0          0.08871     0.000076     0.00112      2.557      -0.0001
 136            2         326              0          0.08859     0.000117    0.000413      1.623      -0.0001
 137            2         328              0          0.08853     0.000062    0.000971      3.628      -0.0001
 138            2         330              0          0.08843     0.000105    0.000449      0.787      -0.0002
 139            2         332              0          0.08828     0.000144    0.000590      2.322      -0.0001
 140            2         334              0          0.08817     0.000112     0.00109      4.514      -0.0001
 141            2         336              0          0.08805     0.000119    0.000423      1.997      -0.0001
 142            2         338              0          0.08791     0.000138    0.000808      3.578      -0.0001
 143            2         340              0          0.08778     0.000134    0.000685      3.632      -0.0001
 144            2         342              0          0.08764     0.000142    0.000821      3.059      -0.0001
 145            2         344              0          0.08751     0.000124    0.000566      3.365      -0.0001
 146            2         346              0          0.08740     0.000109    0.000583      2.333      -0.0001
 147            2         348              0          0.08732     0.000086    0.000385      2.219      -0.0001
 148            2         350              0          0.08720     0.000116    0.000365      2.309      -0.0001
 149            2         352              0          0.08709     0.000111    0.000542      4.497      -0.0001
 150            2         355              0          0.08702     0.000074    0.000257      2.384      -0.0001
 151            2         357              0          0.08693     0.000084    0.000630      3.689      -503E-7
 152            2         359              0          0.08686     0.000071    0.000842      4.407      -476E-7
 153            2         361              0          0.08677     0.000089    0.000431      2.063      -0.0001
 154            2         363              0          0.08669     0.000082    0.000724      4.273      -519E-7
 155            2         365              0          0.08666     0.000036    0.000719      3.275      -0.0001
 156            2         367              0          0.08660     0.000059    0.000240      1.029      -0.0001
 157            2         370              0          0.08655     0.000041    0.000450      1.948      -409E-7
 158            2         372              0          0.08649     0.000065    0.000323      2.856      -363E-7
 159            2         374              0          0.08646     0.000029    0.000627      3.763      -429E-7
 160            2         378              0          0.08639     0.000067    0.000212      1.694      -0.0001
 161            2         380              0          0.08630     0.000094    0.000533      4.268      -395E-7
 162            2         382              0          0.08626     0.000037     0.00108      5.291      -443E-7
 163            2         386              0          0.08618     0.000082    0.000360      1.436      -0.0001
 164            2         388              0          0.08613     0.000049    0.000579      6.231       -33E-6
 165            2         390              0          0.08608     0.000057    0.000218      1.502      -0.0001
 166            2         392              0          0.08598     0.000099    0.000357      4.337       -33E-6
 167            2         395              0          0.08590     0.000071    0.000582      1.603      -0.0001
 168            2         397              0          0.08580     0.000101    0.000419      3.263      -543E-7
 169            2         400              0          0.08575     0.000055    0.000726      1.633      -0.0001
 170            2         402              0          0.08569     0.000061    0.000632      2.127      -0.0001
 171            2         404              0          0.08560     0.000091    0.000697      2.066      -0.0001
 172            2         406              0          0.08547     0.000123    0.000795      2.810      -0.0001
 173            2         408              0          0.08528     0.000195     0.00130      2.749      -0.0001
 174            2         410              0          0.08493     0.000345     0.00226      1.126      -0.0004
 175            2         412              0          0.08456     0.000370     0.00255      1.188      -0.0007
 176            2         417              0          0.08383     0.000732     0.00191      1.156      -0.0010
 177            2         420              0          0.08354     0.000295     0.00158      0.463      -0.0013
 178            2         422              0          0.08309     0.000446     0.00151      0.603      -0.0012
 179            2         424              0          0.08256     0.000529     0.00110      1.457      -0.0008
 180            2         426              0          0.08218     0.000380     0.00124      3.383      -0.0004
 181            3         430              0          0.08202     0.000158     0.00203      0.345      -0.0028
 182            3         432              0          0.08186     0.000160     0.00211      0.607      -0.0007
 183            3         434              0          0.08166     0.000202     0.00105      0.506      -0.0008
 184            3         437              0          0.08158     0.000086    0.000624      0.631      -0.0002
 185            3         439              0          0.08144     0.000137    0.000783      1.190      -0.0002
 186            3         441              0          0.08128     0.000156    0.000592      0.915      -0.0004
 187            3         444              0          0.08118     0.000101    0.000527      1.445      -0.0001
 188            3         446              0          0.08112     0.000063     0.00128      2.623      -0.0001
 189            3         448              0          0.08104     0.000078    0.000570      1.188      -0.0001
 190            3         451              0          0.08099     0.000048    0.000483      1.397      -0.0001
 191            3         453              0          0.08092     0.000072    0.000403      1.581      -0.0001
 192            3         455              0          0.08088     0.000038    0.000543      2.485      -0.0001
 193            3         457              0          0.08082     0.000061    0.000371      1.214      -0.0001
 194            3         459              0          0.08076     0.000066    0.000433      3.104      -491E-7
 195            3         461              0          0.08068     0.000080    0.000273      2.761      -595E-7
 196            3         464              0          0.08062     0.000056    0.000375      2.370       -46E-6
 197            3         466              0          0.08058     0.000039    0.000389      3.048      -461E-7
 198            3         468              0          0.08054     0.000044    0.000141      1.885      -522E-7
 199            3         470              0          0.08048     0.000057    0.000222      4.051      -273E-7
 200            3         473              0          0.08044     0.000038    0.000265      2.723      -285E-7

                                            Optimization Results

Iterations                                        200  Function Calls                                    475
Gradient Calls                                    222  Active Constraints                                  0
Objective Function                       0.0804421505  Max Abs Gradient Element                 0.0002645401
Slope of Search Direction                -0.000028465                                                       

QUANEW needs more than 200 iterations or 2147483647 function calls.                               

WARNING: QUANEW Optimization cannot be completed.

 
                                                                                                                                                                                                                                                                
 
 

The NEURAL Procedure

                     Optimization Results
                     Parameter Estimates
                                                     Gradient
                                                    Objective
  N Parameter                        Estimate        Function

  1 age_H11                          3.986289    -0.000019958
  2 duration_H11                     3.055459     0.000037513
  3 age_H12                          1.872747    -0.000019140
  4 duration_H12                     1.999983     0.000011034
  5 age_H13                         -3.807883        0.000123
  6 duration_H13                    -0.721216    -0.000075461
  7 age_H14                          1.390968     0.000055040
  8 duration_H14                    -5.024079        0.000184
  9 age_H15                          3.303381        0.000249
 10 duration_H15                     2.040119        0.000183
 11 age_H16                          1.406548       -0.000115
 12 duration_H16                     2.220316       -0.000142
 13 acc_statusA11_H11                5.985804    -0.000019651
 14 acc_statusA12_H11               -1.537347     0.000057585
 15 acc_statusA13_H11                2.653497     0.000036903
 16 credit_historyA30_H11            0.161744       -0.000104
 17 credit_historyA31_H11           -9.332358    -0.000012095
 18 credit_historyA32_H11            1.789594       -0.000116
 19 credit_historyA33_H11            0.999859    -0.000053682
 20 employmentA71_H11                1.628103     0.000031763
 21 employmentA72_H11                5.850998    -0.000009087
 22 employmentA73_H11                1.609543     0.000038481
 23 employmentA74_H11               -1.788326     0.000012592
 24 instalment1_H11                 -2.600767     0.000063299
 25 instalment2_H11                  1.298275     0.000011494
 26 instalment3_H11                  1.352714     0.000022857
 27 jobA171_H11                      0.236568    -0.000066891
 28 jobA172_H11                      1.590789    -0.000036966
 29 jobA173_H11                     -2.688112       -0.000165
 30 other_instalmentsA141_H11        5.221111       -0.000112
 31 other_instalmentsA142_H11        0.345497    -0.000021011
 32 personal_statusA91_H11          -1.076279     0.000074582
 33 personal_statusA92_H11           7.065865    -0.000079615
 34 personal_statusA93_H11          -3.068184    -0.000075154
 35 pourposeA40_H11                 -2.091839    -0.000011034
 36 pourposeA41_H11                  2.167006     0.000051467
 37 pourposeA410_H11                -1.570895     0.000023281
 38 pourposeA42_H11                  3.201937     0.000011255
 39 pourposeA43_H11                 -6.591091     0.000021909
 40 pourposeA44_H11                 -0.114320     0.000019905
 41 pourposeA45_H11                 -1.928199     0.000042196
 42 pourposeA46_H11                  1.908469     0.000019168
 43 pourposeA48_H11                  0.188487     0.000022052
 44 residence1_H11                   2.208059     0.000035570
 45 residence2_H11                  -0.576047     0.000053186
 46 residence3_H11                   1.243533     0.000032142
 47 savingsA61_H11                   1.389720     0.000009584
 48 savingsA62_H11                  -5.534677     0.000019180
 49 savingsA63_H11                   3.566053    -0.000004229
 50 savingsA64_H11                   1.385072     0.000035537
 51 acc_statusA11_H12                0.444819    -0.000028062
 52 acc_statusA12_H12                3.581664    -0.000005986
 53 acc_statusA13_H12               -2.446583    -0.000011170
 54 credit_historyA30_H12            0.408011    -0.000002113
 55 credit_historyA31_H12           -0.774347     0.000008636
 56 credit_historyA32_H12           -1.280784     0.000043802
 57 credit_historyA33_H12           -0.267917     0.000020241
 58 employmentA71_H12               -0.738819    -0.000021781
 59 employmentA72_H12                2.668071    -0.000018642
 60 employmentA73_H12               -2.651731    -0.000023530
 61 employmentA74_H12               -4.080894    -0.000004696
 62 instalment1_H12                  3.839335    -0.000012614
 63 instalment2_H12                  2.259938     0.000004767
 64 instalment3_H12                  2.085106    -0.000001525
 65 jobA171_H12                      0.476653     0.000009964
 66 jobA172_H12                      0.872888     0.000024078
 67 jobA173_H12                     -4.096200     0.000041764
 68 other_instalmentsA141_H12        0.317437    -0.000001960
 69 other_instalmentsA142_H12        5.380683    -0.000025956
 70 personal_statusA91_H12           2.361226    -0.000026630
 71 personal_statusA92_H12          -3.133500     0.000039758
 72 personal_statusA93_H12           4.042743     0.000002661
 73 pourposeA40_H12                 -3.519639     0.000013447
 74 pourposeA41_H12                  2.909280     0.000002963
 75 pourposeA410_H12                 0.610471    -0.000005648
 76 pourposeA42_H12                 -3.146761    -0.000010329
 77 pourposeA43_H12                 -2.329665     0.000014506
 78 pourposeA44_H12                 -0.117061    -0.000002246
 79 pourposeA45_H12                  1.335117    -0.000010052
 80 pourposeA46_H12                  0.611594     0.000012455
 81 pourposeA48_H12                 -0.329356    -0.000001791
 82 residence1_H12                  -3.827127    -0.000006931
 83 residence2_H12                   0.111456    -0.000031848
 84 residence3_H12                  -2.855062    -0.000008511
 85 savingsA61_H12                  -0.884162     0.000015714
 86 savingsA62_H12                   3.898908    -0.000012724
 87 savingsA63_H12                   2.081270    -0.000015825
 88 savingsA64_H12                   1.861512     0.000003573
 89 acc_statusA11_H13               -0.015003     0.000048648
 90 acc_statusA12_H13               -0.500430    -0.000023909
 91 acc_statusA13_H13               -0.382973     0.000017827
 92 credit_historyA30_H13          -10.296046    -0.000066696
 93 credit_historyA31_H13           -5.604035    -0.000085499
 94 credit_historyA32_H13            5.843757       -0.000115
 95 credit_historyA33_H13           -2.229937    -0.000059043
 96 employmentA71_H13               -0.757946     0.000036354
 97 employmentA72_H13               -6.505233     0.000090748
 98 employmentA73_H13               -1.697875     0.000016996
 99 employmentA74_H13                3.370586     0.000071420
100 instalment1_H13                  3.595577     0.000040449
101 instalment2_H13                 -3.295605     0.000032663
102 instalment3_H13                 -0.317118     0.000049294
103 jobA171_H13                      3.591745    -0.000083518
104 jobA172_H13                     -5.057929    -0.000064161
105 jobA173_H13                      2.363837       -0.000122
106 other_instalmentsA141_H13        1.915373    -0.000057103
107 other_instalmentsA142_H13        3.702501    -0.000044806
108 personal_statusA91_H13          -6.381173     0.000076567
109 personal_statusA92_H13          -4.936769     0.000017131
110 personal_statusA93_H13           4.096122     0.000049391
111 pourposeA40_H13                  2.420460     0.000085931
112 pourposeA41_H13                  3.134002     0.000062659
113 pourposeA410_H13                -1.867123     0.000046236
114 pourposeA42_H13                 -3.361397        0.000130
115 pourposeA43_H13                  7.182695     0.000006031
116 pourposeA44_H13                 -2.024483     0.000047658
117 pourposeA45_H13                 -3.441112     0.000047359
118 pourposeA46_H13                 -3.813438     0.000045009
119 pourposeA48_H13                  2.472085     0.000038048
120 residence1_H13                   3.523114    -0.000055715
121 residence2_H13                  -3.620571    -0.000044573
122 residence3_H13                  -3.633181    -0.000053053
123 savingsA61_H13                   3.818500     0.000040099
124 savingsA62_H13                   2.601158    -0.000026377
125 savingsA63_H13                   4.548185     0.000025171
126 savingsA64_H13                  10.509750    -0.000069170
127 acc_statusA11_H14               -3.742380     0.000060359
128 acc_statusA12_H14               -0.149136        0.000123
129 acc_statusA13_H14               -1.796683    -0.000048901
130 credit_historyA30_H14            5.192277     0.000056455
131 credit_historyA31_H14            2.415141     0.000014986
132 credit_historyA32_H14           -0.597301     0.000053179
133 credit_historyA33_H14           -2.321275     0.000076320
134 employmentA71_H14               -1.351927    -0.000024798
135 employmentA72_H14               -3.473709        0.000120
136 employmentA73_H14                2.808401     0.000035501
137 employmentA74_H14               -2.250869     0.000052701
138 instalment1_H14                  1.939609    -0.000039707
139 instalment2_H14                  0.755303     0.000092872
140 instalment3_H14                 -3.554516     0.000077174
141 jobA171_H14                     -1.722030    -0.000015571
142 jobA172_H14                      0.228475     0.000000983
143 jobA173_H14                     -2.259643        0.000159
144 other_instalmentsA141_H14       -5.605042    -0.000043805
145 other_instalmentsA142_H14        2.387970    -0.000049992
146 personal_statusA91_H14          -1.812130    -0.000003664
147 personal_statusA92_H14          -0.371500    -0.000097979
148 personal_statusA93_H14           0.812871     0.000092989
149 pourposeA40_H14                 -0.369581     0.000006235
150 pourposeA41_H14                  2.436096    -0.000039945
151 pourposeA410_H14                 1.938551     0.000010145
152 pourposeA42_H14                  0.197440     0.000069696
153 pourposeA43_H14                  2.466582     0.000051361
154 pourposeA44_H14                 -0.243059     0.000014555
155 pourposeA45_H14                 -2.899173     0.000032795
156 pourposeA46_H14                  0.562480     0.000009283
157 pourposeA48_H14                 -4.071363     0.000019611
158 residence1_H14                   5.122454    -0.000019547
159 residence2_H14                  -3.738813    -0.000021334
160 residence3_H14                  -0.866353     0.000086149
161 savingsA61_H14                  -5.281406     0.000014466
162 savingsA62_H14                   2.000458     0.000071290
163 savingsA63_H14                  -6.669179     0.000003653
164 savingsA64_H14                   5.993043    -0.000067519
165 acc_statusA11_H15               -5.125811        0.000179
166 acc_statusA12_H15               -0.825192        0.000192
167 acc_statusA13_H15               -0.226647     0.000056626
168 credit_historyA30_H15           -1.736147     0.000005821
169 credit_historyA31_H15            3.611111     0.000012346
170 credit_historyA32_H15           -3.903337       -0.000199
171 credit_historyA33_H15            2.214526     0.000065797
172 employmentA71_H15               -0.211934     0.000009115
173 employmentA72_H15               -4.684792    -0.000045039
174 employmentA73_H15               -1.066685    -0.000098747
175 employmentA74_H15                4.313954    -0.000016740
176 instalment1_H15                  2.156075    -0.000036794
177 instalment2_H15                  2.159574     0.000008373
178 instalment3_H15                  0.937826     0.000041998
179 jobA171_H15                      0.005488    -0.000025329
180 jobA172_H15                      3.119079       -0.000169
181 jobA173_H15                      0.591444       -0.000150
182 other_instalmentsA141_H15       -4.997817        0.000256
183 other_instalmentsA142_H15       -3.470383        0.000229
184 personal_statusA91_H15           2.643863     0.000024704
185 personal_statusA92_H15          -0.980575       -0.000160
186 personal_statusA93_H15          -1.435517    -0.000027325
187 pourposeA40_H15                 -5.537852    -0.000064392
188 pourposeA41_H15                  2.423984     0.000039818
189 pourposeA410_H15                -2.101202     0.000002314
190 pourposeA42_H15                 -0.128046    -0.000035055
191 pourposeA43_H15                 -1.345264       -0.000178
192 pourposeA44_H15                  2.632015    -0.000009275
193 pourposeA45_H15                  4.047620     0.000014545
194 pourposeA46_H15                  3.551000     0.000014268
195 pourposeA48_H15                  4.086791    -0.000009462
196 residence1_H15                  -9.721034    -0.000024446
197 residence2_H15                   4.830170       -0.000153
198 residence3_H15                   3.575169    -0.000029949
199 savingsA61_H15                   1.162525     0.000043968
200 savingsA62_H15                  -1.068013        0.000122
201 savingsA63_H15                  -1.761633        0.000105
202 savingsA64_H15                  -5.372176        0.000110
203 acc_statusA11_H16                6.798640    -0.000070411
204 acc_statusA12_H16               -1.590630    -0.000006691
205 acc_statusA13_H16               -6.008015     0.000007751
206 credit_historyA30_H16            3.079418     0.000008247
207 credit_historyA31_H16           -4.071192     0.000031297
208 credit_historyA32_H16            1.443955    -0.000006693
209 credit_historyA33_H16           -1.748076     0.000062515
210 employmentA71_H16               -0.164232     0.000032363
211 employmentA72_H16               -2.230966     0.000045168
212 employmentA73_H16                3.266431     0.000074242
213 employmentA74_H16               -5.749568     0.000022528
214 instalment1_H16                 -0.106145    -0.000067075
215 instalment2_H16                 -0.776963    -0.000093663
216 instalment3_H16                  0.004222     0.000032488
217 jobA171_H16                     -2.115481    -0.000006768
218 jobA172_H16                     -0.361148    -0.000024217
219 jobA173_H16                     -0.389400    -0.000003352
220 other_instalmentsA141_H16       -2.389943     0.000072780
221 other_instalmentsA142_H16        0.012042        0.000103
222 personal_statusA91_H16           0.946595    -0.000016954
223 personal_statusA92_H16           0.249588     0.000048278
224 personal_statusA93_H16          -2.527272    -0.000069320
225 pourposeA40_H16                  5.609923    -1.532954E-8
226 pourposeA41_H16                 -3.702231     0.000013450
227 pourposeA410_H16                -3.341428     0.000008143
228 pourposeA42_H16                  2.911325     0.000034741
229 pourposeA43_H16                  2.507703    -0.000036375
230 pourposeA44_H16                  0.029390    -0.000002327
231 pourposeA45_H16                 -0.193286     0.000010621
232 pourposeA46_H16                 -0.225906    -0.000007644
233 pourposeA48_H16                  0.242486    -0.000004064
234 residence1_H16                   0.362444     0.000020346
235 residence2_H16                   0.097230        0.000106
236 residence3_H16                   2.994095    -0.000056774
237 savingsA61_H16                   4.706057        0.000160
238 savingsA62_H16                   0.742373     0.000032063
239 savingsA63_H16                  -2.682398     0.000027312
240 savingsA64_H16                   0.191416     0.000014170
241 BIAS_H11                        -6.122597    -0.000020316
242 BIAS_H12                        -2.907954     0.000034595
243 BIAS_H13                        -4.170870     0.000049515
244 BIAS_H14                        11.076558     0.000028189
245 BIAS_H15                        -7.135197       -0.000137
246 BIAS_H16                        -1.693180     0.000057385
247 H11_default1                    -6.022995     0.000024909
248 H12_default1                     3.304303     0.000042223
249 H13_default1                    -5.253001     0.000025362
250 H14_default1                    -7.997874    -0.000070837
251 H15_default1                    -6.151219    -0.000001089
252 H16_default1                     5.295210     0.000008402
253 BIAS_default1                   -3.143222       -0.000265

Value of Objective Function = 0.0804421505

