 
                                                                                                                                                                                                                                                                
 
 
Resumen de variables

          Nivel de     Número de
 Rol       medida     ocurrencias

TARGET     BINARY          1     
 
                                                                                                                                                                                                                                                                
 
 

                                                                                     BINNED_KS_
                                                            _KS_PROB_                   PROB_
Obs    TARGET    TARGETLABEL    _AUR_    _GINI_      KS       CUTOFF     _KS_BIN_      CUTOFF

 1      BAD                     0.869     0.738    0.662      0.143        0.655        0.241  
 
                                                                                                                                                                                                                                                                
 
 

                                                              _VKS_              _VBINNED_
                                                              PROB_     _VKS_     KS_PROB_
Obs    TARGET    TARGETLABEL    _VAUR_    _VGINI_     VKS    CUTOFF_     BIN_     CUTOFF_

 1      BAD                      0.87      0.739     0.67     0.143     0.669      0.241  
 
                                                                                                                                                                                                                                                                
 
 

                                                               _TKS_              _TBINNED_
                                                               PROB_     _TKS_     KS_PROB_
Obs    TARGET    TARGETLABEL    _TAUR_    _TGINI_     TKS     CUTOFF_     BIN_     CUTOFF_

 1      BAD                      0.847     0.695     0.644     0.143     0.638      0.241  
 
                                                                                                                                                                                                                                                                
 
 

                                                                                     BINNED_KS_
                                                            _KS_PROB_                   PROB_
Obs    TARGET    TARGETLABEL    _AUR_    _GINI_      KS       CUTOFF     _KS_BIN_      CUTOFF

 1      BAD                     0.789     0.578    0.552      0.089        0.544        0.382  
 
                                                                                                                                                                                                                                                                
 
 

                                                              _VKS_              _VBINNED_
                                                              PROB_     _VKS_     KS_PROB_
Obs    TARGET    TARGETLABEL    _VAUR_    _VGINI_     VKS    CUTOFF_     BIN_     CUTOFF_

 1      BAD                      0.799     0.598     0.57     0.089     0.551      0.235  
 
                                                                                                                                                                                                                                                                
 
 

                                                               _TKS_              _TBINNED_
                                                               PROB_     _TKS_     KS_PROB_
Obs    TARGET    TARGETLABEL    _TAUR_    _TGINI_     TKS     CUTOFF_     BIN_     CUTOFF_

 1      BAD                      0.791     0.583     0.566     0.089     0.549      0.382  
 
                                                                                                                                                                                                                                                                
 
 

                                                                                    BINNED_KS_
                                                           _KS_PROB_                   PROB_
Obs    TARGET    TARGETLABEL    _AUR_    _GINI_     KS       CUTOFF     _KS_BIN_      CUTOFF

 1      BAD                     0.873     0.747    0.67      0.167        0.664        0.218  
 
                                                                                                                                                                                                                                                                
 
 

                                                               _VKS_              _VBINNED_
                                                               PROB_     _VKS_     KS_PROB_
Obs    TARGET    TARGETLABEL    _VAUR_    _VGINI_     VKS     CUTOFF_     BIN_     CUTOFF_

 1      BAD                      0.87       0.74     0.677     0.167     0.673      0.295  
 
                                                                                                                                                                                                                                                                
 
 

                                                               _TKS_              _TBINNED_
                                                               PROB_     _TKS_     KS_PROB_
Obs    TARGET    TARGETLABEL    _TAUR_    _TGINI_     TKS     CUTOFF_     BIN_     CUTOFF_

 1      BAD                      0.844     0.689     0.644     0.167     0.637      0.218  
 
                                                                                                                                                                                                                                                                
 
 

                                                                                     BINNED_KS_
                                                            _KS_PROB_                   PROB_
Obs    TARGET    TARGETLABEL    _AUR_    _GINI_      KS       CUTOFF     _KS_BIN_      CUTOFF

 1      BAD                      0.93     0.859    0.708      0.147         0.7         0.155  
 
                                                                                                                                                                                                                                                                
 
 

                                                               _VKS_              _VBINNED_
                                                               PROB_     _VKS_     KS_PROB_
Obs    TARGET    TARGETLABEL    _VAUR_    _VGINI_     VKS     CUTOFF_     BIN_     CUTOFF_

 1      BAD                      0.915     0.831     0.708     0.193     0.696      0.344  
 
                                                                                                                                                                                                                                                                
 
 

                                                               _TKS_              _TBINNED_
                                                               PROB_     _TKS_     KS_PROB_
Obs    TARGET    TARGETLABEL    _TAUR_    _TGINI_     TKS     CUTOFF_     BIN_     CUTOFF_

 1      BAD                      0.906     0.812     0.712     0.143     0.701      0.161  
 
                                                                                                                                                                                                                                                                
 
 







Estadísticos de ajuste
Selección de modelo basada en Train: Misclassification Rate (_MISC_)

                                                                                      Train:     Valid:
                                                                      Train:         Average    Average          Valid:
   Modelo       Nodo del                                        Misclassification    Squared    Squared    Misclassification
seleccionado     modelo     Descripción del modelo                     Rate           Error      Error            Rate

     Y           Boost      Incremento gradiente                     0.09970         0.07668    0.07835         0.10179     
                 Tree3      Decision tree total                      0.10608         0.08599    0.09269         0.12081     
                 Tree       Decision tree variable selection         0.10943         0.08764    0.09182         0.12136     
                 Tree2      Decision tree binning variables          0.13226         0.10489    0.10580         0.13535     
 
                                                                                                                                                                                                                                                                
 
 







Tabla de estadísticos de ajuste
Target: BAD

Rol de los datos=Train

Estadísticos                                                                                              Boost      Tree3       Tree      Tree2

Entrenar: Corte de probabilidad Kolmogorov-Smirnov de dos factores basado en variables categorizadas       0.16       0.22       0.24       0.38
Entrenar: Estadístico Kolmogorov-Smirnov                                                                   0.71       0.67       0.66       0.55
Train: Average Squared Error                                                                               0.08       0.09       0.09       0.10
Entrenar: Índice Roc                                                                                       0.93       0.87       0.87       0.79
Entrenar: Respuesta capturada de porcentaje acumulado                                                     45.45      39.11      40.08      38.13
Entrenar: Respuesta capturada del porcentaje                                                              21.04      18.62      19.63      17.02
Criterio de selección: Train: Misclassification Rate                                                       0.10       0.11       0.11       0.13
Train: Total Degrees of Freedom                                                                         2979.00    2979.00    2979.00    2979.00
Train: Divisor for ASE                                                                                  5958.00    5958.00    5958.00    5958.00
Entrenar: Ganancia                                                                                       354.39     290.98     300.69     281.21
Entrenar: Coeficiente de Gini                                                                              0.86       0.75       0.74       0.58
Entrenar: Estadístico Kolmogorov-Smirnov de dos factores basado en variables categorizadas                 0.70       0.66       0.66       0.54
Entrenar: Corte de probabilidad Kolmogorov-Smirnov                                                         0.15       0.17       0.14       0.09
Entrenar: Mejora acumulada                                                                                 4.54       3.91       4.01       3.81
Entrenar: Mejora                                                                                           4.21       3.72       3.92       3.40
Train: Maximum Absolute Error                                                                              0.96       0.95       0.95       0.96
Train: Misclassification Rate                                                                              0.10       0.11       0.11       0.13
Train: Sum of Frequencies                                                                               2979.00    2979.00    2979.00    2979.00
Train: Root Average Squared Error                                                                          0.28       0.29       0.30       0.32
Entrenar: Respuesta de porcentaje acumulado                                                               90.60      77.96      79.90      76.01
Entrenar: Respuesta de porcentaje                                                                         83.89      74.24      78.25      67.85
Train: Sum of Squared Errors                                                                             456.89     512.33     522.13     624.94
Train: Sum of Case Weights Times Freq                                                                   5958.00        .          .          .  


Rol de los datos=Valid

Estadísticos                                                                                             Boost      Tree3       Tree      Tree2

Validar: Estadístico Kolmogorov-Smirnov                                                                   0.71       0.68       0.67       0.57
Valid: Average Squared Error                                                                              0.08       0.09       0.09       0.11
Validar: Índice Roc                                                                                       0.92       0.87       0.87       0.80
Validar: corte de probabilidad Kolmogorov-Smirnov de dos factores basado en variables categorizadas       0.34       0.30       0.24       0.24
Validar: Respuesta capturada de porcentaje acumulado                                                     44.82      35.85      38.96      36.90
Validar: Respuesta capturada del porcentaje                                                              21.01      18.28      19.29      16.89
Valid: Divisor for VASE                                                                                3576.00    3576.00    3576.00    3576.00
Validar: Ganancia                                                                                       347.68     258.06     289.15     268.61
Validar: Coeficiente de Gini                                                                              0.83       0.74       0.74       0.60
Validar: Estadístico Kolmogorov-Smirnov de dos factores basado en variables categorizadas                 0.70       0.67       0.67       0.55
Validar: Corte de probabilidad Kolmogorov-Smirnov                                                         0.19       0.17       0.14       0.09
Validar: Mejora acumulada                                                                                 4.48       3.58       3.89       3.69
Validar: Mejora                                                                                           4.22       3.67       3.88       3.39
Valid: Maximum Absolute Error                                                                             0.96       0.95       0.95       0.96
Valid: Misclassification Rate                                                                             0.10       0.12       0.12       0.14
Valid: Sum of Frequencies                                                                              1788.00    1788.00    1788.00    1788.00
Valid: Root Average Squared Error                                                                         0.28       0.30       0.30       0.33
Validar: Respuesta de porcentaje acumulado                                                               89.39      71.49      77.70      73.60
Validar: Respuesta de porcentaje                                                                         84.27      73.31      77.39      67.74
Valid: Sum of Squared Errors                                                                            280.19     331.45     328.36     378.33
Valid: Sum of Case Weights Times Freq                                                                  3576.00        .          .          .  


Rol de los datos=Test

Estadísticos                                                                                            Boost      Tree3       Tree      Tree2

Probar: Estadístico Kolmogorov-Smirnov                                                                   0.71       0.64       0.64       0.57
Test: Average Squared Error                                                                              0.09       0.10       0.10       0.11
Probar: Índice Roc                                                                                       0.91       0.84       0.85       0.79
Probar: Corte de probabilidad Kolmogorov-Smirnov de dos factores basado en variables categorizadas       0.16       0.22       0.24       0.38
Probar: Respuesta capturada de porcentaje acumulado                                                     42.86      34.47      35.70      36.04
Probar: Respuesta capturada del porcentaje                                                              19.33      17.97      18.96      17.11
Test: Divisor for TASE                                                                                2386.00    2386.00    2386.00    2386.00
Probar: Ganancia                                                                                       326.07     242.66     254.92     258.29
Probar: Coeficiente de Gini                                                                              0.81       0.69       0.70       0.58
Probar: Estadístico Kolmogorov-Smirnov de dos factores basado en variables categorizadas                 0.70       0.64       0.64       0.55
Probar: Corte de probabilidad Kolmogorov-Smirnov                                                         0.14       0.17       0.14       0.09
Probar: Mejora acumulada                                                                                 4.26       3.43       3.55       3.58
Probar: Mejora                                                                                           3.84       3.57       3.77       3.40
Test: Maximum Absolute Error                                                                             0.96       0.95       0.95       0.96
Test: Misclassification Rate                                                                             0.12       0.13       0.13       0.14
Test: Sum of Frequencies                                                                              1193.00    1193.00    1193.00    1193.00
Test: Root Average Squared Error                                                                         0.29       0.32       0.31       0.33
Probar: Respuesta de porcentaje acumulado                                                               85.00      68.36      70.80      71.48
Probar: Respuesta de porcentaje                                                                         76.67      71.30      75.21      67.88
Test: Sum of Squared Errors                                                                            205.10     238.86     233.38     259.69
Test: Sum of Weights Times Freqs                                                                      2386.00    2386.00    2386.00    2386.00
 
                                                                                                                                                                                                                                                                
 
 







Tabla de evento de clasificación
Selección de modelo basada en Train: Misclassification Rate (_MISC_)

                                                Rol de
Nodo del                                        los                   Etiqueta      Falso     Verdadero      Falso     Verdadero
 modelo     Descripción del modelo              datos       Target     target     negativo     negativo    positivo     positivo

 Tree       Decision tree variable selection    TRAIN        BAD                     196         2255         130         398   
 Tree       Decision tree variable selection    VALIDATE     BAD                     118         1332          99         239   
 Tree2      Decision tree binning variables     TRAIN        BAD                     282         2273         112         312   
 Tree2      Decision tree binning variables     VALIDATE     BAD                     167         1356          75         190   
 Tree3      Decision tree total                 TRAIN        BAD                     178         2247         138         416   
 Tree3      Decision tree total                 VALIDATE     BAD                     109         1324         107         248   
 Boost      Incremento gradiente                TRAIN        BAD                     195         2283         102         399   
 Boost      Incremento gradiente                VALIDATE     BAD                     109         1358          73         248   
