*------------------------------------------------------------*
Usuario:                Jose Caloca
Fecha:                07 de marzo de 2021
Hora:                13H37
*------------------------------------------------------------*
* Salida de entrenamiento
*------------------------------------------------------------*
 
 
 
 
Resumen de variables
 
          Nivel de     Número de
 Rol       medida     ocurrencias
 
INPUT     BINARY           1
INPUT     INTERVAL         7
INPUT     NOMINAL          4
TARGET    BINARY           1
 
 
 
 
Atributos de la tabla de salida
 
Atributo                 Valor
 
Tabla de salida          EMWS1.Ids_DATA
Tipo de salida           Vista
Variables descartadas    0
Rol de Data Mining       Bruto
 
 
 
 
Atributos de la tabla input
 
Atributo                                   Valor
 
Fuente de datos                            hmeq
 
Library Name                               JOSE
Library Member Name                        HMEQ
Data Set Label
Special Data Set Type (From TYPE=)
Observations in Data Set                   5960
Engine Name                                BASE
Create Date                                23/10/2008 19:15:45
Last Modified Date                         23/10/2008 19:15:45
Deleted Observations in Data Set           0
Use of Variable in Indexes                 NONE
Library Member Type                        DATA
Number of Indexes for Data Set             0
Password Protection (Read Write Alter)     ---
Update Flags (Protect Contribute Add)      ---
Compression Routine                        NO
Reuse Space                                NO
Sorted and/or Validated                    .
Position of Variable in Sortedby Clause    .
Host Character Set
Collating Sequence
Sort Option: No Duplicate Keys             NO
Sort Option: No Duplicate Records          NO
Encryption Routine                         NO
Point to Observations                      YES
Maximum Number of Generations              0
Generation Number                          .
Next Generation Number                     .
Character Variables Transcoded             YES
Variables                                  13


*------------------------------------------------------------*
* Salida de puntuación
*------------------------------------------------------------*


*------------------------------------------------------------*
* Salida del informe
*------------------------------------------------------------*
