MPRINT(EM_DIAGRAM):    data _null_;
MPRINT(EM_DIAGRAM):   call symput('NLDATE', strip(put(date(), NLDATE.)));
MPRINT(EM_DIAGRAM):   call symput('NLTIME', strip(put(datetime(), NLTIME.)));
MPRINT(EM_DIAGRAM):   run;
MPRINT(EM_DIAGRAM):   data _null_;
MPRINT(EM_DIAGRAM):   nldate= sasmsg("sashelp.dmine", "log_date_note", 'N', "07 de marzo de 2021" );
MPRINT(EM_DIAGRAM):   nltime= sasmsg("sashelp.dmine", "log_time_note", 'N', "13H37" );
MPRINT(EM_DIAGRAM):   put "*------------------------------------------------------------*";
MPRINT(EM_DIAGRAM):   put "* Log de puntuación";
MPRINT(EM_DIAGRAM):   put nldate;
MPRINT(EM_DIAGRAM):   put nltime;
MPRINT(EM_DIAGRAM):   put "*------------------------------------------------------------*";
MPRINT(EM_DIAGRAM):   run;
*------------------------------------------------------------*
* Log de puntuación
Fecha:                07 de marzo de 2021
Hora:                13H37
*------------------------------------------------------------*
MPRINT(EM_DIAGRAM):    filename O1XHGVJI "C:\Jose\DM_ang\Workspaces\EMWS1\Ids\EMSCORE.out" encoding="UTF-8" NOBOM;
MPRINT(EM_DIAGRAM):   proc printto print=O1XHGVJI new;
MPRINT(EM_DIAGRAM):   run;
18936      *------------------------------------------------------------*;
MPRINT(EM_DIAGRAM):    *------------------------------------------------------------*;
18937      * Ids: Computing metadata for DATA data;
MPRINT(EM_DIAGRAM):   * Ids: Computing metadata for DATA data;
18938      *------------------------------------------------------------*;
MPRINT(EM_DIAGRAM):   *------------------------------------------------------------*;

NOTE: Data file JOSE.HMEQ.DATA is in a format that is native to another host, or the file encoding does not match the session encoding. Cross Environment Data Access will be used, which might require additional CPU resources and might reduce performance.
NOTE: View EMWS1.IDS_DATA.VIEW used (Total process time):
      real time           0.03 seconds
      cpu time            0.01 seconds
      
NOTE: Data file JOSE.HMEQ.DATA is in a format that is native to another host, or the file encoding does not match the session encoding. Cross Environment Data Access will be used, which might require additional CPU resources and might reduce performance.
18939      data EMWS1.Ids_EMINFO;
MPRINT(EM_DIAGRAM):    data EMWS1.Ids_EMINFO;
18940      length TARGET KEY $32 DATA $43;
MPRINT(EM_DIAGRAM):   length TARGET KEY $32 DATA $43;
18941      TARGET="";
MPRINT(EM_DIAGRAM):   TARGET="";
18942      KEY="IDSTABLE";
MPRINT(EM_DIAGRAM):   KEY="IDSTABLE";
18943      DATA="JOSE.HMEQ";
MPRINT(EM_DIAGRAM):   DATA="JOSE.HMEQ";
18944      output;
MPRINT(EM_DIAGRAM):   output;
18945      TARGET="BAD";
MPRINT(EM_DIAGRAM):   TARGET="BAD";
18946      KEY="DECDATA";
MPRINT(EM_DIAGRAM):   KEY="DECDATA";
18947      DATA="EMWS1.Ids_BAD_DD";
MPRINT(EM_DIAGRAM):   DATA="EMWS1.Ids_BAD_DD";
18948      output;
MPRINT(EM_DIAGRAM):   output;
18949      TARGET="BAD";
MPRINT(EM_DIAGRAM):   TARGET="BAD";
18950      KEY="DECMETA";
MPRINT(EM_DIAGRAM):   KEY="DECMETA";
18951      DATA="EMWS1.Ids_BAD_DM";
MPRINT(EM_DIAGRAM):   DATA="EMWS1.Ids_BAD_DM";
18952      output;
MPRINT(EM_DIAGRAM):   output;
18953      TARGET="";
MPRINT(EM_DIAGRAM):   TARGET="";
18954      KEY="STATS";
MPRINT(EM_DIAGRAM):   KEY="STATS";
18955      DATA="EMWS1.Ids_EMSTATDEFAULT";
MPRINT(EM_DIAGRAM):   DATA="EMWS1.Ids_EMSTATDEFAULT";
18956      output;
MPRINT(EM_DIAGRAM):   output;
18957      run;
MPRINT(EM_DIAGRAM):   run;

NOTE: The data set EMWS1.IDS_EMINFO has 4 observations and 3 variables.
NOTE: DATA statement used (Total process time):
      real time           0.01 seconds
      cpu time            0.00 seconds
      

NOTE: Data file JOSE.HMEQ.DATA is in a format that is native to another host, or the file encoding does not match the session encoding. Cross Environment Data Access will be used, which might require additional CPU resources and might reduce performance.
NOTE: View EMWS1.IDS_DATA.VIEW used (Total process time):
      real time           0.03 seconds
      cpu time            0.03 seconds
      
18958      data EMWS1.Ids_CMeta_DATA;
MPRINT(EM_DIAGRAM):    data EMWS1.Ids_CMeta_DATA;
18959      set EMWS1.Ids_VariableSet;
MPRINT(EM_DIAGRAM):   set EMWS1.Ids_VariableSet;
18960      drop DROP;
MPRINT(EM_DIAGRAM):   drop DROP;
18961      where DROP='N';
MPRINT(EM_DIAGRAM):   where DROP='N';
18962      run;
MPRINT(EM_DIAGRAM):   run;

NOTE: There were 13 observations read from the data set EMWS1.IDS_VARIABLESET.
      WHERE DROP='N';
NOTE: The data set EMWS1.IDS_CMETA_DATA has 13 observations and 20 variables.
NOTE: DATA statement used (Total process time):
      real time           0.00 seconds
      cpu time            0.00 seconds
      

NOTE: Data file JOSE.HMEQ.DATA is in a format that is native to another host, or the file encoding does not match the session encoding. Cross Environment Data Access will be used, which might require additional CPU resources and might reduce performance.
MPRINT(EM_DIAGRAM):    proc printto;
MPRINT(EM_DIAGRAM):   run;
