 
                                                                                                                                                                                                                                                                
 
 
Estadísticos de ajuste

Target=BAD Etiqueta target=' '

Estadísticos
 de ajuste      Etiqueta de estadísticos          Entrenamiento    Validación     Prueba

  _AIC_         Akaike's Information Criterion       3130.00             .           .  
  _ASE_         Average Squared Error                   0.16            0.16        0.16
  _AVERR_       Average Error Function                  0.51            0.53        0.51
  _DFE_         Degrees of Freedom for Error         2944.00             .           .  
  _DFM_         Model Degrees of Freedom               35.00             .           .  
  _DFT_         Total Degrees of Freedom             2979.00             .           .  
  _DIV_         Divisor for ASE                      5958.00         3576.00     2386.00
  _ERR_         Error Function                       3060.00         1912.05     1226.26
  _FPE_         Final Prediction Error                  0.16             .           .  
  _MAX_         Maximum Absolute Error                  1.00            1.00        1.00
  _MSE_         Mean Square Error                       0.16            0.16        0.16
  _NOBS_        Sum of Frequencies                   2979.00         1788.00     1193.00
  _NW_          Number of Estimate Weights             35.00             .           .  
  _RASE_        Root Average Sum of Squares             0.40            0.40        0.40
  _RFPE_        Root Final Prediction Error             0.40             .           .  
  _RMSE_        Root Mean Squared Error                 0.40            0.40        0.40
  _SBC_         Schwarz's Bayesian Criterion         3339.98             .           .  
  _SSE_         Sum of Squared Errors                 935.22          585.06      375.16
  _SUMW_        Sum of Case Weights Times Freq       5958.00         3576.00     2386.00
  _MISC_        Misclassification Rate                  0.19            0.19        0.18
 
                                                                                                                                                                                                                                                                
 
 
Tabla de clasificación

Rol de los datos=TRAIN Variable target=BAD Etiqueta target=' '

                       Porcentaje    Porcentaje     Número de     Porcentaje
Target    Resultado    del target     resultado    ocurrencias       total

  0           0          81.3206       99.6646         2377         79.7919 
  1           0          18.6794       91.9192          546         18.3283 
  0           1          14.2857        0.3354            8          0.2685 
  1           1          85.7143        8.0808           48          1.6113 


Rol de los datos=VALIDATE Variable target=BAD Etiqueta target=' '

                       Porcentaje    Porcentaje     Número de     Porcentaje
Target    Resultado    del target     resultado    ocurrencias       total

  0           0          80.8523       99.4410         1423         79.5861 
  1           0          19.1477       94.3978          337         18.8479 
  0           1          28.5714        0.5590            8          0.4474 
  1           1          71.4286        5.6022           20          1.1186 
 
                                                                                                                                                                                                                                                                
 
 
Tabla de evento de clasificación

Rol de los datos=TRAIN Target=BAD Etiqueta target=' '

  Falso     Verdadero      Falso     Verdadero
negativo     negativo    positivo     positivo

   546         2377          8           48   


Rol de los datos=VALIDATE Target=BAD Etiqueta target=' '

  Falso     Verdadero      Falso     Verdadero
negativo     negativo    positivo     positivo

   337         1423          8           20   
 
                                                                                                                                                                                                                                                                
 
 
Clasificaciones de puntuación de evaluación

Rol de los datos=TRAIN Variable target=BAD Etiqueta target=' '

                                                                Respuesta                     Probabilidad
                                        Mejora     Respuesta        %          Número de      posterior de
Profundidad    Ganancia     Mejora    acumulada        %        acumulada    observaciones      la media

      5         169.270    2.69270     2.69270      53.6913      53.6913          149            0.49952  
     10          75.025    0.80781     1.75025      16.1074      34.8993          149            0.16837  
     15          36.879    0.60586     1.36879      12.0805      27.2931          149            0.11043  
     20          43.394    1.62941     1.43394      32.4898      28.5922          149            0.08784  
     25          56.739    2.10115     1.56739      41.8960      31.2530          149            0.08693  
     30          65.635    2.10115     1.65635      41.8960      33.0268          149            0.08693  
     35          71.989    2.10115     1.71989      41.8960      34.2939          149            0.08693  
     40          76.755    2.10115     1.76755      41.8960      35.2441          149            0.08693  
     45          80.461    2.10115     1.80461      41.8960      35.9832          149            0.08693  
     50          81.421    1.90053     1.81421      37.8959      36.1745          149            0.08681  
     55          69.212    0.47122     1.69212       9.3960      33.7401          149            0.07435  
     60          56.794    0.20195     1.56794       4.0268      31.2640          149            0.05960  
     65          46.027    0.16829     1.46027       3.3557      29.1172          149            0.04866  
     70          38.241    0.37025     1.38241       7.3826      27.5647          149            0.03995  
     75          29.698    0.10098     1.29698       2.0134      25.8613          149            0.03346  
     80          22.644    0.16829     1.22644       3.3557      24.4547          149            0.02797  
     85          15.826    0.06732     1.15826       1.3423      23.0951          149            0.02254  
     90           9.391    0.00000     1.09391       0.0000      21.8121          149            0.01666  
     95           3.633    0.00000     1.03633       0.0000      20.6641          149            0.01150  
    100           0.000    0.30498     1.00000       6.0811      19.9396          148            0.00528  


Rol de los datos=VALIDATE Variable target=BAD Etiqueta target=' '

                                                                Respuesta                     Probabilidad
                                        Mejora     Respuesta        %          Número de      posterior de
Profundidad    Ganancia     Mejora    acumulada        %        acumulada    observaciones      la media

      5         111.466    2.11466     2.11466      42.2222      42.2222           90            0.45803  
     10          28.708    0.45019     1.28708       8.9888      25.6983           89            0.16983  
     15           3.183    0.33389     0.96817       6.6667      19.3309           90            0.10743  
     20          17.045    1.78184     1.17045      35.5770      23.3697           89            0.08744  
     25          34.262    2.03516     1.34262      40.6349      26.8073           89            0.08693  
     30          45.869    2.03516     1.45869      40.6349      29.1248           90            0.08693  
     35          54.064    2.03516     1.54064      40.6349      30.7612           89            0.08693  
     40          60.280    2.03516     1.60280      40.6349      32.0023           90            0.08693  
     45          65.061    2.03516     1.65061      40.6349      32.9567           89            0.08693  
     50          68.889    2.03516     1.68889      40.6349      33.7211           89            0.08693  
     55          60.330    0.75312     1.60330      15.0370      32.0122           90            0.08107  
     60          49.832    0.33765     1.49832       6.7416      29.9161           89            0.06623  
     65          42.113    0.50084     1.42113      10.0000      28.3749           90            0.05426  
     70          33.611    0.22510     1.33611       4.4944      26.6773           89            0.04509  
     75          25.864    0.16882     1.25864       3.3708      25.1305           89            0.03719  
     80          20.048    0.33389     1.20048       6.6667      23.9693           90            0.02943  
     85          14.666    0.28137     1.14666       5.6180      22.8947           89            0.02264  
     90           9.189    0.16695     1.09189       3.3333      21.8012           90            0.01712  
     95           4.354    0.16882     1.04354       3.3708      20.8358           89            0.01109  
    100           0.000    0.16882     1.00000       3.3708      19.9664           89            0.00421  
 
                                                                                                                                                                                                                                                                
 
 
Distribución de puntuación de evaluación

Rol de los datos=TRAIN Variable target=BAD Etiqueta target=' '

Rango de la      Número                  Probabilidad
probabilidad       de       Número de    posterior de
 posterior      eventos    no eventos      la media      Porcentaje

 0.95-1.00         26            0          0.99668         0.8728 
 0.90-0.95          2            0          0.93619         0.0671 
 0.85-0.90          1            0          0.85486         0.0336 
 0.75-0.80          1            0          0.76072         0.0336 
 0.70-0.75          3            0          0.72591         0.1007 
 0.65-0.70          5            3          0.67567         0.2685 
 0.60-0.65          1            1          0.62116         0.0671 
 0.55-0.60          4            2          0.57179         0.2014 
 0.50-0.55          5            2          0.51710         0.2350 
 0.45-0.50          1            3          0.46524         0.1343 
 0.40-0.45          3            2          0.42098         0.1678 
 0.35-0.40          8            8          0.37628         0.5371 
 0.30-0.35          7           15          0.32578         0.7385 
 0.25-0.30          7           23          0.27527         1.0070 
 0.20-0.25          7           29          0.21976         1.2085 
 0.15-0.20         18           67          0.17294         2.8533 
 0.10-0.15         18          138          0.12239         5.2367 
 0.05-0.10        443          991          0.08174        48.1370 
 0.00-0.05         34         1101          0.02449        38.1000 


Rol de los datos=VALIDATE Variable target=BAD Etiqueta target=' '

Rango de la      Número                  Probabilidad
probabilidad       de       Número de    posterior de
 posterior      eventos    no eventos      la media      Porcentaje

 0.95-1.00          7            0          0.99106         0.3915 
 0.80-0.85          1            0          0.82031         0.0559 
 0.75-0.80          1            0          0.77740         0.0559 
 0.70-0.75          4            0          0.71411         0.2237 
 0.65-0.70          2            2          0.66271         0.2237 
 0.60-0.65          1            4          0.62308         0.2796 
 0.55-0.60          1            1          0.57472         0.1119 
 0.50-0.55          3            1          0.52535         0.2237 
 0.45-0.50          5            3          0.47372         0.4474 
 0.40-0.45          2            5          0.41329         0.3915 
 0.35-0.40          5            6          0.37306         0.6152 
 0.30-0.35          2            5          0.32895         0.3915 
 0.25-0.30          4           16          0.27787         1.1186 
 0.20-0.25          1           25          0.22544         1.4541 
 0.15-0.20          5           35          0.17436         2.2371 
 0.10-0.15          6           83          0.12323         4.9776 
 0.05-0.10        280          640          0.08180        51.4541 
 0.00-0.05         27          605          0.02411        35.3468 
