 
                                                                                                                                                                                                                                                                
 
 
Summary Statistics for Class Targets

Data=DATA

            Numeric    Formatted    Frequency
Variable     Value       Value        Count      Percent    Label

  BAD          0           0           4771      80.0503         
  BAD          1           1           1189      19.9497         


Data=TEST

            Numeric    Formatted    Frequency
Variable     Value       Value        Count      Percent    Label

  BAD          0           0           955       80.0503         
  BAD          1           1           238       19.9497         


Data=TRAIN

            Numeric    Formatted    Frequency
Variable     Value       Value        Count      Percent    Label

  BAD          0           0           2385      80.0604         
  BAD          1           1            594      19.9396         


Data=VALIDATE

            Numeric    Formatted    Frequency
Variable     Value       Value        Count      Percent    Label

  BAD          0           0           1431      80.0336         
  BAD          1           1            357      19.9664         
