MPRINT(EM_DIAGRAM):    data _null_;
MPRINT(EM_DIAGRAM):   call symput('NLDATE', strip(put(date(), NLDATE.)));
MPRINT(EM_DIAGRAM):   call symput('NLTIME', strip(put(datetime(), NLTIME.)));
MPRINT(EM_DIAGRAM):   run;
MPRINT(EM_DIAGRAM):   data _null_;
MPRINT(EM_DIAGRAM):   nldate= sasmsg("sashelp.dmine", "log_date_note", 'N', "15 March 2021" );
MPRINT(EM_DIAGRAM):   nltime= sasmsg("sashelp.dmine", "log_time_note", 'N', "23:50:09" );
MPRINT(EM_DIAGRAM):   put "*------------------------------------------------------------*";
MPRINT(EM_DIAGRAM):   put "* Training Log";
MPRINT(EM_DIAGRAM):   put nldate;
MPRINT(EM_DIAGRAM):   put nltime;
MPRINT(EM_DIAGRAM):   put "*------------------------------------------------------------*";
MPRINT(EM_DIAGRAM):   run;
*------------------------------------------------------------*
* Training Log
Date:                15 March 2021
Time:                23:50:09
*------------------------------------------------------------*
MPRINT(EM_DIAGRAM):    filename O22OQOY4 "C:\Jose\DM_ang\Workspaces\EMWS4\Part\EMTRAIN.out" encoding="UTF-8" NOBOM;
MPRINT(EM_DIAGRAM):   proc printto print=O22OQOY4 new;
MPRINT(EM_DIAGRAM):   run;
MPRINT(EM_DIAGRAM):    filename _LOG "C:\Jose\DM_ang\Workspaces\EMWS4\Part\EMLOG.log" encoding="UTF-8" NOBOM;
MPRINT(EM_DIAGRAM):    data _null_;
MPRINT(EM_DIAGRAM):   call symput('NLDATE', strip(put(date(), NLDATE.)));
MPRINT(EM_DIAGRAM):   call symput('NLTIME', strip(put(datetime(), NLTIME.)));
MPRINT(EM_DIAGRAM):   run;
MPRINT(EM_DIAGRAM):   data _null_;
MPRINT(EM_DIAGRAM):   nldate= sasmsg("sashelp.dmine", "log_date_note", 'N', "15 March 2021" );
MPRINT(EM_DIAGRAM):   nltime= sasmsg("sashelp.dmine", "log_time_note", 'N', "23:50:10" );
MPRINT(EM_DIAGRAM):   file _LOG;
MPRINT(EM_DIAGRAM):   put "*------------------------------------------------------------*";
MPRINT(EM_DIAGRAM):   put "User:                Jose Caloca";
MPRINT(EM_DIAGRAM):   put nldate;
MPRINT(EM_DIAGRAM):   put nltime;
MPRINT(EM_DIAGRAM):   put "Site:                70115216";
MPRINT(EM_DIAGRAM):   put "Platform:            X64_10PRO";
MPRINT(EM_DIAGRAM):   put "Maintenance Release: 9.04.01M6P111518";
MPRINT(EM_DIAGRAM):   put "EM Version:          15.1";
MPRINT(EM_DIAGRAM):   put "* ";
MPRINT(EM_DIAGRAM):   run;
MPRINT(EM_DIAGRAM):    filename _LOGIN "C:\Jose\DM_ang\Workspaces\EMWS4\Part\EMTRAIN.log" encoding="UTF-8" NOBOM;
MPRINT(EM_COPYFILE):   data _null_;
MPRINT(EM_COPYFILE):   length line $20000;
MPRINT(EM_COPYFILE):   file _LOG MOD lrecl=20000;
MPRINT(EM_COPYFILE):   fid=fopen("_LOGIN",'i',20000,'v');
MPRINT(EM_COPYFILE):   if fid > 0 then do;
MPRINT(EM_COPYFILE):   do while(^fread(fid));
MPRINT(EM_COPYFILE):   rlen = frlen(fid);
MPRINT(EM_COPYFILE):   rc= fget(fid,line,20000);
MPRINT(EM_COPYFILE):   start = length(line)-length(left(line))+1;
MPRINT(EM_COPYFILE):   line=strip(line);
MPRINT(EM_COPYFILE):   put @start line;
MPRINT(EM_COPYFILE):   end;
MPRINT(EM_COPYFILE):   if fid > 0 then rc=fclose(fid);
MPRINT(EM_COPYFILE):   end;
MPRINT(EM_COPYFILE):   run;
MPRINT(EM_DIAGRAM):  ;
MPRINT(EM_DIAGRAM):   filename _LOGIN;
MPRINT(EM_DIAGRAM):    data _null_;
MPRINT(EM_DIAGRAM):   file _LOG mod;
MPRINT(EM_DIAGRAM):   put _page_;
MPRINT(EM_DIAGRAM):   run;
MPRINT(EM_DIAGRAM):   filename _LOGIN "C:\Jose\DM_ang\Workspaces\EMWS4\Part\EMSCORE.log" encoding="UTF-8" NOBOM;
MPRINT(EM_DIAGRAM):  ;
MPRINT(EM_DIAGRAM):   data _null_;
MPRINT(EM_DIAGRAM):   file _LOG mod;
MPRINT(EM_DIAGRAM):   put _page_;
MPRINT(EM_DIAGRAM):   run;
MPRINT(EM_DIAGRAM):    filename _LOGIN "C:\Jose\DM_ang\Workspaces\EMWS4\Part\EMREPORT.log" encoding="UTF-8" NOBOM;
MPRINT(EM_DIAGRAM):  ;
MPRINT(EM_DIAGRAM):   filename _LOGIN;
MPRINT(EM_DIAGRAM):    filename _LOG;
MPRINT(EM_DIAGRAM):    filename _OUT "C:\Jose\DM_ang\Workspaces\EMWS4\Part\EMOUTPUT.out" encoding="UTF-8" NOBOM;
MPRINT(EM_DIAGRAM):    data _null_;
MPRINT(EM_DIAGRAM):   call symput('NLDATE', strip(put(date(), NLDATE.)));
MPRINT(EM_DIAGRAM):   call symput('NLTIME', strip(put(datetime(), NLTIME.)));
MPRINT(EM_DIAGRAM):   run;
MPRINT(EM_DIAGRAM):   data _null_;
MPRINT(EM_DIAGRAM):   nldate= sasmsg("sashelp.dmine", "log_date_note", 'N', "15 March 2021" );
MPRINT(EM_DIAGRAM):   nltime= sasmsg("sashelp.dmine", "log_time_note", 'N', "23:50:10" );
MPRINT(EM_DIAGRAM):   file _OUT;
MPRINT(EM_DIAGRAM):   put "*------------------------------------------------------------*";
MPRINT(EM_DIAGRAM):   put "User:                Jose Caloca";
MPRINT(EM_DIAGRAM):   put nldate;
MPRINT(EM_DIAGRAM):   put nltime;
MPRINT(EM_DIAGRAM):   put "*------------------------------------------------------------*";
MPRINT(EM_DIAGRAM):   put "* Training Output";
MPRINT(EM_DIAGRAM):   put "*------------------------------------------------------------*";
MPRINT(EM_DIAGRAM):   run;
MPRINT(EM_DIAGRAM):    filename _OUTIN "C:\Jose\DM_ang\Workspaces\EMWS4\Part\EMTRAIN.out" encoding="UTF-8" NOBOM;
MPRINT(EM_DIAGRAM):   ;
MPRINT(EM_COPYFILE):   data _null_;
MPRINT(EM_COPYFILE):   length line $20000;
MPRINT(EM_COPYFILE):   file _OUT MOD lrecl=20000;
MPRINT(EM_COPYFILE):   fid=fopen("_OUTIN",'i',20000,'v');
MPRINT(EM_COPYFILE):   if fid > 0 then do;
MPRINT(EM_COPYFILE):   do while(^fread(fid));
MPRINT(EM_COPYFILE):   rlen = frlen(fid);
MPRINT(EM_COPYFILE):   rc= fget(fid,line,20000);
MPRINT(EM_COPYFILE):   start = length(line)-length(left(line))+1;
MPRINT(EM_COPYFILE):   line=strip(line);
MPRINT(EM_COPYFILE):   put @start line;
MPRINT(EM_COPYFILE):   end;
MPRINT(EM_COPYFILE):   if fid > 0 then rc=fclose(fid);
MPRINT(EM_COPYFILE):   end;
MPRINT(EM_COPYFILE):   run;
MPRINT(EM_DIAGRAM):  ;
MPRINT(EM_DIAGRAM):   filename _OUTIN;
MPRINT(EM_DIAGRAM):    data _null_;
MPRINT(EM_DIAGRAM):   file _OUT mod;
MPRINT(EM_DIAGRAM):   put _page_;
MPRINT(EM_DIAGRAM):   put // "*------------------------------------------------------------*";
MPRINT(EM_DIAGRAM):   put "* Score Output";
MPRINT(EM_DIAGRAM):   put "*------------------------------------------------------------*";
MPRINT(EM_DIAGRAM):   run;
MPRINT(EM_DIAGRAM):    filename _OUTIN "C:\Jose\DM_ang\Workspaces\EMWS4\Part\EMSCORE.out" encoding="UTF-8" NOBOM;
MPRINT(EM_DIAGRAM):  ;
MPRINT(EM_DIAGRAM):   filename _OUTIN;
MPRINT(EM_DIAGRAM):    data _null_;
MPRINT(EM_DIAGRAM):   file _OUT mod;
MPRINT(EM_DIAGRAM):   put _page_;
MPRINT(EM_DIAGRAM):   put // "*------------------------------------------------------------*";
MPRINT(EM_DIAGRAM):   put "* Report Output";
MPRINT(EM_DIAGRAM):   put "*------------------------------------------------------------*";
MPRINT(EM_DIAGRAM):   run;
MPRINT(EM_DIAGRAM):    filename _OUTIN "C:\Jose\DM_ang\Workspaces\EMWS4\Part\EMREPORT.out" encoding="UTF-8" NOBOM;
MPRINT(EM_DIAGRAM):  ;
MPRINT(EM_DIAGRAM):   filename _OUTIN;
MPRINT(EM_DIAGRAM):    filename _OUT;
MPRINT(EM_DIAGRAM):    filename _emtool_ 'C:\Jose\DM_ang\Workspaces\EMWS4\Part\EMRUNSTATUS.xml' encoding="UTF-8" NOBOM;
MPRINT(EM_DIAGRAM):    filename _emtool_ 'C:\Jose\DM_ang\Workspaces\EMWS4\Part\EMRUNSTATUS.xml' encoding="UTF-8" NOBOM;
27947      proc freq data=EMWS4.Part_VariableSet noprint;
MPRINT(EM_DIAGRAM):    proc freq data=EMWS4.Part_VariableSet noprint;
27948      table ROLE*LEVEL/out=WORK.PartMETA;
MPRINT(EM_DIAGRAM):   table ROLE*LEVEL/out=WORK.PartMETA;
27949      run;
MPRINT(EM_DIAGRAM):   run;

NOTE: There were 13 observations read from the data set EMWS4.PART_VARIABLESET.
NOTE: The data set WORK.PARTMETA has 4 observations and 4 variables.
NOTE: PROCEDURE FREQ used (Total process time):
      real time           0.05 seconds
      cpu time            0.00 seconds
      

27950      proc print data=WORK.PartMETA label noobs;
MPRINT(EM_DIAGRAM):   proc print data=WORK.PartMETA label noobs;
27951      var ROLE LEVEL COUNT;
MPRINT(EM_DIAGRAM):   var ROLE LEVEL COUNT;
27952      label ROLE = "%sysfunc(sasmsg(sashelp.dmine, meta_role_vlabel, NOQUOTE))" LEVEL = "%sysfunc(sasmsg(sashelp.dmine, meta_level_vlabel, NOQUOTE))" COUNT = "%sysfunc(sasmsg(sashelp.dmine, rpt_count_vlabel, NOQUOTE))";
MPRINT(EM_DIAGRAM):   label ROLE = "Role" LEVEL = "Measurement Level" COUNT = "Frequency Count";
27953      title9 ' ';
MPRINT(EM_DIAGRAM):   title9 ' ';
27954      title10 "%sysfunc(sasmsg(sashelp.dmine, rpt_varSummary_title  , NOQUOTE))";
MPRINT(EM_DIAGRAM):   title10 "Variable Summary";
MPRINT(EM_DIAGRAM):   run;
27955      run;

NOTE: There were 4 observations read from the data set WORK.PARTMETA.
NOTE: The PROCEDURE PRINT printed page 4.
NOTE: PROCEDURE PRINT used (Total process time):
      real time           0.00 seconds
      cpu time            0.01 seconds
      

27956      title10;
MPRINT(EM_DIAGRAM):   title10;
MPRINT(EM_DIAGRAM):    *------------------------------------------------------------*;
MPRINT(EM_DIAGRAM):   * Part: Preparing metadata for Training;
MPRINT(EM_DIAGRAM):   *------------------------------------------------------------*;
MPRINT(EM_DIAGRAM):   data WORK.M255VQKS;
MPRINT(EM_DIAGRAM):   set WORK.M255VQKS;
MPRINT(EM_DIAGRAM):   where(PARTITIONROLE ne '' or ROLE='TARGET');
MPRINT(EM_DIAGRAM):   run;
trainPct=50 validatePct=30 testPct=20 
NOTE: Data file JOSE.HMEQ.DATA is in a format that is native to another host, or the file encoding does not match the session encoding. Cross Environment Data Access will be used, which might require additional CPU resources and might reduce performance.
NOTE: View EMWS4.IDS_DATA.VIEW used (Total process time):
      real time           0.02 seconds
      cpu time            0.03 seconds
      
27964      *------------------------------------------------------------*;
MPRINT(EM_DIAGRAM):    *------------------------------------------------------------*;
27965      * Part: Retrieving stratification variable(s) levels;
MPRINT(EM_DIAGRAM):   * Part: Retrieving stratification variable(s) levels;
27966      *------------------------------------------------------------*;
MPRINT(EM_DIAGRAM):   *------------------------------------------------------------*;
27967      proc freq data=EMWS4.Ids_DATA noprint;
NOTE: Data file JOSE.HMEQ.DATA is in a format that is native to another host, or the file encoding does not match the session encoding. Cross Environment Data Access will be used, which might require additional CPU resources and might reduce performance.
MPRINT(EM_DIAGRAM):   proc freq data=EMWS4.Ids_DATA noprint;
27968      table
27969      BAD
27970      /out=WORK.Part_FREQ(drop=percent);
MPRINT(EM_DIAGRAM):   table BAD /out=WORK.Part_FREQ(drop=percent);
27971      run;
MPRINT(EM_DIAGRAM):   run;

NOTE: View EMWS4.IDS_DATA.VIEW used (Total process time):
      real time           0.03 seconds
      cpu time            0.01 seconds
      
NOTE: There were 5960 observations read from the data set JOSE.HMEQ.
NOTE: There were 5960 observations read from the data set EMWS4.IDS_DATA.
NOTE: The data set WORK.PART_FREQ has 2 observations and 2 variables.
NOTE: PROCEDURE FREQ used (Total process time):
      real time           0.04 seconds
      cpu time            0.01 seconds
      

27972      proc sort data=WORK.Part_FREQ;
MPRINT(EM_DIAGRAM):    proc sort data=WORK.Part_FREQ;
27973      by descending count;
MPRINT(EM_DIAGRAM):   by descending count;
27974      run;
MPRINT(EM_DIAGRAM):   run;

NOTE: There were 2 observations read from the data set WORK.PART_FREQ.
NOTE: The data set WORK.PART_FREQ has 2 observations and 2 variables.
NOTE: PROCEDURE SORT used (Total process time):
      real time           0.00 seconds
      cpu time            0.00 seconds
      

MPRINT(EM_DIAGRAM):   * Part: Retrieving levels that meet minimum requirement;
27975      * Part: Retrieving levels that meet minimum requirement;
27976      data WORK.Part_FREQ2(keep = count);
MPRINT(EM_DIAGRAM):   data WORK.Part_FREQ2(keep = count);
27977      set WORK.Part_FREQ;
MPRINT(EM_DIAGRAM):   set WORK.Part_FREQ;
27978      where (.01 * 50 * count) >= 3;
MPRINT(EM_DIAGRAM):   where (.01 * 50 * count) >= 3;
27979      run;
MPRINT(EM_DIAGRAM):   run;

NOTE: There were 2 observations read from the data set WORK.PART_FREQ.
      WHERE (0.5*count)>=3;
NOTE: The data set WORK.PART_FREQ2 has 2 observations and 1 variables.
NOTE: DATA statement used (Total process time):
      real time           0.00 seconds
      cpu time            0.00 seconds
      

27980      *------------------------------------------------------------*;
MPRINT(EM_DIAGRAM):    *------------------------------------------------------------*;
27981      * Part: Create stratified partitioning;
MPRINT(EM_DIAGRAM):   * Part: Create stratified partitioning;
27982      *------------------------------------------------------------*;
MPRINT(EM_DIAGRAM):   *------------------------------------------------------------*;
27983      data
27984      EMWS4.Part_TRAIN(label="")
27985      EMWS4.Part_VALIDATE(label="")
27986      EMWS4.Part_TEST(label="")
27987      ;
MPRINT(EM_DIAGRAM):   data EMWS4.Part_TRAIN(label="") EMWS4.PART_VALIDATE(label="") EMWS4.PART_TEST(label="") ;
27988      retain _seed_ 12345;
MPRINT(EM_DIAGRAM):   retain _seed_ 12345;
27989      drop _seed_ _genvalue_;
MPRINT(EM_DIAGRAM):   drop _seed_ _genvalue_;
27990      call ranuni(_seed_, _genvalue_);
MPRINT(EM_DIAGRAM):   call ranuni(_seed_, _genvalue_);
27991      label _dataobs_ = "%sysfunc(sasmsg(sashelp.dmine, sample_dataobs_vlabel, NOQUOTE))";
MPRINT(EM_DIAGRAM):   label _dataobs_ = "Observation Number";
27992      _dataobs_ = _N_;
MPRINT(EM_DIAGRAM):   _dataobs_ = _N_;
27993      drop _c00:;
MPRINT(EM_DIAGRAM):   drop _c00:;
27994      set EMWS4.Ids_DATA;
MPRINT(EM_DIAGRAM):   set EMWS4.Ids_DATA;
NOTE: Data file JOSE.HMEQ.DATA is in a format that is native to another host, or the file encoding does not match the session encoding. Cross Environment Data Access will be used, which might require additional CPU resources and might reduce performance.
27995      if
27996      BAD = 0
27997      then do;
MPRINT(EM_DIAGRAM):   if BAD = 0 then do;
27998      if (4771+1-_C000004)*_genvalue_ <= (2386 - _C000001) then do;
MPRINT(EM_DIAGRAM):   if (4771+1-_C000004)*_genvalue_ <= (2386 - _C000001) then do;
27999      _C000001 + 1;
MPRINT(EM_DIAGRAM):   _C000001 + 1;
28000      output EMWS4.Part_TRAIN;
MPRINT(EM_DIAGRAM):   output EMWS4.Part_TRAIN;
28001      end;
MPRINT(EM_DIAGRAM):   end;
28002      else do;
MPRINT(EM_DIAGRAM):   else do;
28003      if (4771+1-_C000004)*_genvalue_ <= (2386 - _C000001 + 1431 - _C000002) then do;
MPRINT(EM_DIAGRAM):   if (4771+1-_C000004)*_genvalue_ <= (2386 - _C000001 + 1431 - _C000002) then do;
28004      _C000002 + 1;
MPRINT(EM_DIAGRAM):   _C000002 + 1;
28005      output EMWS4.Part_VALIDATE;
MPRINT(EM_DIAGRAM):   output EMWS4.Part_VALIDATE;
28006      end;
MPRINT(EM_DIAGRAM):   end;
28007      else do;
MPRINT(EM_DIAGRAM):   else do;
28008      _C000003 + 1;
MPRINT(EM_DIAGRAM):   _C000003 + 1;
28009      output EMWS4.Part_TEST;
MPRINT(EM_DIAGRAM):   output EMWS4.Part_TEST;
28010      end;
MPRINT(EM_DIAGRAM):   end;
28011      end;
MPRINT(EM_DIAGRAM):   end;
28012      _C000004+1;
MPRINT(EM_DIAGRAM):   _C000004+1;
28013      end;
MPRINT(EM_DIAGRAM):   end;
28014      else if
28015      BAD = 1
28016      then do;
MPRINT(EM_DIAGRAM):   else if BAD = 1 then do;
28017      if (1189+1-_C000008)*_genvalue_ <= (595 - _C000005) then do;
MPRINT(EM_DIAGRAM):   if (1189+1-_C000008)*_genvalue_ <= (595 - _C000005) then do;
28018      _C000005 + 1;
MPRINT(EM_DIAGRAM):   _C000005 + 1;
28019      output EMWS4.Part_TRAIN;
MPRINT(EM_DIAGRAM):   output EMWS4.Part_TRAIN;
28020      end;
MPRINT(EM_DIAGRAM):   end;
28021      else do;
MPRINT(EM_DIAGRAM):   else do;
28022      if (1189+1-_C000008)*_genvalue_ <= (595 - _C000005 + 357 - _C000006) then do;
MPRINT(EM_DIAGRAM):   if (1189+1-_C000008)*_genvalue_ <= (595 - _C000005 + 357 - _C000006) then do;
28023      _C000006 + 1;
MPRINT(EM_DIAGRAM):   _C000006 + 1;
28024      output EMWS4.Part_VALIDATE;
MPRINT(EM_DIAGRAM):   output EMWS4.Part_VALIDATE;
28025      end;
MPRINT(EM_DIAGRAM):   end;
28026      else do;
MPRINT(EM_DIAGRAM):   else do;
28027      _C000007 + 1;
MPRINT(EM_DIAGRAM):   _C000007 + 1;
28028      output EMWS4.Part_TEST;
MPRINT(EM_DIAGRAM):   output EMWS4.Part_TEST;
28029      end;
MPRINT(EM_DIAGRAM):   end;
28030      end;
MPRINT(EM_DIAGRAM):   end;
28031      _C000008+1;
MPRINT(EM_DIAGRAM):   _C000008+1;
28032      end;
MPRINT(EM_DIAGRAM):   end;
28033      run;
MPRINT(EM_DIAGRAM):   run;

NOTE: View EMWS4.IDS_DATA.VIEW used (Total process time):
      real time           0.03 seconds
      cpu time            0.03 seconds
      
NOTE: There were 5960 observations read from the data set JOSE.HMEQ.
NOTE: There were 5960 observations read from the data set EMWS4.IDS_DATA.
NOTE: The data set EMWS4.PART_TRAIN has 2979 observations and 14 variables.
NOTE: The data set EMWS4.PART_VALIDATE has 1788 observations and 14 variables.
NOTE: The data set EMWS4.PART_TEST has 1193 observations and 14 variables.
NOTE: DATA statement used (Total process time):
      real time           0.05 seconds
      cpu time            0.03 seconds
      

28034      data _tempNobs;
MPRINT(EM_DIAGRAM):    data _tempNobs;
28035      length Type $8 Table $32 Nobs 8;
MPRINT(EM_DIAGRAM):   length Type $8 Table $32 Nobs 8;
28036      label type= "%sysfunc(sasmsg(sashelp.dmine, meta_type_vlabel,    NOQUOTE))" table = "%sysfunc(sasmsg(sashelp.dmine, meta_dataset_vlabel, NOQUOTE))" nobs = "%sysfunc(sasmsg(sashelp.dmine,  rpt_numObs_vlabel,   NOQUOTE))";
MPRINT(EM_DIAGRAM):   label type= "Type" table = "Data Set" nobs = "Number of Observations";
28037      type='DATA';
MPRINT(EM_DIAGRAM):   type='DATA';
28038      table="EMWS4.Ids_DATA";
MPRINT(EM_DIAGRAM):   table="EMWS4.Ids_DATA";
28039      Nobs=5960;
MPRINT(EM_DIAGRAM):   Nobs=5960;
28040      output;
MPRINT(EM_DIAGRAM):   output;
28041      type='TRAIN';
MPRINT(EM_DIAGRAM):   type='TRAIN';
28042      table="EMWS4.Part_TRAIN";
MPRINT(EM_DIAGRAM):   table="EMWS4.Part_TRAIN";
28043      Nobs=2979;
MPRINT(EM_DIAGRAM):   Nobs=2979;
28044      output;
MPRINT(EM_DIAGRAM):   output;
28045      type='VALIDATE';
MPRINT(EM_DIAGRAM):   type='VALIDATE';
28046      table="EMWS4.Part_VALIDATE";
MPRINT(EM_DIAGRAM):   table="EMWS4.Part_VALIDATE";
28047      Nobs=1788;
MPRINT(EM_DIAGRAM):   Nobs=1788;
28048      output;
MPRINT(EM_DIAGRAM):   output;
28049      type='TEST';
MPRINT(EM_DIAGRAM):   type='TEST';
28050      table="EMWS4.Part_TEST";
MPRINT(EM_DIAGRAM):   table="EMWS4.Part_TEST";
28051      Nobs=1193;
MPRINT(EM_DIAGRAM):   Nobs=1193;
28052      output;
MPRINT(EM_DIAGRAM):   output;
28053      run;
MPRINT(EM_DIAGRAM):   run;

NOTE: The data set WORK._TEMPNOBS has 4 observations and 3 variables.
NOTE: DATA statement used (Total process time):
      real time           0.00 seconds
      cpu time            0.00 seconds
      

28054      %let _cn = %sysfunc(getoption(CENTER));
28055      %let _nb = %sysfunc(getoption(NUMBER));
28056      options nonumber nocenter;
MPRINT(EM_DIAGRAM):   options nonumber nocenter;
28057      proc print data=_tempNobs noobs label;
MPRINT(EM_DIAGRAM):   proc print data=_tempNobs noobs label;
28058      title9 ' ';
MPRINT(EM_DIAGRAM):   title9 ' ';
28059      title10 "%sysfunc(sasmsg(sashelp.dmine, rpt_partitionSummary_title, NOQUOTE))";
MPRINT(EM_DIAGRAM):   title10 "Partition Summary";
MPRINT(EM_DIAGRAM):   run;
28060      run;

NOTE: There were 4 observations read from the data set WORK._TEMPNOBS.
NOTE: The PROCEDURE PRINT printed page 5.
NOTE: PROCEDURE PRINT used (Total process time):
      real time           0.00 seconds
      cpu time            0.01 seconds
      

28061      title10;
MPRINT(EM_DIAGRAM):   title10;
28062      options &_cn &_nb;
MPRINT(EM_DIAGRAM):   options NOCENTER NONUMBER;
MPRINT(EM_DIAGRAM):   run;
28063      run;

MPRINT(EM_DIAGRAM):    proc printto;
MPRINT(EM_DIAGRAM):   run;
