 
                                                                                                                                                                                                                                                                
 
 
Resumen de variables

          Nivel de     Número de
 Rol       medida     ocurrencias

INPUT     BINARY           1     
INPUT     INTERVAL         7     
INPUT     NOMINAL          4     
TARGET    BINARY           1     
 
                                                                                                                                                                                                                                                                
 
Variables de clase

Obs    NAME      LEVEL        CODE     FREQUENCY    TYPE    CRAW       NRAW    FREQPERCENT    NMISSPERCENT

  1    BAD       1               0           594     N                   1       19.9396         19.9396  
  2    BAD       0               1          2385     N                   0       80.0604         80.0604  
  3    DELINQ    .               1           292     N                   .        9.8019           .      
  4    DELINQ    0               0          2100     N                   0       70.4935         78.1541  
  5    DELINQ    1               3           315     N                   1       10.5740         11.7231  
  6    DELINQ    2               2           114     N                   2        3.8268          4.2426  
  7    DELINQ    3               6            67     N                   3        2.2491          2.4935  
  8    DELINQ    4               7            39     N                   4        1.3092          1.4514  
  9    DELINQ    5               8            17     N                   5        0.5707          0.6327  
 10    DELINQ    6               4            17     N                   6        0.5707          0.6327  
 11    DELINQ    7              10            10     N                   7        0.3357          0.3722  
 12    DELINQ    8               9             3     N                   8        0.1007          0.1116  
 13    DELINQ    10             12             1     N                  10        0.0336          0.0372  
 14    DELINQ    11             13             1     N                  11        0.0336          0.0372  
 15    DELINQ    12             11             1     N                  12        0.0336          0.0372  
 16    DELINQ    13             14             1     N                  13        0.0336          0.0372  
 17    DELINQ    15              5             1     N                  15        0.0336          0.0372  
 18    DEROG     .               1           352     N                   .       11.8160           .      
 19    DEROG     0               0          2276     N                   0       76.4015         86.6388  
 20    DEROG     1               4           210     N                   1        7.0493          7.9939  
 21    DEROG     2               3            82     N                   2        2.7526          3.1214  
 22    DEROG     3               2            29     N                   3        0.9735          1.1039  
 23    DEROG     4               6            10     N                   4        0.3357          0.3807  
 24    DEROG     5               7             8     N                   5        0.2685          0.3045  
 25    DEROG     6              10             3     N                   6        0.1007          0.1142  
 26    DEROG     7               8             3     N                   7        0.1007          0.1142  
 27    DEROG     8               5             3     N                   8        0.1007          0.1142  
 28    DEROG     9              11             1     N                   9        0.0336          0.0381  
 29    DEROG     10              9             2     N                  10        0.0671          0.0761  
 30    JOB                       1           141     C                   .        4.7331           .      
 31    JOB       MGR             3           362     C      Mgr          .       12.1517         12.7555  
 32    JOB       OFFICE          2           498     C      Office       .       16.7170         17.5476  
 33    JOB       OTHER           0          1205     C      Other        .       40.4498         42.4595  
 34    JOB       PROFEXE         5           611     C      ProfExe      .       20.5102         21.5292  
 35    JOB       SALES           6            50     C      Sales        .        1.6784          1.7618  
 36    JOB       SELF            4           112     C      Self         .        3.7597          3.9464  
 37    NINQ      .               1           259     N                   .        8.6942           .      
 38    NINQ      0               2          1288     N                   0       43.2360         47.3529  
 39    NINQ      1               0           668     N                   1       22.4236         24.5588  
 40    NINQ      2               3           365     N                   2       12.2524         13.4191  
 41    NINQ      3               4           208     N                   3        6.9822          7.6471  
 42    NINQ      4               9            71     N                   4        2.3834          2.6103  
 43    NINQ      5               5            38     N                   5        1.2756          1.3971  
 44    NINQ      6              13            23     N                   6        0.7721          0.8456  
 45    NINQ      7              11            21     N                   7        0.7049          0.7721  
 46    NINQ      8              10            12     N                   8        0.4028          0.4412  
 47    NINQ      9               8             6     N                   9        0.2014          0.2206  
 48    NINQ      10              7            10     N                  10        0.3357          0.3676  
 49    NINQ      11             12             7     N                  11        0.2350          0.2574  
 50    NINQ      12             14             1     N                  12        0.0336          0.0368  
 51    NINQ      13             15             1     N                  13        0.0336          0.0368  
 52    NINQ      14              6             1     N                  14        0.0336          0.0368  
 53    REASON                    1           131     C                   .        4.3974           .      
 54    REASON    DEBTCON         2          1956     C      DebtCon      .       65.6596         68.6798  
 55    REASON    HOMEIMP         0           892     C      HomeImp      .       29.9429         31.3202  
 
                                                                                                                                                                                                                                                                
 
Variables de intervalo

Obs    NAME           NMISS            N        MIN          MAX         MEAN         STD    SKEWNESS    KURTOSIS

 1     CLAGE            159         2820       0.00      1168.23       181.15       87.31     1.75259     12.4829
 2     CLNO             117         2862       0.00        65.00        21.28       10.28     0.79135      1.0515
 3     DEBTINC          615         2364       0.52       203.31        33.79        9.01     3.82729     66.8786
 4     LOAN               0         2979    1100.00     89800.00     18684.09    11544.17     2.17922      7.6638
 5     MORTDUE          252         2727    2063.00    399550.00     73574.90    43678.04     1.64662      5.1879
 6     VALUE             54         2925    8000.00    855909.00    102480.62    57975.14     3.40468     30.9023
 7     YOJ              250         2729       0.00        41.00         8.87        7.63     1.02350      0.4802
