*------------------------------------------------------------*
Usuario:                Jose Caloca
Fecha:                14 de marzo de 2021
Hora:                13H51
*------------------------------------------------------------*
* Salida de entrenamiento
*------------------------------------------------------------*
 
 
 
 
Resumen de variables
 
          Nivel de     Número de
Rol        medida     ocurrencias
 
ID        INTERVAL         1
INPUT     BINARY           1
INPUT     INTERVAL         7
INPUT     NOMINAL          4
TARGET    BINARY           1
 
 
 
 
 
       Variable    Variable
Obs     input      de grupo
 
  1    CLAGE       GRP_CLAGE
  2    CLNO        GRP_CLNO
  3    DEBTINC     GRP_DEBTINC
  4    DELINQ      GRP_DELINQ
  5    DEROG       GRP_DEROG
  6    JOB         GRP_JOB
  7    LOAN        GRP_LOAN
  8    MORTDUE     GRP_MORTDUE
  9    NINQ        GRP_NINQ
 10    REASON      GRP_REASON
 11    VALUE       GRP_VALUE
 12    YOJ         GRP_YOJ


*------------------------------------------------------------*
* Salida de puntuación
*------------------------------------------------------------*
 
 
 
                   Estadístico    Nivel para        Rol        Nuevo                             Ordenación
Obs    Variable      de Gini      Interactivo    calculado      rol       Nivel      Etiqueta       Gini
 
  1    DEBTINC        64.213       INTERVAL      Input        Default    INTERVAL                     1
  2    DELINQ         32.654       NOMINAL       Input        Default    NOMINAL                      2
  3    CLAGE          27.279       INTERVAL      Input        Default    INTERVAL                     3
  4    NINQ           23.071       NOMINAL       Input        Default    NOMINAL                      4
  5    DEROG          21.545       NOMINAL       Input        Default    NOMINAL                      5
  6    VALUE          20.553       INTERVAL      Input        Default    INTERVAL                     6
  7    JOB            16.512       NOMINAL       Rejected     Default    NOMINAL                      7
  8    LOAN           12.733       INTERVAL      Rejected     Default    INTERVAL                     8
  9    YOJ            11.014       INTERVAL      Rejected     Default    INTERVAL                     9
 10    MORTDUE        10.686       INTERVAL      Rejected     Default    INTERVAL                    10
 11    CLNO            9.901       INTERVAL      Rejected     Default    INTERVAL                    11
 12    REASON          3.975       BINARY        Rejected     Default    BINARY                      12


*------------------------------------------------------------*
* Salida del informe
*------------------------------------------------------------*
